<?xml version="1.0" encoding="UTF-8"?>
<coverage generated="1780017217014" clover="3.2.0">
  <project timestamp="1780017217014" name="All files">
    <metrics statements="1030" coveredstatements="1030" conditionals="1059" coveredconditionals="1059" methods="260" coveredmethods="260" elements="2349" coveredelements="2349" complexity="0" loc="1030" ncloc="1030" packages="13" files="89" classes="89"/>
    <package name="Composables">
      <metrics statements="142" coveredstatements="142" conditionals="226" coveredconditionals="226" methods="67" coveredmethods="67"/>
      <file name="useDateFormat.ts" path="/home/johnattas/GitHub/engeapp/storage/libs/MaxUse/src/Composables/useDateFormat.ts">
        <metrics statements="4" coveredstatements="4" conditionals="2" coveredconditionals="2" methods="1" coveredmethods="1"/>
        <line num="22" count="2" type="stmt"/>
        <line num="23" count="5" type="cond" truecount="2" falsecount="0"/>
        <line num="24" count="3" type="stmt"/>
        <line num="28" count="2" type="stmt"/>
      </file>
      <file name="useDefaultReset.ts" path="/home/johnattas/GitHub/engeapp/storage/libs/MaxUse/src/Composables/useDefaultReset.ts">
        <metrics statements="16" coveredstatements="16" conditionals="9" coveredconditionals="9" methods="4" coveredmethods="4"/>
        <line num="43" count="10" type="stmt"/>
        <line num="44" count="10" type="stmt"/>
        <line num="46" count="10" type="stmt"/>
        <line num="47" count="17" type="stmt"/>
        <line num="48" count="17" type="cond" truecount="2" falsecount="0"/>
        <line num="49" count="10" type="cond" truecount="2" falsecount="0"/>
        <line num="50" count="10" type="cond" truecount="2" falsecount="0"/>
        <line num="52" count="17" type="stmt"/>
        <line num="55" count="10" type="stmt"/>
        <line num="56" count="10" type="stmt"/>
        <line num="58" count="10" type="cond" truecount="2" falsecount="0"/>
        <line num="59" count="1" type="stmt"/>
        <line num="60" count="1" type="stmt"/>
        <line num="61" count="1" type="stmt"/>
        <line num="67" count="10" type="stmt"/>
        <line num="71" count="2" type="stmt"/>
      </file>
      <file name="useRefCached.ts" path="/home/johnattas/GitHub/engeapp/storage/libs/MaxUse/src/Composables/useRefCached.ts">
        <metrics statements="28" coveredstatements="28" conditionals="14" coveredconditionals="14" methods="6" coveredmethods="6"/>
        <line num="27" count="14" type="cond" truecount="2" falsecount="0"/>
        <line num="29" count="13" type="stmt"/>
        <line num="32" count="13" type="stmt"/>
        <line num="33" count="4" type="cond" truecount="4" falsecount="0"/>
        <line num="35" count="3" type="cond" truecount="2" falsecount="0"/>
        <line num="36" count="2" type="stmt"/>
        <line num="37" count="2" type="stmt"/>
        <line num="39" count="1" type="stmt"/>
        <line num="41" count="1" type="stmt"/>
        <line num="46" count="13" type="stmt"/>
        <line num="47" count="13" type="stmt"/>
        <line num="49" count="13" type="stmt"/>
        <line num="51" count="14" type="cond" truecount="2" falsecount="0"/>
        <line num="54" count="13" type="stmt"/>
        <line num="55" count="13" type="cond" truecount="2" falsecount="0"/>
        <line num="56" count="4" type="stmt"/>
        <line num="57" count="4" type="stmt"/>
        <line num="59" count="1" type="stmt"/>
        <line num="61" count="4" type="stmt"/>
        <line num="64" count="9" type="stmt"/>
        <line num="68" count="13" type="stmt"/>
        <line num="69" count="20" type="cond" truecount="2" falsecount="0"/>
        <line num="70" count="18" type="stmt"/>
        <line num="73" count="13" type="stmt"/>
        <line num="77" count="2" type="stmt"/>
        <line num="79" count="2" type="stmt"/>
        <line num="81" count="2" type="stmt"/>
        <line num="83" count="2" type="stmt"/>
      </file>
      <file name="useRefCachedApi.ts" path="/home/johnattas/GitHub/engeapp/storage/libs/MaxUse/src/Composables/useRefCachedApi.ts">
        <metrics statements="19" coveredstatements="19" conditionals="16" coveredconditionals="16" methods="4" coveredmethods="4"/>
        <line num="33" count="7" type="cond" truecount="2" falsecount="0"/>
        <line num="34" count="7" type="cond" truecount="2" falsecount="0"/>
        <line num="36" count="7" type="stmt"/>
        <line num="38" count="7" type="cond" truecount="2" falsecount="0"/>
        <line num="40" count="7" type="cond" truecount="2" falsecount="0"/>
        <line num="41" count="8" type="stmt"/>
        <line num="43" count="6" type="stmt"/>
        <line num="44" count="2" type="stmt"/>
        <line num="49" count="7" type="cond" truecount="2" falsecount="0"/>
        <line num="50" count="2" type="cond" truecount="3" falsecount="0"/>
        <line num="51" count="2" type="stmt"/>
        <line num="52" count="2" type="cond" truecount="2" falsecount="0"/>
        <line num="53" count="1" type="stmt"/>
        <line num="54" count="1" type="stmt"/>
        <line num="55" count="1" type="stmt"/>
        <line num="60" count="7" type="stmt"/>
        <line num="64" count="2" type="stmt"/>
        <line num="66" count="2" type="stmt"/>
        <line num="68" count="2" type="stmt"/>
      </file>
      <file name="useTimeAgo.ts" path="/home/johnattas/GitHub/engeapp/storage/libs/MaxUse/src/Composables/useTimeAgo.ts">
        <metrics statements="55" coveredstatements="55" conditionals="177" coveredconditionals="177" methods="46" coveredmethods="46"/>
        <line num="8" count="3" type="stmt"/>
        <line num="10" count="16" type="cond" truecount="2" falsecount="0"/>
        <line num="11" count="7" type="cond" truecount="2" falsecount="0"/>
        <line num="12" count="9" type="cond" truecount="6" falsecount="0"/>
        <line num="13" count="9" type="cond" truecount="6" falsecount="0"/>
        <line num="14" count="11" type="cond" truecount="6" falsecount="0"/>
        <line num="15" count="9" type="cond" truecount="6" falsecount="0"/>
        <line num="16" count="9" type="cond" truecount="2" falsecount="0"/>
        <line num="17" count="8" type="cond" truecount="2" falsecount="0"/>
        <line num="18" count="6" type="cond" truecount="2" falsecount="0"/>
        <line num="21" count="3" type="stmt"/>
        <line num="23" count="6" type="cond" truecount="2" falsecount="0"/>
        <line num="24" count="3" type="cond" truecount="2" falsecount="0"/>
        <line num="25" count="7" type="cond" truecount="6" falsecount="0"/>
        <line num="26" count="7" type="cond" truecount="6" falsecount="0"/>
        <line num="27" count="7" type="cond" truecount="6" falsecount="0"/>
        <line num="28" count="8" type="cond" truecount="6" falsecount="0"/>
        <line num="29" count="6" type="cond" truecount="2" falsecount="0"/>
        <line num="30" count="6" type="cond" truecount="2" falsecount="0"/>
        <line num="31" count="6" type="cond" truecount="2" falsecount="0"/>
        <line num="34" count="3" type="stmt"/>
        <line num="36" count="13" type="cond" truecount="2" falsecount="0"/>
        <line num="37" count="5" type="cond" truecount="2" falsecount="0"/>
        <line num="38" count="7" type="cond" truecount="6" falsecount="0"/>
        <line num="39" count="9" type="cond" truecount="6" falsecount="0"/>
        <line num="40" count="10" type="cond" truecount="6" falsecount="0"/>
        <line num="41" count="8" type="cond" truecount="6" falsecount="0"/>
        <line num="42" count="8" type="cond" truecount="2" falsecount="0"/>
        <line num="43" count="8" type="cond" truecount="2" falsecount="0"/>
        <line num="44" count="6" type="cond" truecount="2" falsecount="0"/>
        <line num="47" count="3" type="stmt"/>
        <line num="49" count="13" type="cond" truecount="2" falsecount="0"/>
        <line num="50" count="8" type="cond" truecount="2" falsecount="0"/>
        <line num="51" count="9" type="cond" truecount="6" falsecount="0"/>
        <line num="52" count="9" type="cond" truecount="6" falsecount="0"/>
        <line num="53" count="10" type="cond" truecount="6" falsecount="0"/>
        <line num="54" count="9" type="cond" truecount="6" falsecount="0"/>
        <line num="55" count="9" type="cond" truecount="2" falsecount="0"/>
        <line num="56" count="7" type="cond" truecount="2" falsecount="0"/>
        <line num="57" count="6" type="cond" truecount="2" falsecount="0"/>
        <line num="60" count="3" type="stmt"/>
        <line num="62" count="13" type="cond" truecount="2" falsecount="0"/>
        <line num="63" count="8" type="cond" truecount="2" falsecount="0"/>
        <line num="64" count="9" type="cond" truecount="6" falsecount="0"/>
        <line num="65" count="9" type="cond" truecount="6" falsecount="0"/>
        <line num="66" count="10" type="cond" truecount="6" falsecount="0"/>
        <line num="67" count="9" type="cond" truecount="6" falsecount="0"/>
        <line num="68" count="9" type="cond" truecount="2" falsecount="0"/>
        <line num="69" count="7" type="cond" truecount="2" falsecount="0"/>
        <line num="70" count="6" type="cond" truecount="2" falsecount="0"/>
        <line num="73" count="3" type="stmt"/>
        <line num="107" count="3" type="cond" truecount="1" falsecount="0"/>
        <line num="108" count="90" type="cond" truecount="4" falsecount="0"/>
        <line num="109" count="87" type="cond" truecount="2" falsecount="0"/>
        <line num="113" count="3" type="stmt"/>
      </file>
      <file name="watchTrue.ts" path="/home/johnattas/GitHub/engeapp/storage/libs/MaxUse/src/Composables/watchTrue.ts">
        <metrics statements="20" coveredstatements="20" conditionals="8" coveredconditionals="8" methods="6" coveredmethods="6"/>
        <line num="6" count="2" type="stmt"/>
        <line num="27" count="5" type="stmt"/>
        <line num="28" count="3" type="cond" truecount="2" falsecount="0"/>
        <line num="30" count="2" type="cond" truecount="2" falsecount="0"/>
        <line num="32" count="2" type="stmt"/>
        <line num="35" count="5" type="stmt"/>
        <line num="39" count="2" type="stmt"/>
        <line num="41" count="2" type="stmt"/>
        <line num="43" count="2" type="stmt"/>
        <line num="45" count="2" type="stmt"/>
        <line num="66" count="4" type="stmt"/>
        <line num="67" count="4" type="cond" truecount="2" falsecount="0"/>
        <line num="69" count="2" type="cond" truecount="2" falsecount="0"/>
        <line num="71" count="2" type="stmt"/>
        <line num="73" count="4" type="stmt"/>
        <line num="77" count="2" type="stmt"/>
        <line num="79" count="2" type="stmt"/>
        <line num="81" count="2" type="stmt"/>
        <line num="83" count="2" type="stmt"/>
        <line num="85" count="2" type="stmt"/>
      </file>
    </package>
    <package name="Helpers">
      <metrics statements="9" coveredstatements="9" conditionals="2" coveredconditionals="2" methods="1" coveredmethods="1"/>
      <file name="maxUseItems.ts" path="/home/johnattas/GitHub/engeapp/storage/libs/MaxUse/src/Helpers/maxUseItems.ts">
        <metrics statements="9" coveredstatements="9" conditionals="2" coveredconditionals="2" methods="1" coveredmethods="1"/>
        <line num="20" count="1" type="stmt"/>
        <line num="21" count="5" type="stmt"/>
        <line num="23" count="5" type="stmt"/>
        <line num="39" count="5" type="stmt"/>
        <line num="40" count="65" type="stmt"/>
        <line num="41" count="2375" type="cond" truecount="2" falsecount="0"/>
        <line num="42" count="2370" type="stmt"/>
        <line num="47" count="5" type="stmt"/>
        <line num="60" count="1" type="stmt"/>
      </file>
    </package>
    <package name="Helpers.Browser">
      <metrics statements="7" coveredstatements="7" conditionals="5" coveredconditionals="5" methods="2" coveredmethods="2"/>
      <file name="getColorFromVar.ts" path="/home/johnattas/GitHub/engeapp/storage/libs/MaxUse/src/Helpers/Browser/getColorFromVar.ts">
        <metrics statements="6" coveredstatements="6" conditionals="2" coveredconditionals="2" methods="1" coveredmethods="1"/>
        <line num="10" count="6" type="stmt"/>
        <line num="11" count="6" type="cond" truecount="2" falsecount="0"/>
        <line num="13" count="4" type="stmt"/>
        <line num="14" count="4" type="stmt"/>
        <line num="15" count="4" type="stmt"/>
        <line num="16" count="4" type="stmt"/>
      </file>
      <file name="isTouchDevice.ts" path="/home/johnattas/GitHub/engeapp/storage/libs/MaxUse/src/Helpers/Browser/isTouchDevice.ts">
        <metrics statements="1" coveredstatements="1" conditionals="3" coveredconditionals="3" methods="1" coveredmethods="1"/>
        <line num="7" count="2" type="stmt"/>
      </file>
    </package>
    <package name="Helpers.Dates">
      <metrics statements="113" coveredstatements="113" conditionals="96" coveredconditionals="96" methods="27" coveredmethods="27"/>
      <file name="addTime.ts" path="/home/johnattas/GitHub/engeapp/storage/libs/MaxUse/src/Helpers/Dates/addTime.ts">
        <metrics statements="20" coveredstatements="20" conditionals="17" coveredconditionals="17" methods="1" coveredmethods="1"/>
        <line num="19" count="19" type="stmt"/>
        <line num="20" count="19" type="stmt"/>
        <line num="21" count="19" type="stmt"/>
        <line num="23" count="19" type="cond" truecount="2" falsecount="0"/>
        <line num="25" count="17" type="stmt"/>
        <line num="26" count="17" type="cond" truecount="2" falsecount="0"/>
        <line num="28" count="16" type="cond" truecount="12" falsecount="0"/>
        <line num="31" count="5" type="stmt"/>
        <line num="32" count="5" type="stmt"/>
        <line num="35" count="2" type="stmt"/>
        <line num="36" count="2" type="stmt"/>
        <line num="39" count="2" type="stmt"/>
        <line num="40" count="2" type="stmt"/>
        <line num="43" count="2" type="stmt"/>
        <line num="44" count="2" type="stmt"/>
        <line num="47" count="2" type="stmt"/>
        <line num="48" count="2" type="stmt"/>
        <line num="51" count="2" type="stmt"/>
        <line num="52" count="2" type="stmt"/>
        <line num="55" count="16" type="stmt"/>
      </file>
      <file name="differences.ts" path="/home/johnattas/GitHub/engeapp/storage/libs/MaxUse/src/Helpers/Dates/differences.ts">
        <metrics statements="21" coveredstatements="21" conditionals="16" coveredconditionals="16" methods="7" coveredmethods="7"/>
        <line num="7" count="30" type="stmt"/>
        <line num="8" count="30" type="cond" truecount="2" falsecount="0"/>
        <line num="10" count="27" type="stmt"/>
        <line num="11" count="27" type="cond" truecount="2" falsecount="0"/>
        <line num="18" count="9" type="stmt"/>
        <line num="19" count="9" type="stmt"/>
        <line num="20" count="9" type="cond" truecount="4" falsecount="0"/>
        <line num="21" count="7" type="stmt"/>
        <line num="28" count="3" type="stmt"/>
        <line num="35" count="2" type="stmt"/>
        <line num="42" count="1" type="stmt"/>
        <line num="49" count="3" type="stmt"/>
        <line num="50" count="3" type="stmt"/>
        <line num="51" count="3" type="cond" truecount="4" falsecount="0"/>
        <line num="53" count="2" type="stmt"/>
        <line num="54" count="2" type="stmt"/>
        <line num="55" count="2" type="stmt"/>
        <line num="62" count="3" type="stmt"/>
        <line num="63" count="3" type="stmt"/>
        <line num="64" count="3" type="cond" truecount="4" falsecount="0"/>
        <line num="65" count="2" type="stmt"/>
      </file>
      <file name="hasPassedDays.ts" path="/home/johnattas/GitHub/engeapp/storage/libs/MaxUse/src/Helpers/Dates/hasPassedDays.ts">
        <metrics statements="7" coveredstatements="7" conditionals="5" coveredconditionals="5" methods="1" coveredmethods="1"/>
        <line num="13" count="4" type="stmt"/>
        <line num="15" count="4" type="cond" truecount="2" falsecount="0"/>
        <line num="17" count="3" type="stmt"/>
        <line num="18" count="3" type="cond" truecount="2" falsecount="0"/>
        <line num="20" count="2" type="stmt"/>
        <line num="21" count="2" type="stmt"/>
        <line num="22" count="2" type="stmt"/>
      </file>
      <file name="hasPassedHours.ts" path="/home/johnattas/GitHub/engeapp/storage/libs/MaxUse/src/Helpers/Dates/hasPassedHours.ts">
        <metrics statements="7" coveredstatements="7" conditionals="5" coveredconditionals="5" methods="1" coveredmethods="1"/>
        <line num="13" count="4" type="stmt"/>
        <line num="15" count="4" type="cond" truecount="2" falsecount="0"/>
        <line num="17" count="3" type="stmt"/>
        <line num="18" count="3" type="cond" truecount="2" falsecount="0"/>
        <line num="20" count="2" type="stmt"/>
        <line num="21" count="2" type="stmt"/>
        <line num="22" count="2" type="stmt"/>
      </file>
      <file name="hasPassedMinutes.ts" path="/home/johnattas/GitHub/engeapp/storage/libs/MaxUse/src/Helpers/Dates/hasPassedMinutes.ts">
        <metrics statements="7" coveredstatements="7" conditionals="5" coveredconditionals="5" methods="1" coveredmethods="1"/>
        <line num="13" count="4" type="stmt"/>
        <line num="15" count="4" type="cond" truecount="2" falsecount="0"/>
        <line num="17" count="3" type="stmt"/>
        <line num="18" count="3" type="cond" truecount="2" falsecount="0"/>
        <line num="20" count="2" type="stmt"/>
        <line num="21" count="2" type="stmt"/>
        <line num="22" count="2" type="stmt"/>
      </file>
      <file name="inDateInterval.ts" path="/home/johnattas/GitHub/engeapp/storage/libs/MaxUse/src/Helpers/Dates/inDateInterval.ts">
        <metrics statements="8" coveredstatements="8" conditionals="9" coveredconditionals="9" methods="2" coveredmethods="2"/>
        <line num="14" count="13" type="stmt"/>
        <line num="15" count="13" type="stmt"/>
        <line num="17" count="13" type="cond" truecount="4" falsecount="0"/>
        <line num="19" count="11" type="stmt"/>
        <line num="20" count="11" type="stmt"/>
        <line num="21" count="11" type="cond" truecount="2" falsecount="0"/>
        <line num="23" count="13" type="cond" truecount="3" falsecount="0"/>
        <line num="34" count="2" type="stmt"/>
      </file>
      <file name="isDate.ts" path="/home/johnattas/GitHub/engeapp/storage/libs/MaxUse/src/Helpers/Dates/isDate.ts">
        <metrics statements="6" coveredstatements="6" conditionals="6" coveredconditionals="6" methods="1" coveredmethods="1"/>
        <line num="12" count="8" type="stmt"/>
        <line num="13" count="8" type="cond" truecount="2" falsecount="0"/>
        <line num="14" count="7" type="cond" truecount="4" falsecount="0"/>
        <line num="15" count="5" type="stmt"/>
        <line num="16" count="5" type="stmt"/>
        <line num="18" count="2" type="stmt"/>
      </file>
      <file name="isFuture.ts" path="/home/johnattas/GitHub/engeapp/storage/libs/MaxUse/src/Helpers/Dates/isFuture.ts">
        <metrics statements="5" coveredstatements="5" conditionals="4" coveredconditionals="4" methods="1" coveredmethods="1"/>
        <line num="12" count="5" type="stmt"/>
        <line num="14" count="5" type="cond" truecount="2" falsecount="0"/>
        <line num="16" count="4" type="stmt"/>
        <line num="17" count="4" type="cond" truecount="2" falsecount="0"/>
        <line num="19" count="3" type="stmt"/>
      </file>
      <file name="isPast.ts" path="/home/johnattas/GitHub/engeapp/storage/libs/MaxUse/src/Helpers/Dates/isPast.ts">
        <metrics statements="5" coveredstatements="5" conditionals="4" coveredconditionals="4" methods="1" coveredmethods="1"/>
        <line num="12" count="5" type="stmt"/>
        <line num="14" count="5" type="cond" truecount="2" falsecount="0"/>
        <line num="16" count="4" type="stmt"/>
        <line num="17" count="4" type="cond" truecount="2" falsecount="0"/>
        <line num="19" count="3" type="stmt"/>
      </file>
      <file name="isSameDay.ts" path="/home/johnattas/GitHub/engeapp/storage/libs/MaxUse/src/Helpers/Dates/isSameDay.ts">
        <metrics statements="8" coveredstatements="8" conditionals="7" coveredconditionals="7" methods="3" coveredmethods="3"/>
        <line num="14" count="5" type="stmt"/>
        <line num="16" count="5" type="cond" truecount="4" falsecount="0"/>
        <line num="18" count="3" type="stmt"/>
        <line num="19" count="6" type="stmt"/>
        <line num="20" count="6" type="stmt"/>
        <line num="23" count="3" type="cond" truecount="2" falsecount="0"/>
        <line num="25" count="2" type="stmt"/>
        <line num="26" count="2" type="stmt"/>
      </file>
      <file name="isWeekend.ts" path="/home/johnattas/GitHub/engeapp/storage/libs/MaxUse/src/Helpers/Dates/isWeekend.ts">
        <metrics statements="6" coveredstatements="6" conditionals="6" coveredconditionals="6" methods="1" coveredmethods="1"/>
        <line num="13" count="6" type="stmt"/>
        <line num="15" count="6" type="cond" truecount="2" falsecount="0"/>
        <line num="17" count="5" type="stmt"/>
        <line num="18" count="5" type="cond" truecount="2" falsecount="0"/>
        <line num="20" count="4" type="stmt"/>
        <line num="21" count="4" type="cond" truecount="2" falsecount="0"/>
      </file>
      <file name="now.ts" path="/home/johnattas/GitHub/engeapp/storage/libs/MaxUse/src/Helpers/Dates/now.ts">
        <metrics statements="1" coveredstatements="1" conditionals="0" coveredconditionals="0" methods="1" coveredmethods="1"/>
        <line num="8" count="2" type="stmt"/>
      </file>
      <file name="timeAgo.ts" path="/home/johnattas/GitHub/engeapp/storage/libs/MaxUse/src/Helpers/Dates/timeAgo.ts">
        <metrics statements="12" coveredstatements="12" conditionals="12" coveredconditionals="12" methods="6" coveredmethods="6"/>
        <line num="13" count="13" type="stmt"/>
        <line num="14" count="13" type="cond" truecount="2" falsecount="0"/>
        <line num="16" count="6" type="stmt"/>
        <line num="18" count="6" type="stmt"/>
        <line num="19" count="6" type="stmt"/>
        <line num="21" count="6" type="stmt"/>
        <line num="23" count="6" type="stmt"/>
        <line num="33" count="2" type="cond" truecount="2" falsecount="0"/>
        <line num="43" count="2" type="cond" truecount="2" falsecount="0"/>
        <line num="53" count="2" type="cond" truecount="2" falsecount="0"/>
        <line num="63" count="2" type="cond" truecount="2" falsecount="0"/>
        <line num="73" count="2" type="cond" truecount="2" falsecount="0"/>
      </file>
    </package>
    <package name="Helpers.Electrical">
      <metrics statements="57" coveredstatements="57" conditionals="68" coveredconditionals="68" methods="7" coveredmethods="7"/>
      <file name="wireSize.ts" path="/home/johnattas/GitHub/engeapp/storage/libs/MaxUse/src/Helpers/Electrical/wireSize.ts">
        <metrics statements="57" coveredstatements="57" conditionals="68" coveredconditionals="68" methods="7" coveredmethods="7"/>
        <line num="49" count="2" type="stmt"/>
        <line num="50" count="2" type="stmt"/>
        <line num="51" count="16" type="cond" truecount="2" falsecount="0"/>
        <line num="62" count="25" type="stmt"/>
        <line num="63" count="25" type="cond" truecount="2" falsecount="0"/>
        <line num="65" count="22" type="stmt"/>
        <line num="67" count="22" type="cond" truecount="2" falsecount="0"/>
        <line num="69" count="21" type="cond" truecount="4" falsecount="0"/>
        <line num="70" count="25" type="cond" truecount="7" falsecount="0"/>
        <line num="71" count="25" type="cond" truecount="4" falsecount="0"/>
        <line num="72" count="25" type="cond" truecount="2" falsecount="0"/>
        <line num="74" count="25" type="cond" truecount="2" falsecount="0"/>
        <line num="75" count="25" type="cond" truecount="2" falsecount="0"/>
        <line num="76" count="25" type="cond" truecount="2" falsecount="0"/>
        <line num="77" count="25" type="cond" truecount="2" falsecount="0"/>
        <line num="79" count="25" type="cond" truecount="2" falsecount="0"/>
        <line num="80" count="25" type="cond" truecount="2" falsecount="0"/>
        <line num="81" count="25" type="cond" truecount="2" falsecount="0"/>
        <line num="83" count="25" type="stmt"/>
        <line num="84" count="25" type="cond" truecount="4" falsecount="0"/>
        <line num="85" count="20" type="cond" truecount="5" falsecount="0"/>
        <line num="87" count="21" type="stmt"/>
        <line num="89" count="21" type="stmt"/>
        <line num="94" count="21" type="stmt"/>
        <line num="95" count="21" type="stmt"/>
        <line num="96" count="21" type="stmt"/>
        <line num="97" count="21" type="cond" truecount="2" falsecount="0"/>
        <line num="98" count="25" type="cond" truecount="2" falsecount="0"/>
        <line num="100" count="25" type="cond" truecount="2" falsecount="0"/>
        <line num="104" count="25" type="stmt"/>
        <line num="106" count="25" type="stmt"/>
        <line num="107" count="25" type="stmt"/>
        <line num="108" count="144" type="cond" truecount="2" falsecount="0"/>
        <line num="114" count="25" type="stmt"/>
        <line num="115" count="25" type="cond" truecount="2" falsecount="0"/>
        <line num="116" count="10" type="stmt"/>
        <line num="117" count="9" type="cond" truecount="2" falsecount="0"/>
        <line num="118" count="38" type="stmt"/>
        <line num="119" count="10" type="cond" truecount="4" falsecount="0"/>
        <line num="120" count="4" type="stmt"/>
        <line num="121" count="4" type="stmt"/>
        <line num="122" count="4" type="cond" truecount="2" falsecount="0"/>
        <line num="123" count="9" type="stmt"/>
        <line num="124" count="3" type="cond" truecount="2" falsecount="0"/>
        <line num="128" count="2" type="stmt"/>
        <line num="131" count="21" type="stmt"/>
        <line num="132" count="21" type="stmt"/>
        <line num="133" count="21" type="stmt"/>
        <line num="134" count="21" type="stmt"/>
        <line num="135" count="21" type="stmt"/>
        <line num="136" count="21" type="cond" truecount="2" falsecount="0"/>
        <line num="137" count="25" type="stmt"/>
        <line num="138" count="25" type="stmt"/>
        <line num="140" count="25" type="stmt"/>
        <line num="141" count="25" type="stmt"/>
        <line num="143" count="25" type="stmt"/>
        <line num="147" count="2" type="stmt"/>
      </file>
    </package>
    <package name="Helpers.Format">
      <metrics statements="15" coveredstatements="15" conditionals="13" coveredconditionals="13" methods="2" coveredmethods="2"/>
      <file name="bytes.ts" path="/home/johnattas/GitHub/engeapp/storage/libs/MaxUse/src/Helpers/Format/bytes.ts">
        <metrics statements="10" coveredstatements="10" conditionals="9" coveredconditionals="9" methods="1" coveredmethods="1"/>
        <line num="13" count="15" type="stmt"/>
        <line num="14" count="15" type="cond" truecount="2" falsecount="0"/>
        <line num="15" count="15" type="stmt"/>
        <line num="16" count="15" type="stmt"/>
        <line num="18" count="15" type="cond" truecount="4" falsecount="0"/>
        <line num="20" count="12" type="stmt"/>
        <line num="21" count="12" type="cond" truecount="2" falsecount="0"/>
        <line num="22" count="15" type="stmt"/>
        <line num="24" count="15" type="stmt"/>
        <line num="26" count="15" type="stmt"/>
      </file>
      <file name="currency.ts" path="/home/johnattas/GitHub/engeapp/storage/libs/MaxUse/src/Helpers/Format/currency.ts">
        <metrics statements="5" coveredstatements="5" conditionals="4" coveredconditionals="4" methods="1" coveredmethods="1"/>
        <line num="12" count="8" type="stmt"/>
        <line num="13" count="8" type="cond" truecount="2" falsecount="0"/>
        <line num="15" count="6" type="stmt"/>
        <line num="16" count="6" type="cond" truecount="2" falsecount="0"/>
        <line num="18" count="5" type="stmt"/>
      </file>
    </package>
    <package name="Helpers.Iterables">
      <metrics statements="146" coveredstatements="146" conditionals="190" coveredconditionals="190" methods="38" coveredmethods="38"/>
      <file name="chunk.ts" path="/home/johnattas/GitHub/engeapp/storage/libs/MaxUse/src/Helpers/Iterables/chunk.ts">
        <metrics statements="5" coveredstatements="5" conditionals="6" coveredconditionals="6" methods="1" coveredmethods="1"/>
        <line num="10" count="6" type="stmt"/>
        <line num="11" count="6" type="cond" truecount="5" falsecount="0"/>
        <line num="13" count="3" type="stmt"/>
        <line num="14" count="3" type="stmt"/>
        <line num="16" count="3" type="stmt"/>
      </file>
      <file name="countBy.ts" path="/home/johnattas/GitHub/engeapp/storage/libs/MaxUse/src/Helpers/Iterables/countBy.ts">
        <metrics statements="4" coveredstatements="4" conditionals="9" coveredconditionals="9" methods="2" coveredmethods="2"/>
        <line num="14" count="6" type="stmt"/>
        <line num="16" count="6" type="cond" truecount="4" falsecount="0"/>
        <line num="18" count="4" type="cond" truecount="2" falsecount="0"/>
        <line num="20" count="12" type="cond" truecount="2" falsecount="0"/>
      </file>
      <file name="filter.ts" path="/home/johnattas/GitHub/engeapp/storage/libs/MaxUse/src/Helpers/Iterables/filter.ts">
        <metrics statements="4" coveredstatements="4" conditionals="6" coveredconditionals="6" methods="3" coveredmethods="3"/>
        <line num="13" count="7" type="stmt"/>
        <line num="15" count="7" type="cond" truecount="4" falsecount="0"/>
        <line num="17" count="12" type="cond" truecount="2" falsecount="0"/>
        <line num="19" count="3" type="stmt"/>
      </file>
      <file name="filterBy.ts" path="/home/johnattas/GitHub/engeapp/storage/libs/MaxUse/src/Helpers/Iterables/filterBy.ts">
        <metrics statements="4" coveredstatements="4" conditionals="7" coveredconditionals="7" methods="3" coveredmethods="3"/>
        <line num="14" count="6" type="stmt"/>
        <line num="16" count="6" type="cond" truecount="4" falsecount="0"/>
        <line num="18" count="8" type="cond" truecount="2" falsecount="0"/>
        <line num="20" count="3" type="stmt"/>
      </file>
      <file name="filterByNot.ts" path="/home/johnattas/GitHub/engeapp/storage/libs/MaxUse/src/Helpers/Iterables/filterByNot.ts">
        <metrics statements="8" coveredstatements="8" conditionals="9" coveredconditionals="9" methods="4" coveredmethods="4"/>
        <line num="14" count="7" type="stmt"/>
        <line num="16" count="7" type="cond" truecount="4" falsecount="0"/>
        <line num="18" count="4" type="stmt"/>
        <line num="19" count="11" type="stmt"/>
        <line num="20" count="11" type="cond" truecount="2" falsecount="0"/>
        <line num="21" count="8" type="stmt"/>
        <line num="24" count="9" type="cond" truecount="2" falsecount="0"/>
        <line num="26" count="2" type="stmt"/>
      </file>
      <file name="findLast.ts" path="/home/johnattas/GitHub/engeapp/storage/libs/MaxUse/src/Helpers/Iterables/findLast.ts">
        <metrics statements="4" coveredstatements="4" conditionals="6" coveredconditionals="6" methods="1" coveredmethods="1"/>
        <line num="14" count="5" type="stmt"/>
        <line num="16" count="5" type="cond" truecount="4" falsecount="0"/>
        <line num="19" count="4" type="cond" truecount="2" falsecount="0"/>
        <line num="22" count="1" type="stmt"/>
      </file>
      <file name="first.ts" path="/home/johnattas/GitHub/engeapp/storage/libs/MaxUse/src/Helpers/Iterables/first.ts">
        <metrics statements="3" coveredstatements="3" conditionals="4" coveredconditionals="4" methods="1" coveredmethods="1"/>
        <line num="10" count="4" type="stmt"/>
        <line num="11" count="4" type="cond" truecount="4" falsecount="0"/>
        <line num="13" count="2" type="stmt"/>
      </file>
      <file name="groupBy.ts" path="/home/johnattas/GitHub/engeapp/storage/libs/MaxUse/src/Helpers/Iterables/groupBy.ts">
        <metrics statements="11" coveredstatements="11" conditionals="8" coveredconditionals="8" methods="1" coveredmethods="1"/>
        <line num="12" count="5" type="stmt"/>
        <line num="13" count="5" type="cond" truecount="2" falsecount="0"/>
        <line num="15" count="4" type="cond" truecount="2" falsecount="0"/>
        <line num="16" count="5" type="stmt"/>
        <line num="18" count="5" type="stmt"/>
        <line num="21" count="12" type="cond" truecount="2" falsecount="0"/>
        <line num="22" count="8" type="stmt"/>
        <line num="26" count="12" type="stmt"/>
        <line num="28" count="12" type="cond" truecount="2" falsecount="0"/>
        <line num="30" count="12" type="stmt"/>
        <line num="33" count="4" type="stmt"/>
      </file>
      <file name="keyBy.ts" path="/home/johnattas/GitHub/engeapp/storage/libs/MaxUse/src/Helpers/Iterables/keyBy.ts">
        <metrics statements="7" coveredstatements="7" conditionals="11" coveredconditionals="11" methods="2" coveredmethods="2"/>
        <line num="13" count="11" type="stmt"/>
        <line num="15" count="11" type="cond" truecount="4" falsecount="0"/>
        <line num="17" count="9" type="cond" truecount="2" falsecount="0"/>
        <line num="19" count="11" type="stmt"/>
        <line num="21" count="22" type="stmt"/>
        <line num="22" count="22" type="cond" truecount="5" falsecount="0"/>
        <line num="23" count="22" type="stmt"/>
      </file>
      <file name="last.ts" path="/home/johnattas/GitHub/engeapp/storage/libs/MaxUse/src/Helpers/Iterables/last.ts">
        <metrics statements="3" coveredstatements="3" conditionals="4" coveredconditionals="4" methods="1" coveredmethods="1"/>
        <line num="10" count="4" type="stmt"/>
        <line num="11" count="4" type="cond" truecount="4" falsecount="0"/>
        <line num="13" count="2" type="stmt"/>
      </file>
      <file name="objectSize.ts" path="/home/johnattas/GitHub/engeapp/storage/libs/MaxUse/src/Helpers/Iterables/objectSize.ts">
        <metrics statements="7" coveredstatements="7" conditionals="8" coveredconditionals="8" methods="2" coveredmethods="2"/>
        <line num="12" count="9" type="stmt"/>
        <line num="14" count="9" type="cond" truecount="2" falsecount="0"/>
        <line num="16" count="6" type="cond" truecount="2" falsecount="0"/>
        <line num="18" count="4" type="cond" truecount="2" falsecount="0"/>
        <line num="20" count="3" type="cond" truecount="2" falsecount="0"/>
        <line num="22" count="1" type="stmt"/>
        <line num="32" count="3" type="stmt"/>
      </file>
      <file name="orderBy.ts" path="/home/johnattas/GitHub/engeapp/storage/libs/MaxUse/src/Helpers/Iterables/orderBy.ts">
        <metrics statements="28" coveredstatements="28" conditionals="38" coveredconditionals="38" methods="2" coveredmethods="2"/>
        <line num="25" count="23" type="stmt"/>
        <line num="26" count="23" type="cond" truecount="4" falsecount="0"/>
        <line num="28" count="22" type="cond" truecount="2" falsecount="0"/>
        <line num="31" count="23" type="cond" truecount="4" falsecount="0"/>
        <line num="33" count="21" type="cond" truecount="2" falsecount="0"/>
        <line num="34" count="23" type="cond" truecount="2" falsecount="0"/>
        <line num="35" count="23" type="cond" truecount="2" falsecount="0"/>
        <line num="37" count="23" type="stmt"/>
        <line num="38" count="63" type="stmt"/>
        <line num="39" count="65" type="stmt"/>
        <line num="40" count="65" type="cond" truecount="2" falsecount="0"/>
        <line num="45" count="65" type="cond" truecount="2" falsecount="0"/>
        <line num="46" count="4" type="stmt"/>
        <line num="47" count="4" type="stmt"/>
        <line num="48" count="61" type="cond" truecount="2" falsecount="0"/>
        <line num="49" count="57" type="stmt"/>
        <line num="50" count="57" type="stmt"/>
        <line num="52" count="4" type="stmt"/>
        <line num="53" count="4" type="stmt"/>
        <line num="56" count="65" type="cond" truecount="2" falsecount="0"/>
        <line num="58" count="62" type="cond" truecount="2" falsecount="0"/>
        <line num="59" count="61" type="cond" truecount="2" falsecount="0"/>
        <line num="60" count="59" type="cond" truecount="2" falsecount="0"/>
        <line num="61" count="58" type="cond" truecount="2" falsecount="0"/>
        <line num="63" count="57" type="cond" truecount="2" falsecount="0"/>
        <line num="68" count="1" type="stmt"/>
        <line num="72" count="11" type="stmt"/>
        <line num="73" count="11" type="stmt"/>
      </file>
      <file name="orderByWithKey.ts" path="/home/johnattas/GitHub/engeapp/storage/libs/MaxUse/src/Helpers/Iterables/orderByWithKey.ts">
        <metrics statements="7" coveredstatements="7" conditionals="10" coveredconditionals="10" methods="3" coveredmethods="3"/>
        <line num="28" count="5" type="cond" truecount="5" falsecount="0"/>
        <line num="29" count="2" type="stmt"/>
        <line num="30" count="2" type="cond" truecount="2" falsecount="0"/>
        <line num="32" count="3" type="cond" truecount="2" falsecount="0"/>
        <line num="33" count="3" type="stmt"/>
        <line num="36" count="5" type="stmt"/>
        <line num="37" count="5" type="stmt"/>
      </file>
      <file name="sample.ts" path="/home/johnattas/GitHub/engeapp/storage/libs/MaxUse/src/Helpers/Iterables/sample.ts">
        <metrics statements="6" coveredstatements="6" conditionals="6" coveredconditionals="6" methods="1" coveredmethods="1"/>
        <line num="11" count="5" type="stmt"/>
        <line num="12" count="5" type="cond" truecount="2" falsecount="0"/>
        <line num="14" count="4" type="cond" truecount="2" falsecount="0"/>
        <line num="15" count="5" type="cond" truecount="2" falsecount="0"/>
        <line num="17" count="3" type="stmt"/>
        <line num="18" count="3" type="stmt"/>
      </file>
      <file name="shuffle.ts" path="/home/johnattas/GitHub/engeapp/storage/libs/MaxUse/src/Helpers/Iterables/shuffle.ts">
        <metrics statements="5" coveredstatements="5" conditionals="0" coveredconditionals="0" methods="1" coveredmethods="1"/>
        <line num="10" count="2" type="stmt"/>
        <line num="11" count="2" type="stmt"/>
        <line num="12" count="6" type="stmt"/>
        <line num="13" count="6" type="stmt"/>
        <line num="15" count="2" type="stmt"/>
      </file>
      <file name="size.ts" path="/home/johnattas/GitHub/engeapp/storage/libs/MaxUse/src/Helpers/Iterables/size.ts">
        <metrics statements="9" coveredstatements="9" conditionals="23" coveredconditionals="23" methods="1" coveredmethods="1"/>
        <line num="14" count="33" type="cond" truecount="2" falsecount="0"/>
        <line num="16" count="21" type="stmt"/>
        <line num="18" count="21" type="cond" truecount="2" falsecount="0"/>
        <line num="20" count="20" type="cond" truecount="2" falsecount="0"/>
        <line num="22" count="17" type="cond" truecount="4" falsecount="0"/>
        <line num="24" count="16" type="cond" truecount="4" falsecount="0"/>
        <line num="26" count="4" type="cond" truecount="4" falsecount="0"/>
        <line num="28" count="2" type="cond" truecount="2" falsecount="0"/>
        <line num="30" count="1" type="cond" truecount="2" falsecount="0"/>
      </file>
      <file name="sortBy.ts" path="/home/johnattas/GitHub/engeapp/storage/libs/MaxUse/src/Helpers/Iterables/sortBy.ts">
        <metrics statements="1" coveredstatements="1" conditionals="0" coveredconditionals="0" methods="0" coveredmethods="0"/>
        <line num="3" count="1" type="stmt"/>
      </file>
      <file name="sortByMulti.ts" path="/home/johnattas/GitHub/engeapp/storage/libs/MaxUse/src/Helpers/Iterables/sortByMulti.ts">
        <metrics statements="1" coveredstatements="1" conditionals="0" coveredconditionals="0" methods="0" coveredmethods="0"/>
        <line num="3" count="1" type="stmt"/>
      </file>
      <file name="sum.ts" path="/home/johnattas/GitHub/engeapp/storage/libs/MaxUse/src/Helpers/Iterables/sum.ts">
        <metrics statements="6" coveredstatements="6" conditionals="6" coveredconditionals="6" methods="2" coveredmethods="2"/>
        <line num="11" count="5" type="stmt"/>
        <line num="12" count="5" type="cond" truecount="2" falsecount="0"/>
        <line num="14" count="4" type="cond" truecount="2" falsecount="0"/>
        <line num="16" count="5" type="stmt"/>
        <line num="17" count="10" type="stmt"/>
        <line num="18" count="10" type="cond" truecount="2" falsecount="0"/>
      </file>
      <file name="sumBy.ts" path="/home/johnattas/GitHub/engeapp/storage/libs/MaxUse/src/Helpers/Iterables/sumBy.ts">
        <metrics statements="4" coveredstatements="4" conditionals="8" coveredconditionals="8" methods="2" coveredmethods="2"/>
        <line num="13" count="5" type="stmt"/>
        <line num="15" count="5" type="cond" truecount="4" falsecount="0"/>
        <line num="17" count="4" type="cond" truecount="2" falsecount="0"/>
        <line num="19" count="10" type="cond" truecount="2" falsecount="0"/>
      </file>
      <file name="uniq.ts" path="/home/johnattas/GitHub/engeapp/storage/libs/MaxUse/src/Helpers/Iterables/uniq.ts">
        <metrics statements="3" coveredstatements="3" conditionals="2" coveredconditionals="2" methods="1" coveredmethods="1"/>
        <line num="11" count="4" type="stmt"/>
        <line num="12" count="4" type="cond" truecount="2" falsecount="0"/>
        <line num="14" count="3" type="stmt"/>
      </file>
      <file name="uniqueBy.ts" path="/home/johnattas/GitHub/engeapp/storage/libs/MaxUse/src/Helpers/Iterables/uniqueBy.ts">
        <metrics statements="8" coveredstatements="8" conditionals="6" coveredconditionals="6" methods="2" coveredmethods="2"/>
        <line num="12" count="4" type="stmt"/>
        <line num="13" count="4" type="cond" truecount="2" falsecount="0"/>
        <line num="15" count="2" type="stmt"/>
        <line num="16" count="2" type="stmt"/>
        <line num="17" count="6" type="cond" truecount="2" falsecount="0"/>
        <line num="19" count="6" type="cond" truecount="2" falsecount="0"/>
        <line num="21" count="4" type="stmt"/>
        <line num="22" count="4" type="stmt"/>
      </file>
      <file name="valuesInKey.ts" path="/home/johnattas/GitHub/engeapp/storage/libs/MaxUse/src/Helpers/Iterables/valuesInKey.ts">
        <metrics statements="8" coveredstatements="8" conditionals="13" coveredconditionals="13" methods="2" coveredmethods="2"/>
        <line num="14" count="7" type="stmt"/>
        <line num="16" count="7" type="cond" truecount="4" falsecount="0"/>
        <line num="18" count="6" type="cond" truecount="2" falsecount="0"/>
        <line num="20" count="7" type="stmt"/>
        <line num="21" count="11" type="cond" truecount="2" falsecount="0"/>
        <line num="22" count="11" type="cond" truecount="2" falsecount="0"/>
        <line num="23" count="7" type="cond" truecount="2" falsecount="0"/>
        <line num="24" count="6" type="stmt"/>
      </file>
    </package>
    <package name="Helpers.Math">
      <metrics statements="18" coveredstatements="18" conditionals="8" coveredconditionals="8" methods="6" coveredmethods="6"/>
      <file name="average.ts" path="/home/johnattas/GitHub/engeapp/storage/libs/MaxUse/src/Helpers/Math/average.ts">
        <metrics statements="4" coveredstatements="4" conditionals="2" coveredconditionals="2" methods="2" coveredmethods="2"/>
        <line num="10" count="7" type="stmt"/>
        <line num="11" count="7" type="cond" truecount="2" falsecount="0"/>
        <line num="13" count="13" type="stmt"/>
        <line num="14" count="6" type="stmt"/>
      </file>
      <file name="median.ts" path="/home/johnattas/GitHub/engeapp/storage/libs/MaxUse/src/Helpers/Math/median.ts">
        <metrics statements="6" coveredstatements="6" conditionals="4" coveredconditionals="4" methods="2" coveredmethods="2"/>
        <line num="12" count="7" type="stmt"/>
        <line num="13" count="7" type="cond" truecount="2" falsecount="0"/>
        <line num="15" count="15" type="stmt"/>
        <line num="16" count="6" type="stmt"/>
        <line num="18" count="6" type="cond" truecount="2" falsecount="0"/>
        <line num="20" count="5" type="stmt"/>
      </file>
      <file name="roundDown.ts" path="/home/johnattas/GitHub/engeapp/storage/libs/MaxUse/src/Helpers/Math/roundDown.ts">
        <metrics statements="4" coveredstatements="4" conditionals="1" coveredconditionals="1" methods="1" coveredmethods="1"/>
        <line num="11" count="5" type="stmt"/>
        <line num="12" count="5" type="stmt"/>
        <line num="13" count="5" type="stmt"/>
        <line num="14" count="5" type="stmt"/>
      </file>
      <file name="roundUp.ts" path="/home/johnattas/GitHub/engeapp/storage/libs/MaxUse/src/Helpers/Math/roundUp.ts">
        <metrics statements="4" coveredstatements="4" conditionals="1" coveredconditionals="1" methods="1" coveredmethods="1"/>
        <line num="11" count="5" type="stmt"/>
        <line num="12" count="5" type="stmt"/>
        <line num="13" count="5" type="stmt"/>
        <line num="14" count="5" type="stmt"/>
      </file>
    </package>
    <package name="Helpers.Objects">
      <metrics statements="128" coveredstatements="128" conditionals="144" coveredconditionals="144" methods="21" coveredmethods="21"/>
      <file name="deepClone.ts" path="/home/johnattas/GitHub/engeapp/storage/libs/MaxUse/src/Helpers/Objects/deepClone.ts">
        <metrics statements="22" coveredstatements="22" conditionals="17" coveredconditionals="17" methods="3" coveredmethods="3"/>
        <line num="13" count="42" type="stmt"/>
        <line num="16" count="42" type="cond" truecount="4" falsecount="0"/>
        <line num="20" count="18" type="cond" truecount="2" falsecount="0"/>
        <line num="26" count="17" type="cond" truecount="2" falsecount="0"/>
        <line num="30" count="16" type="cond" truecount="2" falsecount="0"/>
        <line num="34" count="15" type="cond" truecount="2" falsecount="0"/>
        <line num="35" count="1" type="stmt"/>
        <line num="36" count="1" type="stmt"/>
        <line num="37" count="1" type="stmt"/>
        <line num="38" count="1" type="stmt"/>
        <line num="40" count="1" type="stmt"/>
        <line num="44" count="14" type="cond" truecount="2" falsecount="0"/>
        <line num="45" count="1" type="stmt"/>
        <line num="46" count="1" type="stmt"/>
        <line num="47" count="1" type="stmt"/>
        <line num="48" count="3" type="stmt"/>
        <line num="50" count="1" type="stmt"/>
        <line num="54" count="13" type="cond" truecount="2" falsecount="0"/>
        <line num="55" count="42" type="stmt"/>
        <line num="58" count="42" type="stmt"/>
        <line num="59" count="42" type="stmt"/>
        <line num="62" count="13" type="stmt"/>
      </file>
      <file name="deepMerge.ts" path="/home/johnattas/GitHub/engeapp/storage/libs/MaxUse/src/Helpers/Objects/deepMerge.ts">
        <metrics statements="12" coveredstatements="12" conditionals="17" coveredconditionals="17" methods="2" coveredmethods="2"/>
        <line num="14" count="22" type="stmt"/>
        <line num="15" count="22" type="cond" truecount="2" falsecount="0"/>
        <line num="16" count="11" type="stmt"/>
        <line num="18" count="11" type="stmt"/>
        <line num="20" count="11" type="cond" truecount="6" falsecount="0"/>
        <line num="21" count="10" type="stmt"/>
        <line num="22" count="10" type="stmt"/>
        <line num="24" count="10" type="cond" truecount="4" falsecount="0"/>
        <line num="25" count="2" type="cond" truecount="5" falsecount="0"/>
        <line num="27" count="2" type="stmt"/>
        <line num="28" count="8" type="stmt"/>
        <line num="33" count="11" type="stmt"/>
      </file>
      <file name="diff.ts" path="/home/johnattas/GitHub/engeapp/storage/libs/MaxUse/src/Helpers/Objects/diff.ts">
        <metrics statements="10" coveredstatements="10" conditionals="9" coveredconditionals="9" methods="3" coveredmethods="3"/>
        <line num="18" count="9" type="cond" truecount="2" falsecount="0"/>
        <line num="19" count="9" type="cond" truecount="2" falsecount="0"/>
        <line num="20" count="9" type="stmt"/>
        <line num="23" count="9" type="stmt"/>
        <line num="24" count="2" type="cond" truecount="2" falsecount="0"/>
        <line num="29" count="9" type="stmt"/>
        <line num="30" count="13" type="stmt"/>
        <line num="31" count="13" type="stmt"/>
        <line num="34" count="13" type="cond" truecount="2" falsecount="0"/>
        <line num="38" count="9" type="stmt"/>
      </file>
      <file name="get.ts" path="/home/johnattas/GitHub/engeapp/storage/libs/MaxUse/src/Helpers/Objects/get.ts">
        <metrics statements="8" coveredstatements="8" conditionals="12" coveredconditionals="12" methods="1" coveredmethods="1"/>
        <line num="13" count="11" type="stmt"/>
        <line num="14" count="11" type="cond" truecount="4" falsecount="0"/>
        <line num="16" count="9" type="cond" truecount="2" falsecount="0"/>
        <line num="20" count="11" type="stmt"/>
        <line num="21" count="11" type="stmt"/>
        <line num="22" count="20" type="cond" truecount="4" falsecount="0"/>
        <line num="23" count="17" type="stmt"/>
        <line num="26" count="9" type="cond" truecount="2" falsecount="0"/>
      </file>
      <file name="isEqual.ts" path="/home/johnattas/GitHub/engeapp/storage/libs/MaxUse/src/Helpers/Objects/isEqual.ts">
        <metrics statements="29" coveredstatements="29" conditionals="54" coveredconditionals="54" methods="2" coveredmethods="2"/>
        <line num="12" count="74" type="stmt"/>
        <line num="13" count="74" type="stmt"/>
        <line num="16" count="74" type="cond" truecount="2" falsecount="0"/>
        <line num="19" count="45" type="cond" truecount="4" falsecount="0"/>
        <line num="22" count="44" type="cond" truecount="6" falsecount="0"/>
        <line num="26" count="27" type="cond" truecount="4" falsecount="0"/>
        <line num="30" count="25" type="cond" truecount="4" falsecount="0"/>
        <line num="34" count="23" type="cond" truecount="4" falsecount="0"/>
        <line num="35" count="4" type="cond" truecount="2" falsecount="0"/>
        <line num="36" count="3" type="cond" truecount="4" falsecount="0"/>
        <line num="38" count="1" type="stmt"/>
        <line num="42" count="19" type="cond" truecount="4" falsecount="0"/>
        <line num="43" count="3" type="cond" truecount="2" falsecount="0"/>
        <line num="44" count="2" type="stmt"/>
        <line num="45" count="2" type="stmt"/>
        <line num="47" count="9" type="cond" truecount="2" falsecount="0"/>
        <line num="49" count="1" type="stmt"/>
        <line num="53" count="16" type="stmt"/>
        <line num="54" count="16" type="stmt"/>
        <line num="55" count="16" type="cond" truecount="2" falsecount="0"/>
        <line num="57" count="15" type="cond" truecount="4" falsecount="0"/>
        <line num="58" count="7" type="cond" truecount="2" falsecount="0"/>
        <line num="59" count="6" type="cond" truecount="2" falsecount="0"/>
        <line num="61" count="5" type="stmt"/>
        <line num="65" count="8" type="stmt"/>
        <line num="66" count="8" type="stmt"/>
        <line num="68" count="8" type="cond" truecount="2" falsecount="0"/>
        <line num="70" count="7" type="cond" truecount="4" falsecount="0"/>
        <line num="73" count="3" type="stmt"/>
      </file>
      <file name="manipulations.ts" path="/home/johnattas/GitHub/engeapp/storage/libs/MaxUse/src/Helpers/Objects/manipulations.ts">
        <metrics statements="12" coveredstatements="12" conditionals="8" coveredconditionals="8" methods="4" coveredmethods="4"/>
        <line num="10" count="5" type="stmt"/>
        <line num="11" count="5" type="stmt"/>
        <line num="13" count="5" type="cond" truecount="2" falsecount="0"/>
        <line num="15" count="4" type="stmt"/>
        <line num="16" count="6" type="cond" truecount="2" falsecount="0"/>
        <line num="20" count="4" type="stmt"/>
        <line num="30" count="5" type="stmt"/>
        <line num="31" count="5" type="stmt"/>
        <line num="33" count="5" type="cond" truecount="2" falsecount="0"/>
        <line num="35" count="4" type="stmt"/>
        <line num="36" count="5" type="cond" truecount="2" falsecount="0"/>
        <line num="40" count="4" type="stmt"/>
      </file>
      <file name="mapValues.ts" path="/home/johnattas/GitHub/engeapp/storage/libs/MaxUse/src/Helpers/Objects/mapValues.ts">
        <metrics statements="6" coveredstatements="6" conditionals="0" coveredconditionals="0" methods="2" coveredmethods="2"/>
        <line num="14" count="4" type="stmt"/>
        <line num="15" count="4" type="stmt"/>
        <line num="17" count="4" type="stmt"/>
        <line num="18" count="6" type="stmt"/>
        <line num="19" count="6" type="stmt"/>
        <line num="22" count="4" type="stmt"/>
      </file>
      <file name="renameKeys.ts" path="/home/johnattas/GitHub/engeapp/storage/libs/MaxUse/src/Helpers/Objects/renameKeys.ts">
        <metrics statements="7" coveredstatements="7" conditionals="2" coveredconditionals="2" methods="2" coveredmethods="2"/>
        <line num="15" count="4" type="stmt"/>
        <line num="16" count="4" type="stmt"/>
        <line num="18" count="4" type="stmt"/>
        <line num="20" count="4" type="stmt"/>
        <line num="21" count="7" type="cond" truecount="2" falsecount="0"/>
        <line num="22" count="7" type="stmt"/>
        <line num="25" count="4" type="stmt"/>
      </file>
      <file name="set.ts" path="/home/johnattas/GitHub/engeapp/storage/libs/MaxUse/src/Helpers/Objects/set.ts">
        <metrics statements="11" coveredstatements="11" conditionals="13" coveredconditionals="13" methods="1" coveredmethods="1"/>
        <line num="13" count="9" type="stmt"/>
        <line num="14" count="9" type="cond" truecount="4" falsecount="0"/>
        <line num="16" count="7" type="cond" truecount="2" falsecount="0"/>
        <line num="20" count="9" type="stmt"/>
        <line num="21" count="9" type="stmt"/>
        <line num="23" count="9" type="stmt"/>
        <line num="24" count="11" type="stmt"/>
        <line num="26" count="11" type="cond" truecount="2" falsecount="0"/>
        <line num="28" count="4" type="cond" truecount="5" falsecount="0"/>
        <line num="31" count="4" type="stmt"/>
        <line num="35" count="7" type="stmt"/>
      </file>
      <file name="unset.ts" path="/home/johnattas/GitHub/engeapp/storage/libs/MaxUse/src/Helpers/Objects/unset.ts">
        <metrics statements="11" coveredstatements="11" conditionals="12" coveredconditionals="12" methods="1" coveredmethods="1"/>
        <line num="12" count="9" type="stmt"/>
        <line num="13" count="9" type="cond" truecount="4" falsecount="0"/>
        <line num="15" count="7" type="cond" truecount="2" falsecount="0"/>
        <line num="19" count="9" type="stmt"/>
        <line num="20" count="9" type="stmt"/>
        <line num="21" count="8" type="stmt"/>
        <line num="22" count="8" type="cond" truecount="2" falsecount="0"/>
        <line num="23" count="7" type="stmt"/>
        <line num="24" count="7" type="cond" truecount="4" falsecount="0"/>
        <line num="27" count="4" type="stmt"/>
        <line num="28" count="4" type="stmt"/>
      </file>
    </package>
    <package name="Helpers.Strings">
      <metrics statements="136" coveredstatements="136" conditionals="144" coveredconditionals="144" methods="33" coveredmethods="33"/>
      <file name="cases.ts" path="/home/johnattas/GitHub/engeapp/storage/libs/MaxUse/src/Helpers/Strings/cases.ts">
        <metrics statements="21" coveredstatements="21" conditionals="22" coveredconditionals="22" methods="7" coveredmethods="7"/>
        <line num="13" count="7" type="stmt"/>
        <line num="14" count="7" type="cond" truecount="4" falsecount="0"/>
        <line num="16" count="5" type="stmt"/>
        <line num="17" count="5" type="stmt"/>
        <line num="19" count="9" type="cond" truecount="2" falsecount="0"/>
        <line num="29" count="5" type="stmt"/>
        <line num="30" count="5" type="cond" truecount="4" falsecount="0"/>
        <line num="32" count="4" type="stmt"/>
        <line num="33" count="4" type="stmt"/>
        <line num="35" count="6" type="cond" truecount="2" falsecount="0"/>
        <line num="45" count="7" type="stmt"/>
        <line num="46" count="7" type="cond" truecount="4" falsecount="0"/>
        <line num="48" count="5" type="stmt"/>
        <line num="49" count="5" type="stmt"/>
        <line num="51" count="5" type="cond" truecount="2" falsecount="0"/>
        <line num="52" count="8" type="cond" truecount="2" falsecount="0"/>
        <line num="53" count="4" type="stmt"/>
        <line num="63" count="5" type="stmt"/>
        <line num="64" count="5" type="cond" truecount="2" falsecount="0"/>
        <line num="66" count="3" type="stmt"/>
        <line num="67" count="3" type="stmt"/>
      </file>
      <file name="converters.ts" path="/home/johnattas/GitHub/engeapp/storage/libs/MaxUse/src/Helpers/Strings/converters.ts">
        <metrics statements="11" coveredstatements="11" conditionals="12" coveredconditionals="12" methods="2" coveredmethods="2"/>
        <line num="13" count="6" type="stmt"/>
        <line num="14" count="6" type="cond" truecount="4" falsecount="0"/>
        <line num="16" count="4" type="stmt"/>
        <line num="19" count="2" type="stmt"/>
        <line num="29" count="8" type="stmt"/>
        <line num="30" count="8" type="cond" truecount="5" falsecount="0"/>
        <line num="32" count="5" type="stmt"/>
        <line num="34" count="5" type="cond" truecount="2" falsecount="0"/>
        <line num="35" count="2" type="stmt"/>
        <line num="36" count="2" type="stmt"/>
        <line num="38" count="3" type="stmt"/>
      </file>
      <file name="filters.ts" path="/home/johnattas/GitHub/engeapp/storage/libs/MaxUse/src/Helpers/Strings/filters.ts">
        <metrics statements="15" coveredstatements="15" conditionals="19" coveredconditionals="19" methods="5" coveredmethods="5"/>
        <line num="14" count="5" type="stmt"/>
        <line num="15" count="5" type="cond" truecount="2" falsecount="0"/>
        <line num="17" count="4" type="cond" truecount="2" falsecount="0"/>
        <line num="28" count="4" type="stmt"/>
        <line num="29" count="4" type="cond" truecount="2" falsecount="0"/>
        <line num="30" count="3" type="cond" truecount="2" falsecount="0"/>
        <line num="40" count="3" type="stmt"/>
        <line num="41" count="3" type="cond" truecount="2" falsecount="0"/>
        <line num="42" count="2" type="stmt"/>
        <line num="53" count="4" type="stmt"/>
        <line num="54" count="4" type="cond" truecount="2" falsecount="0"/>
        <line num="55" count="3" type="cond" truecount="2" falsecount="0"/>
        <line num="65" count="5" type="stmt"/>
        <line num="66" count="5" type="cond" truecount="2" falsecount="0"/>
        <line num="67" count="4" type="stmt"/>
      </file>
      <file name="manipulations.ts" path="/home/johnattas/GitHub/engeapp/storage/libs/MaxUse/src/Helpers/Strings/manipulations.ts">
        <metrics statements="26" coveredstatements="26" conditionals="20" coveredconditionals="20" methods="8" coveredmethods="8"/>
        <line num="14" count="5" type="stmt"/>
        <line num="15" count="5" type="cond" truecount="2" falsecount="0"/>
        <line num="17" count="4" type="stmt"/>
        <line num="18" count="4" type="cond" truecount="2" falsecount="0"/>
        <line num="20" count="3" type="stmt"/>
        <line num="30" count="6" type="stmt"/>
        <line num="31" count="6" type="cond" truecount="2" falsecount="0"/>
        <line num="33" count="5" type="stmt"/>
        <line num="50" count="10" type="stmt"/>
        <line num="51" count="10" type="cond" truecount="2" falsecount="0"/>
        <line num="53" count="9" type="stmt"/>
        <line num="67" count="6" type="stmt"/>
        <line num="68" count="6" type="cond" truecount="2" falsecount="0"/>
        <line num="70" count="4" type="stmt"/>
        <line num="72" count="4" type="cond" truecount="2" falsecount="0"/>
        <line num="74" count="3" type="stmt"/>
        <line num="75" count="8" type="stmt"/>
        <line num="76" count="8" type="stmt"/>
        <line num="78" count="3" type="stmt"/>
        <line num="89" count="7" type="stmt"/>
        <line num="90" count="7" type="cond" truecount="2" falsecount="0"/>
        <line num="93" count="5" type="stmt"/>
        <line num="94" count="1301" type="stmt"/>
        <line num="96" count="5" type="cond" truecount="2" falsecount="0"/>
        <line num="98" count="4" type="stmt"/>
        <line num="100" count="4" type="stmt"/>
      </file>
      <file name="masks.ts" path="/home/johnattas/GitHub/engeapp/storage/libs/MaxUse/src/Helpers/Strings/masks.ts">
        <metrics statements="41" coveredstatements="41" conditionals="39" coveredconditionals="39" methods="7" coveredmethods="7"/>
        <line num="14" count="4" type="stmt"/>
        <line num="15" count="4" type="cond" truecount="2" falsecount="0"/>
        <line num="17" count="3" type="stmt"/>
        <line num="18" count="3" type="cond" truecount="2" falsecount="0"/>
        <line num="19" count="1" type="stmt"/>
        <line num="29" count="3" type="stmt"/>
        <line num="30" count="3" type="cond" truecount="2" falsecount="0"/>
        <line num="31" count="2" type="stmt"/>
        <line num="41" count="2" type="stmt"/>
        <line num="42" count="2" type="cond" truecount="2" falsecount="0"/>
        <line num="43" count="1" type="stmt"/>
        <line num="53" count="3" type="stmt"/>
        <line num="54" count="3" type="cond" truecount="2" falsecount="0"/>
        <line num="55" count="2" type="stmt"/>
        <line num="65" count="8" type="stmt"/>
        <line num="67" count="8" type="cond" truecount="4" falsecount="0"/>
        <line num="69" count="7" type="stmt"/>
        <line num="71" count="7" type="cond" truecount="2" falsecount="0"/>
        <line num="73" count="6" type="cond" truecount="2" falsecount="0"/>
        <line num="74" count="5" type="cond" truecount="2" falsecount="0"/>
        <line num="76" count="3" type="cond" truecount="2" falsecount="0"/>
        <line num="77" count="2" type="cond" truecount="2" falsecount="0"/>
        <line num="79" count="1" type="stmt"/>
        <line num="90" count="9" type="stmt"/>
        <line num="91" count="9" type="cond" truecount="2" falsecount="0"/>
        <line num="93" count="8" type="stmt"/>
        <line num="95" count="8" type="cond" truecount="2" falsecount="0"/>
        <line num="96" count="4" type="stmt"/>
        <line num="97" count="4" type="cond" truecount="2" falsecount="0"/>
        <line num="99" count="3" type="stmt"/>
        <line num="100" count="6" type="cond" truecount="2" falsecount="0"/>
        <line num="101" count="5" type="stmt"/>
        <line num="104" count="3" type="stmt"/>
        <line num="105" count="3" type="cond" truecount="2" falsecount="0"/>
        <line num="107" count="2" type="stmt"/>
        <line num="110" count="4" type="cond" truecount="2" falsecount="0"/>
        <line num="111" count="2" type="stmt"/>
        <line num="112" count="2" type="stmt"/>
        <line num="113" count="2" type="stmt"/>
        <line num="117" count="2" type="cond" truecount="2" falsecount="0"/>
        <line num="118" count="1" type="stmt"/>
      </file>
      <file name="random.ts" path="/home/johnattas/GitHub/engeapp/storage/libs/MaxUse/src/Helpers/Strings/random.ts">
        <metrics statements="22" coveredstatements="22" conditionals="32" coveredconditionals="32" methods="4" coveredmethods="4"/>
        <line num="5" count="5" type="stmt"/>
        <line num="18" count="11" type="stmt"/>
        <line num="19" count="11" type="stmt"/>
        <line num="21" count="11" type="cond" truecount="4" falsecount="0"/>
        <line num="23" count="10" type="cond" truecount="4" falsecount="0"/>
        <line num="24" count="11" type="cond" truecount="2" falsecount="0"/>
        <line num="26" count="11" type="stmt"/>
        <line num="28" count="11" type="cond" truecount="4" falsecount="0"/>
        <line num="29" count="10" type="cond" truecount="2" falsecount="0"/>
        <line num="30" count="10" type="cond" truecount="4" falsecount="0"/>
        <line num="33" count="10" type="cond" truecount="2" falsecount="0"/>
        <line num="36" count="10" type="cond" truecount="6" falsecount="0"/>
        <line num="38" count="10" type="stmt"/>
        <line num="39" count="10" type="stmt"/>
        <line num="41" count="10" type="stmt"/>
        <line num="42" count="390" type="stmt"/>
        <line num="43" count="390" type="stmt"/>
        <line num="46" count="10" type="stmt"/>
        <line num="55" count="4" type="stmt"/>
        <line num="69" count="53" type="stmt"/>
        <line num="70" count="53" type="stmt"/>
        <line num="72" count="53" type="stmt"/>
      </file>
    </package>
    <package name="Helpers.Types">
      <metrics statements="25" coveredstatements="25" conditionals="35" coveredconditionals="35" methods="8" coveredmethods="8"/>
      <file name="canIterate.ts" path="/home/johnattas/GitHub/engeapp/storage/libs/MaxUse/src/Helpers/Types/canIterate.ts">
        <metrics statements="3" coveredstatements="3" conditionals="0" coveredconditionals="0" methods="1" coveredmethods="1"/>
        <line num="10" count="16" type="stmt"/>
        <line num="11" count="16" type="stmt"/>
        <line num="14" count="14" type="stmt"/>
      </file>
      <file name="hasContent.ts" path="/home/johnattas/GitHub/engeapp/storage/libs/MaxUse/src/Helpers/Types/hasContent.ts">
        <metrics statements="10" coveredstatements="10" conditionals="26" coveredconditionals="26" methods="2" coveredmethods="2"/>
        <line num="13" count="263" type="stmt"/>
        <line num="15" count="263" type="cond" truecount="8" falsecount="0"/>
        <line num="16" count="215" type="cond" truecount="4" falsecount="0"/>
        <line num="17" count="167" type="cond" truecount="2" falsecount="0"/>
        <line num="18" count="20" type="cond" truecount="2" falsecount="0"/>
        <line num="19" count="14" type="cond" truecount="4" falsecount="0"/>
        <line num="20" count="8" type="cond" truecount="2" falsecount="0"/>
        <line num="21" count="7" type="cond" truecount="2" falsecount="0"/>
        <line num="22" count="1" type="stmt"/>
        <line num="34" count="10" type="stmt"/>
      </file>
      <file name="isArray.ts" path="/home/johnattas/GitHub/engeapp/storage/libs/MaxUse/src/Helpers/Types/isArray.ts">
        <metrics statements="1" coveredstatements="1" conditionals="0" coveredconditionals="0" methods="1" coveredmethods="1"/>
        <line num="11" count="38" type="stmt"/>
      </file>
      <file name="isBlank.ts" path="/home/johnattas/GitHub/engeapp/storage/libs/MaxUse/src/Helpers/Types/isBlank.ts">
        <metrics statements="2" coveredstatements="2" conditionals="2" coveredconditionals="2" methods="2" coveredmethods="2"/>
        <line num="12" count="228" type="stmt"/>
        <line num="23" count="3" type="stmt"/>
      </file>
      <file name="isNumber.ts" path="/home/johnattas/GitHub/engeapp/storage/libs/MaxUse/src/Helpers/Types/isNumber.ts">
        <metrics statements="6" coveredstatements="6" conditionals="4" coveredconditionals="4" methods="1" coveredmethods="1"/>
        <line num="13" count="21" type="stmt"/>
        <line num="14" count="21" type="cond" truecount="2" falsecount="0"/>
        <line num="15" count="14" type="cond" truecount="2" falsecount="0"/>
        <line num="16" count="13" type="stmt"/>
        <line num="20" count="14" type="stmt"/>
        <line num="22" count="14" type="stmt"/>
      </file>
      <file name="isObject.ts" path="/home/johnattas/GitHub/engeapp/storage/libs/MaxUse/src/Helpers/Types/isObject.ts">
        <metrics statements="3" coveredstatements="3" conditionals="3" coveredconditionals="3" methods="1" coveredmethods="1"/>
        <line num="11" count="48" type="stmt"/>
        <line num="12" count="48" type="stmt"/>
        <line num="13" count="48" type="cond" truecount="3" falsecount="0"/>
      </file>
    </package>
    <package name="Helpers.Validations">
      <metrics statements="78" coveredstatements="78" conditionals="30" coveredconditionals="30" methods="14" coveredmethods="14"/>
      <file name="cepIsValid.ts" path="/home/johnattas/GitHub/engeapp/storage/libs/MaxUse/src/Helpers/Validations/cepIsValid.ts">
        <metrics statements="7" coveredstatements="7" conditionals="2" coveredconditionals="2" methods="1" coveredmethods="1"/>
        <line num="12" count="5" type="stmt"/>
        <line num="13" count="5" type="cond" truecount="2" falsecount="0"/>
        <line num="14" count="4" type="stmt"/>
        <line num="17" count="7" type="stmt"/>
        <line num="18" count="7" type="stmt"/>
        <line num="19" count="7" type="stmt"/>
        <line num="20" count="7" type="stmt"/>
      </file>
      <file name="documents.ts" path="/home/johnattas/GitHub/engeapp/storage/libs/MaxUse/src/Helpers/Validations/documents.ts">
        <metrics statements="31" coveredstatements="31" conditionals="0" coveredconditionals="0" methods="3" coveredmethods="3"/>
        <line num="13" count="5" type="stmt"/>
        <line num="14" count="5" type="stmt"/>
        <line num="24" count="3" type="stmt"/>
        <line num="25" count="3" type="stmt"/>
        <line num="35" count="2" type="stmt"/>
        <line num="36" count="2" type="stmt"/>
        <line num="40" count="7" type="stmt"/>
        <line num="42" count="7" type="stmt"/>
        <line num="44" count="7" type="stmt"/>
        <line num="46" count="7" type="stmt"/>
        <line num="48" count="7" type="stmt"/>
        <line num="50" count="7" type="stmt"/>
        <line num="52" count="7" type="stmt"/>
        <line num="54" count="7" type="stmt"/>
        <line num="56" count="7" type="stmt"/>
        <line num="58" count="7" type="stmt"/>
        <line num="60" count="7" type="stmt"/>
        <line num="62" count="7" type="stmt"/>
        <line num="64" count="7" type="stmt"/>
        <line num="66" count="7" type="stmt"/>
        <line num="68" count="7" type="stmt"/>
        <line num="70" count="7" type="stmt"/>
        <line num="72" count="7" type="stmt"/>
        <line num="74" count="7" type="stmt"/>
        <line num="76" count="7" type="stmt"/>
        <line num="78" count="7" type="stmt"/>
        <line num="80" count="7" type="stmt"/>
        <line num="82" count="7" type="stmt"/>
        <line num="84" count="7" type="stmt"/>
        <line num="86" count="7" type="stmt"/>
        <line num="88" count="7" type="stmt"/>
      </file>
      <file name="isEmail.ts" path="/home/johnattas/GitHub/engeapp/storage/libs/MaxUse/src/Helpers/Validations/isEmail.ts">
        <metrics statements="17" coveredstatements="17" conditionals="4" coveredconditionals="4" methods="1" coveredmethods="1"/>
        <line num="10" count="6" type="stmt"/>
        <line num="12" count="6" type="cond" truecount="4" falsecount="0"/>
        <line num="16" count="5" type="stmt"/>
        <line num="18" count="5" type="stmt"/>
        <line num="21" count="7" type="stmt"/>
        <line num="22" count="7" type="stmt"/>
        <line num="23" count="7" type="stmt"/>
        <line num="24" count="7" type="stmt"/>
        <line num="25" count="7" type="stmt"/>
        <line num="26" count="7" type="stmt"/>
        <line num="27" count="7" type="stmt"/>
        <line num="28" count="7" type="stmt"/>
        <line num="29" count="7" type="stmt"/>
        <line num="30" count="7" type="stmt"/>
        <line num="31" count="7" type="stmt"/>
        <line num="32" count="7" type="stmt"/>
        <line num="33" count="7" type="stmt"/>
      </file>
      <file name="isValid.ts" path="/home/johnattas/GitHub/engeapp/storage/libs/MaxUse/src/Helpers/Validations/isValid.ts">
        <metrics statements="13" coveredstatements="13" conditionals="22" coveredconditionals="22" methods="8" coveredmethods="8"/>
        <line num="11" count="6" type="cond" truecount="4" falsecount="0"/>
        <line num="12" count="2" type="stmt"/>
        <line num="23" count="13" type="cond" truecount="4" falsecount="0"/>
        <line num="24" count="9" type="stmt"/>
        <line num="35" count="6" type="cond" truecount="4" falsecount="0"/>
        <line num="36" count="2" type="stmt"/>
        <line num="47" count="6" type="cond" truecount="4" falsecount="0"/>
        <line num="48" count="4" type="stmt"/>
        <line num="59" count="6" type="cond" truecount="4" falsecount="0"/>
        <line num="60" count="2" type="stmt"/>
        <line num="70" count="149" type="cond" truecount="2" falsecount="0"/>
        <line num="81" count="141" type="stmt"/>
        <line num="92" count="2" type="stmt"/>
      </file>
      <file name="phone.ts" path="/home/johnattas/GitHub/engeapp/storage/libs/MaxUse/src/Helpers/Validations/phone.ts">
        <metrics statements="10" coveredstatements="10" conditionals="2" coveredconditionals="2" methods="1" coveredmethods="1"/>
        <line num="11" count="5" type="stmt"/>
        <line num="12" count="5" type="cond" truecount="2" falsecount="0"/>
        <line num="14" count="4" type="stmt"/>
        <line num="18" count="7" type="stmt"/>
        <line num="20" count="7" type="stmt"/>
        <line num="22" count="7" type="stmt"/>
        <line num="24" count="7" type="stmt"/>
        <line num="26" count="7" type="stmt"/>
        <line num="28" count="7" type="stmt"/>
        <line num="30" count="7" type="stmt"/>
      </file>
    </package>
    <package name="Routes">
      <metrics statements="156" coveredstatements="156" conditionals="98" coveredconditionals="98" methods="34" coveredmethods="34"/>
      <file name="apiDeleteRoute.ts" path="/home/johnattas/GitHub/engeapp/storage/libs/MaxUse/src/Routes/apiDeleteRoute.ts">
        <metrics statements="8" coveredstatements="8" conditionals="6" coveredconditionals="6" methods="1" coveredmethods="1"/>
        <line num="14" count="4" type="stmt"/>
        <line num="16" count="4" type="cond" truecount="2" falsecount="0"/>
        <line num="18" count="3" type="stmt"/>
        <line num="19" count="3" type="cond" truecount="2" falsecount="0"/>
        <line num="20" count="4" type="stmt"/>
        <line num="30" count="2" type="stmt"/>
        <line num="32" count="1" type="stmt"/>
        <line num="33" count="1" type="stmt"/>
      </file>
      <file name="apiGetRoute.ts" path="/home/johnattas/GitHub/engeapp/storage/libs/MaxUse/src/Routes/apiGetRoute.ts">
        <metrics statements="9" coveredstatements="9" conditionals="6" coveredconditionals="6" methods="1" coveredmethods="1"/>
        <line num="14" count="4" type="stmt"/>
        <line num="15" count="4" type="stmt"/>
        <line num="17" count="4" type="cond" truecount="2" falsecount="0"/>
        <line num="19" count="4" type="stmt"/>
        <line num="20" count="4" type="stmt"/>
        <line num="21" count="4" type="stmt"/>
        <line num="22" count="2" type="stmt"/>
        <line num="24" count="2" type="cond" truecount="2" falsecount="0"/>
        <line num="26" count="2" type="stmt"/>
      </file>
      <file name="apiPostRoute.ts" path="/home/johnattas/GitHub/engeapp/storage/libs/MaxUse/src/Routes/apiPostRoute.ts">
        <metrics statements="8" coveredstatements="8" conditionals="6" coveredconditionals="6" methods="1" coveredmethods="1"/>
        <line num="14" count="4" type="stmt"/>
        <line num="16" count="4" type="cond" truecount="2" falsecount="0"/>
        <line num="18" count="3" type="stmt"/>
        <line num="19" count="3" type="cond" truecount="2" falsecount="0"/>
        <line num="20" count="4" type="stmt"/>
        <line num="29" count="2" type="stmt"/>
        <line num="31" count="1" type="stmt"/>
        <line num="32" count="1" type="stmt"/>
      </file>
      <file name="apiPutRoute.ts" path="/home/johnattas/GitHub/engeapp/storage/libs/MaxUse/src/Routes/apiPutRoute.ts">
        <metrics statements="8" coveredstatements="8" conditionals="6" coveredconditionals="6" methods="1" coveredmethods="1"/>
        <line num="14" count="4" type="stmt"/>
        <line num="16" count="4" type="cond" truecount="2" falsecount="0"/>
        <line num="18" count="3" type="stmt"/>
        <line num="19" count="3" type="cond" truecount="2" falsecount="0"/>
        <line num="20" count="4" type="stmt"/>
        <line num="29" count="2" type="stmt"/>
        <line num="31" count="1" type="stmt"/>
        <line num="32" count="1" type="stmt"/>
      </file>
      <file name="apiRoute.ts" path="/home/johnattas/GitHub/engeapp/storage/libs/MaxUse/src/Routes/apiRoute.ts">
        <metrics statements="6" coveredstatements="6" conditionals="9" coveredconditionals="9" methods="1" coveredmethods="1"/>
        <line num="14" count="5" type="cond" truecount="2" falsecount="0"/>
        <line num="16" count="4" type="cond" truecount="2" falsecount="0"/>
        <line num="18" count="5" type="stmt"/>
        <line num="19" count="5" type="cond" truecount="2" falsecount="0"/>
        <line num="21" count="5" type="stmt"/>
        <line num="26" count="5" type="stmt"/>
      </file>
      <file name="apiUploadRoute.ts" path="/home/johnattas/GitHub/engeapp/storage/libs/MaxUse/src/Routes/apiUploadRoute.ts">
        <metrics statements="18" coveredstatements="18" conditionals="15" coveredconditionals="15" methods="2" coveredmethods="2"/>
        <line num="16" count="5" type="stmt"/>
        <line num="19" count="5" type="cond" truecount="2" falsecount="0"/>
        <line num="23" count="4" type="stmt"/>
        <line num="26" count="4" type="stmt"/>
        <line num="27" count="4" type="cond" truecount="2" falsecount="0"/>
        <line num="28" count="3" type="stmt"/>
        <line num="29" count="3" type="cond" truecount="4" falsecount="0"/>
        <line num="30" count="2" type="stmt"/>
        <line num="36" count="4" type="stmt"/>
        <line num="42" count="5" type="stmt"/>
        <line num="43" count="4" type="stmt"/>
        <line num="44" count="4" type="stmt"/>
        <line num="45" count="4" type="stmt"/>
        <line num="46" count="4" type="stmt"/>
        <line num="49" count="4" type="stmt"/>
        <line num="52" count="5" type="cond" truecount="2" falsecount="0"/>
        <line num="53" count="5" type="stmt"/>
        <line num="61" count="4" type="stmt"/>
      </file>
      <file name="getCachedApi.ts" path="/home/johnattas/GitHub/engeapp/storage/libs/MaxUse/src/Routes/getCachedApi.ts">
        <metrics statements="14" coveredstatements="14" conditionals="10" coveredconditionals="10" methods="1" coveredmethods="1"/>
        <line num="21" count="5" type="stmt"/>
        <line num="23" count="5" type="cond" truecount="2" falsecount="0"/>
        <line num="25" count="4" type="cond" truecount="2" falsecount="0"/>
        <line num="27" count="5" type="cond" truecount="2" falsecount="0"/>
        <line num="29" count="5" type="stmt"/>
        <line num="31" count="5" type="cond" truecount="2" falsecount="0"/>
        <line num="33" count="2" type="stmt"/>
        <line num="34" count="2" type="stmt"/>
        <line num="36" count="2" type="stmt"/>
        <line num="37" count="2" type="stmt"/>
        <line num="38" count="2" type="stmt"/>
        <line num="39" count="2" type="stmt"/>
        <line num="40" count="2" type="stmt"/>
        <line num="41" count="2" type="stmt"/>
      </file>
      <file name="getCachedApiIDB.ts" path="/home/johnattas/GitHub/engeapp/storage/libs/MaxUse/src/Routes/getCachedApiIDB.ts">
        <metrics statements="62" coveredstatements="62" conditionals="18" coveredconditionals="18" methods="23" coveredmethods="23"/>
        <line num="10" count="2" type="stmt"/>
        <line num="12" count="2" type="stmt"/>
        <line num="14" count="2" type="stmt"/>
        <line num="28" count="16" type="stmt"/>
        <line num="29" count="16" type="stmt"/>
        <line num="31" count="16" type="stmt"/>
        <line num="32" count="15" type="stmt"/>
        <line num="33" count="15" type="cond" truecount="2" falsecount="0"/>
        <line num="37" count="16" type="stmt"/>
        <line num="38" count="16" type="stmt"/>
        <line num="49" count="7" type="stmt"/>
        <line num="50" count="6" type="stmt"/>
        <line num="51" count="6" type="stmt"/>
        <line num="52" count="6" type="stmt"/>
        <line num="53" count="6" type="stmt"/>
        <line num="55" count="6" type="stmt"/>
        <line num="56" count="5" type="stmt"/>
        <line num="58" count="5" type="cond" truecount="2" falsecount="0"/>
        <line num="59" count="3" type="stmt"/>
        <line num="60" count="3" type="stmt"/>
        <line num="64" count="2" type="cond" truecount="4" falsecount="0"/>
        <line num="66" count="1" type="stmt"/>
        <line num="67" count="1" type="stmt"/>
        <line num="68" count="1" type="stmt"/>
        <line num="71" count="1" type="stmt"/>
        <line num="74" count="6" type="stmt"/>
        <line num="85" count="4" type="stmt"/>
        <line num="86" count="4" type="stmt"/>
        <line num="87" count="4" type="stmt"/>
        <line num="88" count="4" type="stmt"/>
        <line num="90" count="4" type="stmt"/>
        <line num="91" count="4" type="stmt"/>
        <line num="93" count="4" type="stmt"/>
        <line num="94" count="4" type="stmt"/>
        <line num="104" count="3" type="stmt"/>
        <line num="105" count="3" type="stmt"/>
        <line num="106" count="3" type="stmt"/>
        <line num="107" count="3" type="stmt"/>
        <line num="108" count="3" type="stmt"/>
        <line num="110" count="3" type="stmt"/>
        <line num="111" count="3" type="stmt"/>
        <line num="119" count="2" type="stmt"/>
        <line num="120" count="2" type="stmt"/>
        <line num="121" count="2" type="stmt"/>
        <line num="122" count="2" type="stmt"/>
        <line num="123" count="2" type="stmt"/>
        <line num="125" count="2" type="stmt"/>
        <line num="126" count="2" type="stmt"/>
        <line num="148" count="8" type="stmt"/>
        <line num="150" count="8" type="cond" truecount="2" falsecount="0"/>
        <line num="152" count="7" type="cond" truecount="2" falsecount="0"/>
        <line num="154" count="8" type="cond" truecount="2" falsecount="0"/>
        <line num="157" count="8" type="stmt"/>
        <line num="159" count="5" type="cond" truecount="2" falsecount="0"/>
        <line num="162" count="4" type="stmt"/>
        <line num="163" count="4" type="stmt"/>
        <line num="165" count="4" type="stmt"/>
        <line num="166" count="4" type="stmt"/>
        <line num="167" count="4" type="stmt"/>
        <line num="168" count="4" type="stmt"/>
        <line num="171" count="4" type="stmt"/>
        <line num="173" count="3" type="stmt"/>
      </file>
      <file name="getRoute.ts" path="/home/johnattas/GitHub/engeapp/storage/libs/MaxUse/src/Routes/getRoute.ts">
        <metrics statements="8" coveredstatements="8" conditionals="10" coveredconditionals="10" methods="1" coveredmethods="1"/>
        <line num="13" count="2" type="cond" truecount="2" falsecount="0"/>
        <line num="14" count="8" type="stmt"/>
        <line num="15" count="8" type="cond" truecount="4" falsecount="0"/>
        <line num="17" count="5" type="cond" truecount="2" falsecount="0"/>
        <line num="19" count="8" type="stmt"/>
        <line num="20" count="8" type="cond" truecount="2" falsecount="0"/>
        <line num="21" count="1" type="stmt"/>
        <line num="25" count="2" type="stmt"/>
      </file>
      <file name="goToRoute.ts" path="/home/johnattas/GitHub/engeapp/storage/libs/MaxUse/src/Routes/goToRoute.ts">
        <metrics statements="15" coveredstatements="15" conditionals="12" coveredconditionals="12" methods="2" coveredmethods="2"/>
        <line num="6" count="2" type="stmt"/>
        <line num="24" count="2" type="stmt"/>
        <line num="25" count="9" type="stmt"/>
        <line num="37" count="2" type="cond" truecount="2" falsecount="0"/>
        <line num="38" count="8" type="cond" truecount="2" falsecount="0"/>
        <line num="40" count="7" type="stmt"/>
        <line num="41" count="7" type="cond" truecount="4" falsecount="0"/>
        <line num="43" count="4" type="cond" truecount="2" falsecount="0"/>
        <line num="45" count="8" type="stmt"/>
        <line num="46" count="8" type="cond" truecount="2" falsecount="0"/>
        <line num="47" count="3" type="stmt"/>
        <line num="48" count="3" type="stmt"/>
        <line num="52" count="1" type="stmt"/>
        <line num="54" count="1" type="stmt"/>
        <line num="58" count="2" type="stmt"/>
      </file>
    </package>
  </project>
</coverage>
