{"/home/johnattas/GitHub/engeapp/storage/libs/MaxUse/src/Composables/useDateFormat.ts": {"path":"/home/johnattas/GitHub/engeapp/storage/libs/MaxUse/src/Composables/useDateFormat.ts","statementMap":{"0":{"start":{"line":22,"column":13},"end":{"line":25,"column":null}},"1":{"start":{"line":23,"column":4},"end":{"line":23,"column":null}},"2":{"start":{"line":23,"column":42},"end":{"line":23,"column":null}},"3":{"start":{"line":24,"column":4},"end":{"line":24,"column":null}},"4":{"start":{"line":28,"column":26},"end":{"line":28,"column":null}}},"fnMap":{"0":{"name":"(anonymous_0)","decl":{"start":{"line":22,"column":13},"end":{"line":22,"column":30}},"loc":{"start":{"line":22,"column":144},"end":{"line":25,"column":null}},"line":22}},"branchMap":{"0":{"loc":{"start":{"line":23,"column":4},"end":{"line":23,"column":null}},"type":"if","locations":[{"start":{"line":23,"column":4},"end":{"line":23,"column":null}},{"start":{},"end":{}}],"line":23}},"s":{"0":2,"1":5,"2":2,"3":3,"4":2},"f":{"0":5},"b":{"0":[2,3]},"meta":{"lastBranch":1,"lastFunction":1,"lastStatement":5,"seen":{"s:22:13:25:Infinity":0,"f:22:13:22:30":0,"b:23:4:23:Infinity:undefined:undefined:undefined:undefined":0,"s:23:4:23:Infinity":1,"s:23:42:23:Infinity":2,"s:24:4:24:Infinity":3,"s:28:26:28:Infinity":4}}}
,"/home/johnattas/GitHub/engeapp/storage/libs/MaxUse/src/Composables/useDefaultReset.ts": {"path":"/home/johnattas/GitHub/engeapp/storage/libs/MaxUse/src/Composables/useDefaultReset.ts","statementMap":{"0":{"start":{"line":43,"column":10},"end":{"line":43,"column":null}},"1":{"start":{"line":44,"column":4},"end":{"line":44,"column":null}},"2":{"start":{"line":46,"column":4},"end":{"line":53,"column":null}},"3":{"start":{"line":47,"column":25},"end":{"line":47,"column":null}},"4":{"start":{"line":48,"column":8},"end":{"line":51,"column":null}},"5":{"start":{"line":49,"column":12},"end":{"line":49,"column":null}},"6":{"start":{"line":49,"column":59},"end":{"line":49,"column":null}},"7":{"start":{"line":50,"column":12},"end":{"line":50,"column":null}},"8":{"start":{"line":50,"column":66},"end":{"line":50,"column":null}},"9":{"start":{"line":52,"column":8},"end":{"line":52,"column":null}},"10":{"start":{"line":55,"column":4},"end":{"line":55,"column":null}},"11":{"start":{"line":56,"column":4},"end":{"line":56,"column":null}},"12":{"start":{"line":58,"column":4},"end":{"line":64,"column":null}},"13":{"start":{"line":59,"column":8},"end":{"line":63,"column":null}},"14":{"start":{"line":60,"column":12},"end":{"line":62,"column":null}},"15":{"start":{"line":61,"column":16},"end":{"line":61,"column":null}},"16":{"start":{"line":67,"column":4},"end":{"line":67,"column":null}},"17":{"start":{"line":71,"column":28},"end":{"line":71,"column":null}}},"fnMap":{"0":{"name":"useDefaultReset","decl":{"start":{"line":42,"column":16},"end":{"line":42,"column":35}},"loc":{"start":{"line":42,"column":97},"end":{"line":68,"column":null}},"line":42},"1":{"name":"(anonymous_1)","decl":{"start":{"line":46,"column":10},"end":{"line":46,"column":24}},"loc":{"start":{"line":46,"column":24},"end":{"line":53,"column":null}},"line":46},"2":{"name":"(anonymous_2)","decl":{"start":{"line":59,"column":23},"end":{"line":59,"column":36}},"loc":{"start":{"line":59,"column":36},"end":{"line":63,"column":11}},"line":59},"3":{"name":"(anonymous_3)","decl":{"start":{"line":60,"column":12},"end":{"line":60,"column":29}},"loc":{"start":{"line":60,"column":29},"end":{"line":62,"column":15}},"line":60}},"branchMap":{"0":{"loc":{"start":{"line":42,"column":51},"end":{"line":42,"column":97}},"type":"default-arg","locations":[{"start":{"line":42,"column":74},"end":{"line":42,"column":97}}],"line":42},"1":{"loc":{"start":{"line":48,"column":8},"end":{"line":51,"column":null}},"type":"if","locations":[{"start":{"line":48,"column":8},"end":{"line":51,"column":null}},{"start":{},"end":{}}],"line":48},"2":{"loc":{"start":{"line":49,"column":12},"end":{"line":49,"column":null}},"type":"if","locations":[{"start":{"line":49,"column":12},"end":{"line":49,"column":null}},{"start":{},"end":{}}],"line":49},"3":{"loc":{"start":{"line":50,"column":12},"end":{"line":50,"column":null}},"type":"if","locations":[{"start":{"line":50,"column":12},"end":{"line":50,"column":null}},{"start":{},"end":{}}],"line":50},"4":{"loc":{"start":{"line":58,"column":4},"end":{"line":64,"column":null}},"type":"if","locations":[{"start":{"line":58,"column":4},"end":{"line":64,"column":null}},{"start":{},"end":{}}],"line":58}},"s":{"0":10,"1":10,"2":10,"3":17,"4":17,"5":10,"6":3,"7":10,"8":1,"9":17,"10":10,"11":10,"12":10,"13":1,"14":1,"15":1,"16":10,"17":2},"f":{"0":10,"1":17,"2":1,"3":1},"b":{"0":[10],"1":[10,7],"2":[3,7],"3":[1,9],"4":[1,9]},"meta":{"lastBranch":5,"lastFunction":4,"lastStatement":18,"seen":{"f:42:16:42:35":0,"b:42:74:42:97":0,"s:43:10:43:Infinity":0,"s:44:4:44:Infinity":1,"s:46:4:53:Infinity":2,"f:46:10:46:24":1,"s:47:25:47:Infinity":3,"b:48:8:51:Infinity:undefined:undefined:undefined:undefined":1,"s:48:8:51:Infinity":4,"b:49:12:49:Infinity:undefined:undefined:undefined:undefined":2,"s:49:12:49:Infinity":5,"s:49:59:49:Infinity":6,"b:50:12:50:Infinity:undefined:undefined:undefined:undefined":3,"s:50:12:50:Infinity":7,"s:50:66:50:Infinity":8,"s:52:8:52:Infinity":9,"s:55:4:55:Infinity":10,"s:56:4:56:Infinity":11,"b:58:4:64:Infinity:undefined:undefined:undefined:undefined":4,"s:58:4:64:Infinity":12,"s:59:8:63:Infinity":13,"f:59:23:59:36":2,"s:60:12:62:Infinity":14,"f:60:12:60:29":3,"s:61:16:61:Infinity":15,"s:67:4:67:Infinity":16,"s:71:28:71:Infinity":17}}}
,"/home/johnattas/GitHub/engeapp/storage/libs/MaxUse/src/Composables/useRefCached.ts": {"path":"/home/johnattas/GitHub/engeapp/storage/libs/MaxUse/src/Composables/useRefCached.ts","statementMap":{"0":{"start":{"line":27,"column":10},"end":{"line":27,"column":null}},"1":{"start":{"line":27,"column":20},"end":{"line":27,"column":81}},"2":{"start":{"line":29,"column":10},"end":{"line":29,"column":null}},"3":{"start":{"line":32,"column":10},"end":{"line":44,"column":null}},"4":{"start":{"line":33,"column":8},"end":{"line":33,"column":null}},"5":{"start":{"line":33,"column":79},"end":{"line":33,"column":null}},"6":{"start":{"line":35,"column":8},"end":{"line":41,"column":null}},"7":{"start":{"line":36,"column":12},"end":{"line":40,"column":null}},"8":{"start":{"line":37,"column":16},"end":{"line":37,"column":null}},"9":{"start":{"line":39,"column":16},"end":{"line":39,"column":null}},"10":{"start":{"line":41,"column":15},"end":{"line":41,"column":null}},"11":{"start":{"line":46,"column":4},"end":{"line":46,"column":null}},"12":{"start":{"line":47,"column":4},"end":{"line":47,"column":null}},"13":{"start":{"line":47,"column":25},"end":{"line":47,"column":78}},"14":{"start":{"line":49,"column":4},"end":{"line":66,"column":null}},"15":{"start":{"line":51,"column":8},"end":{"line":51,"column":null}},"16":{"start":{"line":51,"column":28},"end":{"line":51,"column":null}},"17":{"start":{"line":54,"column":20},"end":{"line":54,"column":null}},"18":{"start":{"line":55,"column":8},"end":{"line":62,"column":null}},"19":{"start":{"line":56,"column":12},"end":{"line":60,"column":null}},"20":{"start":{"line":57,"column":16},"end":{"line":57,"column":null}},"21":{"start":{"line":59,"column":16},"end":{"line":59,"column":null}},"22":{"start":{"line":61,"column":12},"end":{"line":61,"column":null}},"23":{"start":{"line":64,"column":8},"end":{"line":64,"column":null}},"24":{"start":{"line":68,"column":4},"end":{"line":71,"column":null}},"25":{"start":{"line":69,"column":8},"end":{"line":69,"column":null}},"26":{"start":{"line":69,"column":28},"end":{"line":69,"column":null}},"27":{"start":{"line":70,"column":8},"end":{"line":70,"column":null}},"28":{"start":{"line":73,"column":4},"end":{"line":73,"column":null}},"29":{"start":{"line":77,"column":29},"end":{"line":77,"column":null}},"30":{"start":{"line":79,"column":25},"end":{"line":79,"column":null}},"31":{"start":{"line":81,"column":30},"end":{"line":81,"column":null}},"32":{"start":{"line":83,"column":26},"end":{"line":83,"column":null}}},"fnMap":{"0":{"name":"useRefCached","decl":{"start":{"line":26,"column":16},"end":{"line":26,"column":32}},"loc":{"start":{"line":26,"column":82},"end":{"line":74,"column":null}},"line":26},"1":{"name":"(anonymous_1)","decl":{"start":{"line":27,"column":20},"end":{"line":27,"column":35}},"loc":{"start":{"line":27,"column":20},"end":{"line":27,"column":81}},"line":27},"2":{"name":"(anonymous_2)","decl":{"start":{"line":32,"column":10},"end":{"line":32,"column":28}},"loc":{"start":{"line":32,"column":52},"end":{"line":44,"column":null}},"line":32},"3":{"name":"(anonymous_3)","decl":{"start":{"line":47,"column":4},"end":{"line":47,"column":25}},"loc":{"start":{"line":47,"column":25},"end":{"line":47,"column":78}},"line":47},"4":{"name":"(anonymous_4)","decl":{"start":{"line":49,"column":10},"end":{"line":49,"column":25}},"loc":{"start":{"line":49,"column":25},"end":{"line":66,"column":7}},"line":49},"5":{"name":"(anonymous_5)","decl":{"start":{"line":68,"column":10},"end":{"line":68,"column":18}},"loc":{"start":{"line":68,"column":32},"end":{"line":71,"column":7}},"line":68}},"branchMap":{"0":{"loc":{"start":{"line":27,"column":20},"end":{"line":27,"column":81}},"type":"cond-expr","locations":[{"start":{"line":27,"column":50},"end":{"line":27,"column":73}},{"start":{"line":27,"column":73},"end":{"line":27,"column":81}}],"line":27},"1":{"loc":{"start":{"line":33,"column":8},"end":{"line":33,"column":null}},"type":"if","locations":[{"start":{"line":33,"column":8},"end":{"line":33,"column":null}},{"start":{},"end":{}}],"line":33},"2":{"loc":{"start":{"line":33,"column":12},"end":{"line":33,"column":79}},"type":"binary-expr","locations":[{"start":{"line":33,"column":12},"end":{"line":33,"column":43}},{"start":{"line":33,"column":43},"end":{"line":33,"column":79}}],"line":33},"3":{"loc":{"start":{"line":35,"column":8},"end":{"line":41,"column":null}},"type":"if","locations":[{"start":{"line":35,"column":8},"end":{"line":41,"column":null}},{"start":{"line":41,"column":15},"end":{"line":41,"column":null}}],"line":35},"4":{"loc":{"start":{"line":51,"column":8},"end":{"line":51,"column":null}},"type":"if","locations":[{"start":{"line":51,"column":8},"end":{"line":51,"column":null}},{"start":{},"end":{}}],"line":51},"5":{"loc":{"start":{"line":55,"column":8},"end":{"line":62,"column":null}},"type":"if","locations":[{"start":{"line":55,"column":8},"end":{"line":62,"column":null}},{"start":{},"end":{}}],"line":55},"6":{"loc":{"start":{"line":69,"column":8},"end":{"line":69,"column":null}},"type":"if","locations":[{"start":{"line":69,"column":8},"end":{"line":69,"column":null}},{"start":{},"end":{}}],"line":69}},"s":{"0":13,"1":14,"2":13,"3":13,"4":4,"5":1,"6":3,"7":2,"8":2,"9":1,"10":1,"11":13,"12":13,"13":13,"14":13,"15":14,"16":1,"17":13,"18":13,"19":4,"20":4,"21":1,"22":4,"23":9,"24":13,"25":20,"26":2,"27":18,"28":13,"29":2,"30":2,"31":2,"32":2},"f":{"0":13,"1":14,"2":4,"3":13,"4":14,"5":20},"b":{"0":[12,2],"1":[1,3],"2":[4,3],"3":[2,1],"4":[1,13],"5":[4,9],"6":[2,18]},"meta":{"lastBranch":7,"lastFunction":6,"lastStatement":33,"seen":{"f:26:16:26:32":0,"s:27:10:27:Infinity":0,"f:27:20:27:35":1,"s:27:20:27:81":1,"b:27:50:27:73:27:73:27:81":0,"s:29:10:29:Infinity":2,"s:32:10:44:Infinity":3,"f:32:10:32:28":2,"b:33:8:33:Infinity:undefined:undefined:undefined:undefined":1,"s:33:8:33:Infinity":4,"b:33:12:33:43:33:43:33:79":2,"s:33:79:33:Infinity":5,"b:35:8:41:Infinity:41:15:41:Infinity":3,"s:35:8:41:Infinity":6,"s:36:12:40:Infinity":7,"s:37:16:37:Infinity":8,"s:39:16:39:Infinity":9,"s:41:15:41:Infinity":10,"s:46:4:46:Infinity":11,"s:47:4:47:Infinity":12,"f:47:4:47:25":3,"s:47:25:47:78":13,"s:49:4:66:Infinity":14,"f:49:10:49:25":4,"b:51:8:51:Infinity:undefined:undefined:undefined:undefined":4,"s:51:8:51:Infinity":15,"s:51:28:51:Infinity":16,"s:54:20:54:Infinity":17,"b:55:8:62:Infinity:undefined:undefined:undefined:undefined":5,"s:55:8:62:Infinity":18,"s:56:12:60:Infinity":19,"s:57:16:57:Infinity":20,"s:59:16:59:Infinity":21,"s:61:12:61:Infinity":22,"s:64:8:64:Infinity":23,"s:68:4:71:Infinity":24,"f:68:10:68:18":5,"b:69:8:69:Infinity:undefined:undefined:undefined:undefined":6,"s:69:8:69:Infinity":25,"s:69:28:69:Infinity":26,"s:70:8:70:Infinity":27,"s:73:4:73:Infinity":28,"s:77:29:77:Infinity":29,"s:79:25:79:Infinity":30,"s:81:30:81:Infinity":31,"s:83:26:83:Infinity":32}}}
,"/home/johnattas/GitHub/engeapp/storage/libs/MaxUse/src/Composables/useRefCachedApi.ts": {"path":"/home/johnattas/GitHub/engeapp/storage/libs/MaxUse/src/Composables/useRefCachedApi.ts","statementMap":{"0":{"start":{"line":33,"column":10},"end":{"line":33,"column":null}},"1":{"start":{"line":34,"column":16},"end":{"line":34,"column":null}},"2":{"start":{"line":36,"column":17},"end":{"line":36,"column":null}},"3":{"start":{"line":38,"column":4},"end":{"line":38,"column":null}},"4":{"start":{"line":38,"column":14},"end":{"line":38,"column":null}},"5":{"start":{"line":40,"column":4},"end":{"line":46,"column":null}},"6":{"start":{"line":41,"column":14},"end":{"line":41,"column":null}},"7":{"start":{"line":41,"column":41},"end":{"line":41,"column":68}},"8":{"start":{"line":43,"column":8},"end":{"line":45,"column":null}},"9":{"start":{"line":44,"column":12},"end":{"line":44,"column":null}},"10":{"start":{"line":49,"column":4},"end":{"line":58,"column":null}},"11":{"start":{"line":50,"column":25},"end":{"line":50,"column":null}},"12":{"start":{"line":51,"column":8},"end":{"line":57,"column":null}},"13":{"start":{"line":52,"column":12},"end":{"line":56,"column":null}},"14":{"start":{"line":53,"column":16},"end":{"line":53,"column":null}},"15":{"start":{"line":54,"column":34},"end":{"line":54,"column":null}},"16":{"start":{"line":55,"column":16},"end":{"line":55,"column":null}},"17":{"start":{"line":60,"column":4},"end":{"line":60,"column":null}},"18":{"start":{"line":64,"column":31},"end":{"line":64,"column":null}},"19":{"start":{"line":66,"column":33},"end":{"line":66,"column":null}},"20":{"start":{"line":68,"column":29},"end":{"line":68,"column":null}}},"fnMap":{"0":{"name":"useCachedApi","decl":{"start":{"line":32,"column":16},"end":{"line":32,"column":32}},"loc":{"start":{"line":32,"column":189},"end":{"line":61,"column":null}},"line":32},"1":{"name":"(anonymous_1)","decl":{"start":{"line":41,"column":26},"end":{"line":41,"column":41}},"loc":{"start":{"line":41,"column":41},"end":{"line":41,"column":68}},"line":41},"2":{"name":"(anonymous_2)","decl":{"start":{"line":43,"column":14},"end":{"line":43,"column":26}},"loc":{"start":{"line":43,"column":36},"end":{"line":45,"column":9}},"line":43},"3":{"name":"(anonymous_3)","decl":{"start":{"line":51,"column":42},"end":{"line":51,"column":48}},"loc":{"start":{"line":51,"column":58},"end":{"line":57,"column":9}},"line":51}},"branchMap":{"0":{"loc":{"start":{"line":32,"column":52},"end":{"line":32,"column":189}},"type":"default-arg","locations":[{"start":{"line":32,"column":166},"end":{"line":32,"column":189}}],"line":32},"1":{"loc":{"start":{"line":33,"column":22},"end":{"line":33,"column":50}},"type":"binary-expr","locations":[{"start":{"line":33,"column":22},"end":{"line":33,"column":46}},{"start":{"line":33,"column":46},"end":{"line":33,"column":50}}],"line":33},"2":{"loc":{"start":{"line":34,"column":16},"end":{"line":34,"column":null}},"type":"binary-expr","locations":[{"start":{"line":34,"column":16},"end":{"line":34,"column":31}},{"start":{"line":34,"column":31},"end":{"line":34,"column":null}}],"line":34},"3":{"loc":{"start":{"line":38,"column":4},"end":{"line":38,"column":null}},"type":"if","locations":[{"start":{"line":38,"column":4},"end":{"line":38,"column":null}},{"start":{},"end":{}}],"line":38},"4":{"loc":{"start":{"line":40,"column":4},"end":{"line":46,"column":null}},"type":"if","locations":[{"start":{"line":40,"column":4},"end":{"line":46,"column":null}},{"start":{},"end":{}}],"line":40},"5":{"loc":{"start":{"line":49,"column":4},"end":{"line":58,"column":null}},"type":"if","locations":[{"start":{"line":49,"column":4},"end":{"line":58,"column":null}},{"start":{},"end":{}}],"line":49},"6":{"loc":{"start":{"line":50,"column":25},"end":{"line":50,"column":null}},"type":"binary-expr","locations":[{"start":{"line":50,"column":25},"end":{"line":50,"column":45}},{"start":{"line":50,"column":45},"end":{"line":50,"column":61}},{"start":{"line":50,"column":61},"end":{"line":50,"column":null}}],"line":50},"7":{"loc":{"start":{"line":52,"column":12},"end":{"line":56,"column":null}},"type":"if","locations":[{"start":{"line":52,"column":12},"end":{"line":56,"column":null}},{"start":{},"end":{}}],"line":52}},"s":{"0":7,"1":7,"2":7,"3":7,"4":2,"5":7,"6":6,"7":8,"8":6,"9":2,"10":7,"11":2,"12":2,"13":2,"14":1,"15":1,"16":1,"17":7,"18":2,"19":2,"20":2},"f":{"0":7,"1":8,"2":2,"3":2},"b":{"0":[7],"1":[7,3],"2":[7,6],"3":[2,5],"4":[6,1],"5":[2,5],"6":[2,2,1],"7":[1,1]},"meta":{"lastBranch":8,"lastFunction":4,"lastStatement":21,"seen":{"f:32:16:32:32":0,"b:32:166:32:189":0,"s:33:10:33:Infinity":0,"b:33:22:33:46:33:46:33:50":1,"s:34:16:34:Infinity":1,"b:34:16:34:31:34:31:34:Infinity":2,"s:36:17:36:Infinity":2,"b:38:4:38:Infinity:undefined:undefined:undefined:undefined":3,"s:38:4:38:Infinity":3,"s:38:14:38:Infinity":4,"b:40:4:46:Infinity:undefined:undefined:undefined:undefined":4,"s:40:4:46:Infinity":5,"s:41:14:41:Infinity":6,"f:41:26:41:41":1,"s:41:41:41:68":7,"s:43:8:45:Infinity":8,"f:43:14:43:26":2,"s:44:12:44:Infinity":9,"b:49:4:58:Infinity:undefined:undefined:undefined:undefined":5,"s:49:4:58:Infinity":10,"s:50:25:50:Infinity":11,"b:50:25:50:45:50:45:50:61:50:61:50:Infinity":6,"s:51:8:57:Infinity":12,"f:51:42:51:48":3,"b:52:12:56:Infinity:undefined:undefined:undefined:undefined":7,"s:52:12:56:Infinity":13,"s:53:16:53:Infinity":14,"s:54:34:54:Infinity":15,"s:55:16:55:Infinity":16,"s:60:4:60:Infinity":17,"s:64:31:64:Infinity":18,"s:66:33:66:Infinity":19,"s:68:29:68:Infinity":20}}}
,"/home/johnattas/GitHub/engeapp/storage/libs/MaxUse/src/Composables/useTimeAgo.ts": {"path":"/home/johnattas/GitHub/engeapp/storage/libs/MaxUse/src/Composables/useTimeAgo.ts","statementMap":{"0":{"start":{"line":8,"column":13},"end":{"line":19,"column":null}},"1":{"start":{"line":10,"column":21},"end":{"line":10,"column":null}},"2":{"start":{"line":11,"column":23},"end":{"line":11,"column":null}},"3":{"start":{"line":12,"column":34},"end":{"line":12,"column":null}},"4":{"start":{"line":13,"column":33},"end":{"line":13,"column":null}},"5":{"start":{"line":14,"column":32},"end":{"line":14,"column":null}},"6":{"start":{"line":15,"column":33},"end":{"line":15,"column":null}},"7":{"start":{"line":16,"column":20},"end":{"line":16,"column":null}},"8":{"start":{"line":17,"column":22},"end":{"line":17,"column":null}},"9":{"start":{"line":18,"column":22},"end":{"line":18,"column":null}},"10":{"start":{"line":21,"column":22},"end":{"line":32,"column":null}},"11":{"start":{"line":23,"column":21},"end":{"line":23,"column":null}},"12":{"start":{"line":24,"column":23},"end":{"line":24,"column":null}},"13":{"start":{"line":25,"column":34},"end":{"line":25,"column":null}},"14":{"start":{"line":26,"column":33},"end":{"line":26,"column":null}},"15":{"start":{"line":27,"column":32},"end":{"line":27,"column":null}},"16":{"start":{"line":28,"column":33},"end":{"line":28,"column":null}},"17":{"start":{"line":29,"column":20},"end":{"line":29,"column":null}},"18":{"start":{"line":30,"column":22},"end":{"line":30,"column":null}},"19":{"start":{"line":31,"column":22},"end":{"line":31,"column":null}},"20":{"start":{"line":34,"column":22},"end":{"line":45,"column":null}},"21":{"start":{"line":36,"column":21},"end":{"line":36,"column":null}},"22":{"start":{"line":37,"column":23},"end":{"line":37,"column":null}},"23":{"start":{"line":38,"column":34},"end":{"line":38,"column":null}},"24":{"start":{"line":39,"column":33},"end":{"line":39,"column":null}},"25":{"start":{"line":40,"column":32},"end":{"line":40,"column":null}},"26":{"start":{"line":41,"column":33},"end":{"line":41,"column":null}},"27":{"start":{"line":42,"column":20},"end":{"line":42,"column":null}},"28":{"start":{"line":43,"column":22},"end":{"line":43,"column":null}},"29":{"start":{"line":44,"column":22},"end":{"line":44,"column":null}},"30":{"start":{"line":47,"column":26},"end":{"line":58,"column":null}},"31":{"start":{"line":49,"column":21},"end":{"line":49,"column":null}},"32":{"start":{"line":50,"column":23},"end":{"line":50,"column":null}},"33":{"start":{"line":51,"column":34},"end":{"line":51,"column":null}},"34":{"start":{"line":52,"column":33},"end":{"line":52,"column":null}},"35":{"start":{"line":53,"column":32},"end":{"line":53,"column":null}},"36":{"start":{"line":54,"column":33},"end":{"line":54,"column":null}},"37":{"start":{"line":55,"column":20},"end":{"line":55,"column":null}},"38":{"start":{"line":56,"column":22},"end":{"line":56,"column":null}},"39":{"start":{"line":57,"column":22},"end":{"line":57,"column":null}},"40":{"start":{"line":60,"column":21},"end":{"line":71,"column":null}},"41":{"start":{"line":62,"column":21},"end":{"line":62,"column":null}},"42":{"start":{"line":63,"column":23},"end":{"line":63,"column":null}},"43":{"start":{"line":64,"column":34},"end":{"line":64,"column":null}},"44":{"start":{"line":65,"column":33},"end":{"line":65,"column":null}},"45":{"start":{"line":66,"column":32},"end":{"line":66,"column":null}},"46":{"start":{"line":67,"column":33},"end":{"line":67,"column":null}},"47":{"start":{"line":68,"column":20},"end":{"line":68,"column":null}},"48":{"start":{"line":69,"column":22},"end":{"line":69,"column":null}},"49":{"start":{"line":70,"column":22},"end":{"line":70,"column":null}},"50":{"start":{"line":73,"column":40},"end":{"line":81,"column":null}},"51":{"start":{"line":107,"column":13},"end":{"line":110,"column":null}},"52":{"start":{"line":108,"column":4},"end":{"line":108,"column":null}},"53":{"start":{"line":108,"column":42},"end":{"line":108,"column":null}},"54":{"start":{"line":109,"column":4},"end":{"line":109,"column":null}},"55":{"start":{"line":113,"column":26},"end":{"line":113,"column":null}}},"fnMap":{"0":{"name":"(anonymous_0)","decl":{"start":{"line":10,"column":4},"end":{"line":10,"column":11}},"loc":{"start":{"line":10,"column":21},"end":{"line":10,"column":null}},"line":10},"1":{"name":"(anonymous_1)","decl":{"start":{"line":11,"column":4},"end":{"line":11,"column":13}},"loc":{"start":{"line":11,"column":23},"end":{"line":11,"column":null}},"line":11},"2":{"name":"(anonymous_2)","decl":{"start":{"line":12,"column":4},"end":{"line":12,"column":12}},"loc":{"start":{"line":12,"column":34},"end":{"line":12,"column":null}},"line":12},"3":{"name":"(anonymous_3)","decl":{"start":{"line":13,"column":4},"end":{"line":13,"column":11}},"loc":{"start":{"line":13,"column":33},"end":{"line":13,"column":null}},"line":13},"4":{"name":"(anonymous_4)","decl":{"start":{"line":14,"column":4},"end":{"line":14,"column":10}},"loc":{"start":{"line":14,"column":32},"end":{"line":14,"column":null}},"line":14},"5":{"name":"(anonymous_5)","decl":{"start":{"line":15,"column":4},"end":{"line":15,"column":11}},"loc":{"start":{"line":15,"column":33},"end":{"line":15,"column":null}},"line":15},"6":{"name":"(anonymous_6)","decl":{"start":{"line":16,"column":4},"end":{"line":16,"column":11}},"loc":{"start":{"line":16,"column":20},"end":{"line":16,"column":null}},"line":16},"7":{"name":"(anonymous_7)","decl":{"start":{"line":17,"column":4},"end":{"line":17,"column":13}},"loc":{"start":{"line":17,"column":22},"end":{"line":17,"column":null}},"line":17},"8":{"name":"(anonymous_8)","decl":{"start":{"line":18,"column":4},"end":{"line":18,"column":13}},"loc":{"start":{"line":18,"column":22},"end":{"line":18,"column":null}},"line":18},"9":{"name":"(anonymous_9)","decl":{"start":{"line":23,"column":4},"end":{"line":23,"column":11}},"loc":{"start":{"line":23,"column":21},"end":{"line":23,"column":null}},"line":23},"10":{"name":"(anonymous_10)","decl":{"start":{"line":24,"column":4},"end":{"line":24,"column":13}},"loc":{"start":{"line":24,"column":23},"end":{"line":24,"column":null}},"line":24},"11":{"name":"(anonymous_11)","decl":{"start":{"line":25,"column":4},"end":{"line":25,"column":12}},"loc":{"start":{"line":25,"column":34},"end":{"line":25,"column":null}},"line":25},"12":{"name":"(anonymous_12)","decl":{"start":{"line":26,"column":4},"end":{"line":26,"column":11}},"loc":{"start":{"line":26,"column":33},"end":{"line":26,"column":null}},"line":26},"13":{"name":"(anonymous_13)","decl":{"start":{"line":27,"column":4},"end":{"line":27,"column":10}},"loc":{"start":{"line":27,"column":32},"end":{"line":27,"column":null}},"line":27},"14":{"name":"(anonymous_14)","decl":{"start":{"line":28,"column":4},"end":{"line":28,"column":11}},"loc":{"start":{"line":28,"column":33},"end":{"line":28,"column":null}},"line":28},"15":{"name":"(anonymous_15)","decl":{"start":{"line":29,"column":4},"end":{"line":29,"column":11}},"loc":{"start":{"line":29,"column":20},"end":{"line":29,"column":null}},"line":29},"16":{"name":"(anonymous_16)","decl":{"start":{"line":30,"column":4},"end":{"line":30,"column":13}},"loc":{"start":{"line":30,"column":22},"end":{"line":30,"column":null}},"line":30},"17":{"name":"(anonymous_17)","decl":{"start":{"line":31,"column":4},"end":{"line":31,"column":13}},"loc":{"start":{"line":31,"column":22},"end":{"line":31,"column":null}},"line":31},"18":{"name":"(anonymous_18)","decl":{"start":{"line":36,"column":4},"end":{"line":36,"column":11}},"loc":{"start":{"line":36,"column":21},"end":{"line":36,"column":null}},"line":36},"19":{"name":"(anonymous_19)","decl":{"start":{"line":37,"column":4},"end":{"line":37,"column":13}},"loc":{"start":{"line":37,"column":23},"end":{"line":37,"column":null}},"line":37},"20":{"name":"(anonymous_20)","decl":{"start":{"line":38,"column":4},"end":{"line":38,"column":12}},"loc":{"start":{"line":38,"column":34},"end":{"line":38,"column":null}},"line":38},"21":{"name":"(anonymous_21)","decl":{"start":{"line":39,"column":4},"end":{"line":39,"column":11}},"loc":{"start":{"line":39,"column":33},"end":{"line":39,"column":null}},"line":39},"22":{"name":"(anonymous_22)","decl":{"start":{"line":40,"column":4},"end":{"line":40,"column":10}},"loc":{"start":{"line":40,"column":32},"end":{"line":40,"column":null}},"line":40},"23":{"name":"(anonymous_23)","decl":{"start":{"line":41,"column":4},"end":{"line":41,"column":11}},"loc":{"start":{"line":41,"column":33},"end":{"line":41,"column":null}},"line":41},"24":{"name":"(anonymous_24)","decl":{"start":{"line":42,"column":4},"end":{"line":42,"column":11}},"loc":{"start":{"line":42,"column":20},"end":{"line":42,"column":null}},"line":42},"25":{"name":"(anonymous_25)","decl":{"start":{"line":43,"column":4},"end":{"line":43,"column":13}},"loc":{"start":{"line":43,"column":22},"end":{"line":43,"column":null}},"line":43},"26":{"name":"(anonymous_26)","decl":{"start":{"line":44,"column":4},"end":{"line":44,"column":13}},"loc":{"start":{"line":44,"column":22},"end":{"line":44,"column":null}},"line":44},"27":{"name":"(anonymous_27)","decl":{"start":{"line":49,"column":4},"end":{"line":49,"column":11}},"loc":{"start":{"line":49,"column":21},"end":{"line":49,"column":null}},"line":49},"28":{"name":"(anonymous_28)","decl":{"start":{"line":50,"column":4},"end":{"line":50,"column":13}},"loc":{"start":{"line":50,"column":23},"end":{"line":50,"column":null}},"line":50},"29":{"name":"(anonymous_29)","decl":{"start":{"line":51,"column":4},"end":{"line":51,"column":12}},"loc":{"start":{"line":51,"column":34},"end":{"line":51,"column":null}},"line":51},"30":{"name":"(anonymous_30)","decl":{"start":{"line":52,"column":4},"end":{"line":52,"column":11}},"loc":{"start":{"line":52,"column":33},"end":{"line":52,"column":null}},"line":52},"31":{"name":"(anonymous_31)","decl":{"start":{"line":53,"column":4},"end":{"line":53,"column":10}},"loc":{"start":{"line":53,"column":32},"end":{"line":53,"column":null}},"line":53},"32":{"name":"(anonymous_32)","decl":{"start":{"line":54,"column":4},"end":{"line":54,"column":11}},"loc":{"start":{"line":54,"column":33},"end":{"line":54,"column":null}},"line":54},"33":{"name":"(anonymous_33)","decl":{"start":{"line":55,"column":4},"end":{"line":55,"column":11}},"loc":{"start":{"line":55,"column":20},"end":{"line":55,"column":null}},"line":55},"34":{"name":"(anonymous_34)","decl":{"start":{"line":56,"column":4},"end":{"line":56,"column":13}},"loc":{"start":{"line":56,"column":22},"end":{"line":56,"column":null}},"line":56},"35":{"name":"(anonymous_35)","decl":{"start":{"line":57,"column":4},"end":{"line":57,"column":13}},"loc":{"start":{"line":57,"column":22},"end":{"line":57,"column":null}},"line":57},"36":{"name":"(anonymous_36)","decl":{"start":{"line":62,"column":4},"end":{"line":62,"column":11}},"loc":{"start":{"line":62,"column":21},"end":{"line":62,"column":null}},"line":62},"37":{"name":"(anonymous_37)","decl":{"start":{"line":63,"column":4},"end":{"line":63,"column":13}},"loc":{"start":{"line":63,"column":23},"end":{"line":63,"column":null}},"line":63},"38":{"name":"(anonymous_38)","decl":{"start":{"line":64,"column":4},"end":{"line":64,"column":12}},"loc":{"start":{"line":64,"column":34},"end":{"line":64,"column":null}},"line":64},"39":{"name":"(anonymous_39)","decl":{"start":{"line":65,"column":4},"end":{"line":65,"column":11}},"loc":{"start":{"line":65,"column":33},"end":{"line":65,"column":null}},"line":65},"40":{"name":"(anonymous_40)","decl":{"start":{"line":66,"column":4},"end":{"line":66,"column":10}},"loc":{"start":{"line":66,"column":32},"end":{"line":66,"column":null}},"line":66},"41":{"name":"(anonymous_41)","decl":{"start":{"line":67,"column":4},"end":{"line":67,"column":11}},"loc":{"start":{"line":67,"column":33},"end":{"line":67,"column":null}},"line":67},"42":{"name":"(anonymous_42)","decl":{"start":{"line":68,"column":4},"end":{"line":68,"column":11}},"loc":{"start":{"line":68,"column":20},"end":{"line":68,"column":null}},"line":68},"43":{"name":"(anonymous_43)","decl":{"start":{"line":69,"column":4},"end":{"line":69,"column":13}},"loc":{"start":{"line":69,"column":22},"end":{"line":69,"column":null}},"line":69},"44":{"name":"(anonymous_44)","decl":{"start":{"line":70,"column":4},"end":{"line":70,"column":13}},"loc":{"start":{"line":70,"column":22},"end":{"line":70,"column":null}},"line":70},"45":{"name":"(anonymous_45)","decl":{"start":{"line":107,"column":13},"end":{"line":107,"column":24}},"loc":{"start":{"line":107,"column":142},"end":{"line":110,"column":null}},"line":107}},"branchMap":{"0":{"loc":{"start":{"line":10,"column":21},"end":{"line":10,"column":null}},"type":"cond-expr","locations":[{"start":{"line":10,"column":48},"end":{"line":10,"column":57}},{"start":{"line":10,"column":57},"end":{"line":10,"column":null}}],"line":10},"1":{"loc":{"start":{"line":11,"column":23},"end":{"line":11,"column":null}},"type":"cond-expr","locations":[{"start":{"line":11,"column":50},"end":{"line":11,"column":62}},{"start":{"line":11,"column":62},"end":{"line":11,"column":null}}],"line":11},"2":{"loc":{"start":{"line":12,"column":34},"end":{"line":12,"column":null}},"type":"cond-expr","locations":[{"start":{"line":12,"column":45},"end":{"line":12,"column":85}},{"start":{"line":12,"column":85},"end":{"line":12,"column":null}}],"line":12},"3":{"loc":{"start":{"line":12,"column":45},"end":{"line":12,"column":85}},"type":"cond-expr","locations":[{"start":{"line":12,"column":52},"end":{"line":12,"column":68}},{"start":{"line":12,"column":68},"end":{"line":12,"column":85}}],"line":12},"4":{"loc":{"start":{"line":12,"column":94},"end":{"line":12,"column":null}},"type":"cond-expr","locations":[{"start":{"line":12,"column":102},"end":{"line":12,"column":111}},{"start":{"line":12,"column":111},"end":{"line":12,"column":null}}],"line":12},"5":{"loc":{"start":{"line":13,"column":33},"end":{"line":13,"column":null}},"type":"cond-expr","locations":[{"start":{"line":13,"column":44},"end":{"line":13,"column":84}},{"start":{"line":13,"column":84},"end":{"line":13,"column":null}}],"line":13},"6":{"loc":{"start":{"line":13,"column":44},"end":{"line":13,"column":84}},"type":"cond-expr","locations":[{"start":{"line":13,"column":51},"end":{"line":13,"column":67}},{"start":{"line":13,"column":67},"end":{"line":13,"column":84}}],"line":13},"7":{"loc":{"start":{"line":13,"column":96},"end":{"line":13,"column":null}},"type":"cond-expr","locations":[{"start":{"line":13,"column":104},"end":{"line":13,"column":110}},{"start":{"line":13,"column":110},"end":{"line":13,"column":null}}],"line":13},"8":{"loc":{"start":{"line":14,"column":32},"end":{"line":14,"column":null}},"type":"cond-expr","locations":[{"start":{"line":14,"column":43},"end":{"line":14,"column":72}},{"start":{"line":14,"column":72},"end":{"line":14,"column":null}}],"line":14},"9":{"loc":{"start":{"line":14,"column":43},"end":{"line":14,"column":72}},"type":"cond-expr","locations":[{"start":{"line":14,"column":50},"end":{"line":14,"column":60}},{"start":{"line":14,"column":60},"end":{"line":14,"column":72}}],"line":14},"10":{"loc":{"start":{"line":14,"column":83},"end":{"line":14,"column":null}},"type":"cond-expr","locations":[{"start":{"line":14,"column":91},"end":{"line":14,"column":97}},{"start":{"line":14,"column":97},"end":{"line":14,"column":null}}],"line":14},"11":{"loc":{"start":{"line":15,"column":33},"end":{"line":15,"column":null}},"type":"cond-expr","locations":[{"start":{"line":15,"column":44},"end":{"line":15,"column":90}},{"start":{"line":15,"column":90},"end":{"line":15,"column":null}}],"line":15},"12":{"loc":{"start":{"line":15,"column":44},"end":{"line":15,"column":90}},"type":"cond-expr","locations":[{"start":{"line":15,"column":51},"end":{"line":15,"column":70}},{"start":{"line":15,"column":70},"end":{"line":15,"column":90}}],"line":15},"13":{"loc":{"start":{"line":15,"column":104},"end":{"line":15,"column":null}},"type":"cond-expr","locations":[{"start":{"line":15,"column":112},"end":{"line":15,"column":118}},{"start":{"line":15,"column":118},"end":{"line":15,"column":null}}],"line":15},"14":{"loc":{"start":{"line":16,"column":28},"end":{"line":16,"column":null}},"type":"cond-expr","locations":[{"start":{"line":16,"column":36},"end":{"line":16,"column":42}},{"start":{"line":16,"column":42},"end":{"line":16,"column":null}}],"line":16},"15":{"loc":{"start":{"line":17,"column":30},"end":{"line":17,"column":null}},"type":"cond-expr","locations":[{"start":{"line":17,"column":38},"end":{"line":17,"column":43}},{"start":{"line":17,"column":43},"end":{"line":17,"column":null}}],"line":17},"16":{"loc":{"start":{"line":18,"column":30},"end":{"line":18,"column":null}},"type":"cond-expr","locations":[{"start":{"line":18,"column":38},"end":{"line":18,"column":44}},{"start":{"line":18,"column":44},"end":{"line":18,"column":null}}],"line":18},"17":{"loc":{"start":{"line":23,"column":21},"end":{"line":23,"column":null}},"type":"cond-expr","locations":[{"start":{"line":23,"column":48},"end":{"line":23,"column":57}},{"start":{"line":23,"column":57},"end":{"line":23,"column":null}}],"line":23},"18":{"loc":{"start":{"line":24,"column":23},"end":{"line":24,"column":null}},"type":"cond-expr","locations":[{"start":{"line":24,"column":50},"end":{"line":24,"column":62}},{"start":{"line":24,"column":62},"end":{"line":24,"column":null}}],"line":24},"19":{"loc":{"start":{"line":25,"column":34},"end":{"line":25,"column":null}},"type":"cond-expr","locations":[{"start":{"line":25,"column":45},"end":{"line":25,"column":77}},{"start":{"line":25,"column":77},"end":{"line":25,"column":null}}],"line":25},"20":{"loc":{"start":{"line":25,"column":45},"end":{"line":25,"column":77}},"type":"cond-expr","locations":[{"start":{"line":25,"column":52},"end":{"line":25,"column":62}},{"start":{"line":25,"column":62},"end":{"line":25,"column":77}}],"line":25},"21":{"loc":{"start":{"line":25,"column":86},"end":{"line":25,"column":null}},"type":"cond-expr","locations":[{"start":{"line":25,"column":94},"end":{"line":25,"column":103}},{"start":{"line":25,"column":103},"end":{"line":25,"column":null}}],"line":25},"22":{"loc":{"start":{"line":26,"column":33},"end":{"line":26,"column":null}},"type":"cond-expr","locations":[{"start":{"line":26,"column":44},"end":{"line":26,"column":76}},{"start":{"line":26,"column":76},"end":{"line":26,"column":null}}],"line":26},"23":{"loc":{"start":{"line":26,"column":44},"end":{"line":26,"column":76}},"type":"cond-expr","locations":[{"start":{"line":26,"column":51},"end":{"line":26,"column":61}},{"start":{"line":26,"column":61},"end":{"line":26,"column":76}}],"line":26},"24":{"loc":{"start":{"line":26,"column":88},"end":{"line":26,"column":null}},"type":"cond-expr","locations":[{"start":{"line":26,"column":96},"end":{"line":26,"column":102}},{"start":{"line":26,"column":102},"end":{"line":26,"column":null}}],"line":26},"25":{"loc":{"start":{"line":27,"column":32},"end":{"line":27,"column":null}},"type":"cond-expr","locations":[{"start":{"line":27,"column":43},"end":{"line":27,"column":72}},{"start":{"line":27,"column":72},"end":{"line":27,"column":null}}],"line":27},"26":{"loc":{"start":{"line":27,"column":43},"end":{"line":27,"column":72}},"type":"cond-expr","locations":[{"start":{"line":27,"column":50},"end":{"line":27,"column":60}},{"start":{"line":27,"column":60},"end":{"line":27,"column":72}}],"line":27},"27":{"loc":{"start":{"line":27,"column":83},"end":{"line":27,"column":null}},"type":"cond-expr","locations":[{"start":{"line":27,"column":91},"end":{"line":27,"column":97}},{"start":{"line":27,"column":97},"end":{"line":27,"column":null}}],"line":27},"28":{"loc":{"start":{"line":28,"column":33},"end":{"line":28,"column":null}},"type":"cond-expr","locations":[{"start":{"line":28,"column":44},"end":{"line":28,"column":77}},{"start":{"line":28,"column":77},"end":{"line":28,"column":null}}],"line":28},"29":{"loc":{"start":{"line":28,"column":44},"end":{"line":28,"column":77}},"type":"cond-expr","locations":[{"start":{"line":28,"column":51},"end":{"line":28,"column":61}},{"start":{"line":28,"column":61},"end":{"line":28,"column":77}}],"line":28},"30":{"loc":{"start":{"line":28,"column":89},"end":{"line":28,"column":null}},"type":"cond-expr","locations":[{"start":{"line":28,"column":97},"end":{"line":28,"column":102}},{"start":{"line":28,"column":102},"end":{"line":28,"column":null}}],"line":28},"31":{"loc":{"start":{"line":29,"column":28},"end":{"line":29,"column":null}},"type":"cond-expr","locations":[{"start":{"line":29,"column":36},"end":{"line":29,"column":42}},{"start":{"line":29,"column":42},"end":{"line":29,"column":null}}],"line":29},"32":{"loc":{"start":{"line":30,"column":30},"end":{"line":30,"column":null}},"type":"cond-expr","locations":[{"start":{"line":30,"column":38},"end":{"line":30,"column":44}},{"start":{"line":30,"column":44},"end":{"line":30,"column":null}}],"line":30},"33":{"loc":{"start":{"line":31,"column":30},"end":{"line":31,"column":null}},"type":"cond-expr","locations":[{"start":{"line":31,"column":38},"end":{"line":31,"column":44}},{"start":{"line":31,"column":44},"end":{"line":31,"column":null}}],"line":31},"34":{"loc":{"start":{"line":36,"column":21},"end":{"line":36,"column":null}},"type":"cond-expr","locations":[{"start":{"line":36,"column":48},"end":{"line":36,"column":67}},{"start":{"line":36,"column":67},"end":{"line":36,"column":null}}],"line":36},"35":{"loc":{"start":{"line":37,"column":23},"end":{"line":37,"column":null}},"type":"cond-expr","locations":[{"start":{"line":37,"column":50},"end":{"line":37,"column":71}},{"start":{"line":37,"column":71},"end":{"line":37,"column":null}}],"line":37},"36":{"loc":{"start":{"line":38,"column":34},"end":{"line":38,"column":null}},"type":"cond-expr","locations":[{"start":{"line":38,"column":45},"end":{"line":38,"column":90}},{"start":{"line":38,"column":90},"end":{"line":38,"column":null}}],"line":38},"37":{"loc":{"start":{"line":38,"column":45},"end":{"line":38,"column":90}},"type":"cond-expr","locations":[{"start":{"line":38,"column":52},"end":{"line":38,"column":73}},{"start":{"line":38,"column":73},"end":{"line":38,"column":90}}],"line":38},"38":{"loc":{"start":{"line":38,"column":99},"end":{"line":38,"column":null}},"type":"cond-expr","locations":[{"start":{"line":38,"column":107},"end":{"line":38,"column":116}},{"start":{"line":38,"column":116},"end":{"line":38,"column":null}}],"line":38},"39":{"loc":{"start":{"line":39,"column":33},"end":{"line":39,"column":null}},"type":"cond-expr","locations":[{"start":{"line":39,"column":44},"end":{"line":39,"column":84}},{"start":{"line":39,"column":84},"end":{"line":39,"column":null}}],"line":39},"40":{"loc":{"start":{"line":39,"column":44},"end":{"line":39,"column":84}},"type":"cond-expr","locations":[{"start":{"line":39,"column":51},"end":{"line":39,"column":67}},{"start":{"line":39,"column":67},"end":{"line":39,"column":84}}],"line":39},"41":{"loc":{"start":{"line":39,"column":96},"end":{"line":39,"column":null}},"type":"cond-expr","locations":[{"start":{"line":39,"column":104},"end":{"line":39,"column":110}},{"start":{"line":39,"column":110},"end":{"line":39,"column":null}}],"line":39},"42":{"loc":{"start":{"line":40,"column":32},"end":{"line":40,"column":null}},"type":"cond-expr","locations":[{"start":{"line":40,"column":43},"end":{"line":40,"column":96}},{"start":{"line":40,"column":96},"end":{"line":40,"column":null}}],"line":40},"43":{"loc":{"start":{"line":40,"column":43},"end":{"line":40,"column":96}},"type":"cond-expr","locations":[{"start":{"line":40,"column":50},"end":{"line":40,"column":71}},{"start":{"line":40,"column":71},"end":{"line":40,"column":96}}],"line":40},"44":{"loc":{"start":{"line":40,"column":107},"end":{"line":40,"column":null}},"type":"cond-expr","locations":[{"start":{"line":40,"column":115},"end":{"line":40,"column":121}},{"start":{"line":40,"column":121},"end":{"line":40,"column":null}}],"line":40},"45":{"loc":{"start":{"line":41,"column":33},"end":{"line":41,"column":null}},"type":"cond-expr","locations":[{"start":{"line":41,"column":44},"end":{"line":41,"column":78}},{"start":{"line":41,"column":78},"end":{"line":41,"column":null}}],"line":41},"46":{"loc":{"start":{"line":41,"column":44},"end":{"line":41,"column":78}},"type":"cond-expr","locations":[{"start":{"line":41,"column":51},"end":{"line":41,"column":64}},{"start":{"line":41,"column":64},"end":{"line":41,"column":78}}],"line":41},"47":{"loc":{"start":{"line":41,"column":92},"end":{"line":41,"column":null}},"type":"cond-expr","locations":[{"start":{"line":41,"column":100},"end":{"line":41,"column":106}},{"start":{"line":41,"column":106},"end":{"line":41,"column":null}}],"line":41},"48":{"loc":{"start":{"line":42,"column":28},"end":{"line":42,"column":null}},"type":"cond-expr","locations":[{"start":{"line":42,"column":36},"end":{"line":42,"column":42}},{"start":{"line":42,"column":42},"end":{"line":42,"column":null}}],"line":42},"49":{"loc":{"start":{"line":43,"column":30},"end":{"line":43,"column":null}},"type":"cond-expr","locations":[{"start":{"line":43,"column":38},"end":{"line":43,"column":43}},{"start":{"line":43,"column":43},"end":{"line":43,"column":null}}],"line":43},"50":{"loc":{"start":{"line":44,"column":30},"end":{"line":44,"column":null}},"type":"cond-expr","locations":[{"start":{"line":44,"column":38},"end":{"line":44,"column":44}},{"start":{"line":44,"column":44},"end":{"line":44,"column":null}}],"line":44},"51":{"loc":{"start":{"line":49,"column":21},"end":{"line":49,"column":null}},"type":"cond-expr","locations":[{"start":{"line":49,"column":48},"end":{"line":49,"column":67}},{"start":{"line":49,"column":67},"end":{"line":49,"column":null}}],"line":49},"52":{"loc":{"start":{"line":50,"column":23},"end":{"line":50,"column":null}},"type":"cond-expr","locations":[{"start":{"line":50,"column":50},"end":{"line":50,"column":62}},{"start":{"line":50,"column":62},"end":{"line":50,"column":null}}],"line":50},"53":{"loc":{"start":{"line":51,"column":34},"end":{"line":51,"column":null}},"type":"cond-expr","locations":[{"start":{"line":51,"column":45},"end":{"line":51,"column":85}},{"start":{"line":51,"column":85},"end":{"line":51,"column":null}}],"line":51},"54":{"loc":{"start":{"line":51,"column":45},"end":{"line":51,"column":85}},"type":"cond-expr","locations":[{"start":{"line":51,"column":52},"end":{"line":51,"column":68}},{"start":{"line":51,"column":68},"end":{"line":51,"column":85}}],"line":51},"55":{"loc":{"start":{"line":51,"column":94},"end":{"line":51,"column":null}},"type":"cond-expr","locations":[{"start":{"line":51,"column":102},"end":{"line":51,"column":111}},{"start":{"line":51,"column":111},"end":{"line":51,"column":null}}],"line":51},"56":{"loc":{"start":{"line":52,"column":33},"end":{"line":52,"column":null}},"type":"cond-expr","locations":[{"start":{"line":52,"column":44},"end":{"line":52,"column":84}},{"start":{"line":52,"column":84},"end":{"line":52,"column":null}}],"line":52},"57":{"loc":{"start":{"line":52,"column":44},"end":{"line":52,"column":84}},"type":"cond-expr","locations":[{"start":{"line":52,"column":51},"end":{"line":52,"column":67}},{"start":{"line":52,"column":67},"end":{"line":52,"column":84}}],"line":52},"58":{"loc":{"start":{"line":52,"column":96},"end":{"line":52,"column":null}},"type":"cond-expr","locations":[{"start":{"line":52,"column":104},"end":{"line":52,"column":110}},{"start":{"line":52,"column":110},"end":{"line":52,"column":null}}],"line":52},"59":{"loc":{"start":{"line":53,"column":32},"end":{"line":53,"column":null}},"type":"cond-expr","locations":[{"start":{"line":53,"column":43},"end":{"line":53,"column":72}},{"start":{"line":53,"column":72},"end":{"line":53,"column":null}}],"line":53},"60":{"loc":{"start":{"line":53,"column":43},"end":{"line":53,"column":72}},"type":"cond-expr","locations":[{"start":{"line":53,"column":50},"end":{"line":53,"column":60}},{"start":{"line":53,"column":60},"end":{"line":53,"column":72}}],"line":53},"61":{"loc":{"start":{"line":53,"column":83},"end":{"line":53,"column":null}},"type":"cond-expr","locations":[{"start":{"line":53,"column":91},"end":{"line":53,"column":97}},{"start":{"line":53,"column":97},"end":{"line":53,"column":null}}],"line":53},"62":{"loc":{"start":{"line":54,"column":33},"end":{"line":54,"column":null}},"type":"cond-expr","locations":[{"start":{"line":54,"column":44},"end":{"line":54,"column":78}},{"start":{"line":54,"column":78},"end":{"line":54,"column":null}}],"line":54},"63":{"loc":{"start":{"line":54,"column":44},"end":{"line":54,"column":78}},"type":"cond-expr","locations":[{"start":{"line":54,"column":51},"end":{"line":54,"column":64}},{"start":{"line":54,"column":64},"end":{"line":54,"column":78}}],"line":54},"64":{"loc":{"start":{"line":54,"column":92},"end":{"line":54,"column":null}},"type":"cond-expr","locations":[{"start":{"line":54,"column":100},"end":{"line":54,"column":106}},{"start":{"line":54,"column":106},"end":{"line":54,"column":null}}],"line":54},"65":{"loc":{"start":{"line":55,"column":28},"end":{"line":55,"column":null}},"type":"cond-expr","locations":[{"start":{"line":55,"column":36},"end":{"line":55,"column":42}},{"start":{"line":55,"column":42},"end":{"line":55,"column":null}}],"line":55},"66":{"loc":{"start":{"line":56,"column":30},"end":{"line":56,"column":null}},"type":"cond-expr","locations":[{"start":{"line":56,"column":38},"end":{"line":56,"column":43}},{"start":{"line":56,"column":43},"end":{"line":56,"column":null}}],"line":56},"67":{"loc":{"start":{"line":57,"column":30},"end":{"line":57,"column":null}},"type":"cond-expr","locations":[{"start":{"line":57,"column":38},"end":{"line":57,"column":44}},{"start":{"line":57,"column":44},"end":{"line":57,"column":null}}],"line":57},"68":{"loc":{"start":{"line":62,"column":21},"end":{"line":62,"column":null}},"type":"cond-expr","locations":[{"start":{"line":62,"column":48},"end":{"line":62,"column":67}},{"start":{"line":62,"column":67},"end":{"line":62,"column":null}}],"line":62},"69":{"loc":{"start":{"line":63,"column":23},"end":{"line":63,"column":null}},"type":"cond-expr","locations":[{"start":{"line":63,"column":50},"end":{"line":63,"column":71}},{"start":{"line":63,"column":71},"end":{"line":63,"column":null}}],"line":63},"70":{"loc":{"start":{"line":64,"column":34},"end":{"line":64,"column":null}},"type":"cond-expr","locations":[{"start":{"line":64,"column":45},"end":{"line":64,"column":90}},{"start":{"line":64,"column":90},"end":{"line":64,"column":null}}],"line":64},"71":{"loc":{"start":{"line":64,"column":45},"end":{"line":64,"column":90}},"type":"cond-expr","locations":[{"start":{"line":64,"column":52},"end":{"line":64,"column":73}},{"start":{"line":64,"column":73},"end":{"line":64,"column":90}}],"line":64},"72":{"loc":{"start":{"line":64,"column":99},"end":{"line":64,"column":null}},"type":"cond-expr","locations":[{"start":{"line":64,"column":107},"end":{"line":64,"column":116}},{"start":{"line":64,"column":116},"end":{"line":64,"column":null}}],"line":64},"73":{"loc":{"start":{"line":65,"column":33},"end":{"line":65,"column":null}},"type":"cond-expr","locations":[{"start":{"line":65,"column":44},"end":{"line":65,"column":84}},{"start":{"line":65,"column":84},"end":{"line":65,"column":null}}],"line":65},"74":{"loc":{"start":{"line":65,"column":44},"end":{"line":65,"column":84}},"type":"cond-expr","locations":[{"start":{"line":65,"column":51},"end":{"line":65,"column":67}},{"start":{"line":65,"column":67},"end":{"line":65,"column":84}}],"line":65},"75":{"loc":{"start":{"line":65,"column":96},"end":{"line":65,"column":null}},"type":"cond-expr","locations":[{"start":{"line":65,"column":104},"end":{"line":65,"column":110}},{"start":{"line":65,"column":110},"end":{"line":65,"column":null}}],"line":65},"76":{"loc":{"start":{"line":66,"column":32},"end":{"line":66,"column":null}},"type":"cond-expr","locations":[{"start":{"line":66,"column":43},"end":{"line":66,"column":96}},{"start":{"line":66,"column":96},"end":{"line":66,"column":null}}],"line":66},"77":{"loc":{"start":{"line":66,"column":43},"end":{"line":66,"column":96}},"type":"cond-expr","locations":[{"start":{"line":66,"column":50},"end":{"line":66,"column":71}},{"start":{"line":66,"column":71},"end":{"line":66,"column":96}}],"line":66},"78":{"loc":{"start":{"line":66,"column":107},"end":{"line":66,"column":null}},"type":"cond-expr","locations":[{"start":{"line":66,"column":115},"end":{"line":66,"column":121}},{"start":{"line":66,"column":121},"end":{"line":66,"column":null}}],"line":66},"79":{"loc":{"start":{"line":67,"column":33},"end":{"line":67,"column":null}},"type":"cond-expr","locations":[{"start":{"line":67,"column":44},"end":{"line":67,"column":78}},{"start":{"line":67,"column":78},"end":{"line":67,"column":null}}],"line":67},"80":{"loc":{"start":{"line":67,"column":44},"end":{"line":67,"column":78}},"type":"cond-expr","locations":[{"start":{"line":67,"column":51},"end":{"line":67,"column":64}},{"start":{"line":67,"column":64},"end":{"line":67,"column":78}}],"line":67},"81":{"loc":{"start":{"line":67,"column":92},"end":{"line":67,"column":null}},"type":"cond-expr","locations":[{"start":{"line":67,"column":100},"end":{"line":67,"column":106}},{"start":{"line":67,"column":106},"end":{"line":67,"column":null}}],"line":67},"82":{"loc":{"start":{"line":68,"column":28},"end":{"line":68,"column":null}},"type":"cond-expr","locations":[{"start":{"line":68,"column":36},"end":{"line":68,"column":42}},{"start":{"line":68,"column":42},"end":{"line":68,"column":null}}],"line":68},"83":{"loc":{"start":{"line":69,"column":30},"end":{"line":69,"column":null}},"type":"cond-expr","locations":[{"start":{"line":69,"column":38},"end":{"line":69,"column":43}},{"start":{"line":69,"column":43},"end":{"line":69,"column":null}}],"line":69},"84":{"loc":{"start":{"line":70,"column":30},"end":{"line":70,"column":null}},"type":"cond-expr","locations":[{"start":{"line":70,"column":38},"end":{"line":70,"column":44}},{"start":{"line":70,"column":44},"end":{"line":70,"column":null}}],"line":70},"85":{"loc":{"start":{"line":107,"column":98},"end":{"line":107,"column":142}},"type":"default-arg","locations":[{"start":{"line":107,"column":115},"end":{"line":107,"column":142}}],"line":107},"86":{"loc":{"start":{"line":108,"column":4},"end":{"line":108,"column":null}},"type":"if","locations":[{"start":{"line":108,"column":4},"end":{"line":108,"column":null}},{"start":{},"end":{}}],"line":108},"87":{"loc":{"start":{"line":108,"column":87},"end":{"line":108,"column":114}},"type":"binary-expr","locations":[{"start":{"line":108,"column":87},"end":{"line":108,"column":109}},{"start":{"line":108,"column":109},"end":{"line":108,"column":114}}],"line":108},"88":{"loc":{"start":{"line":109,"column":57},"end":{"line":109,"column":84}},"type":"binary-expr","locations":[{"start":{"line":109,"column":57},"end":{"line":109,"column":79}},{"start":{"line":109,"column":79},"end":{"line":109,"column":84}}],"line":109}},"s":{"0":3,"1":16,"2":7,"3":9,"4":9,"5":11,"6":9,"7":9,"8":8,"9":6,"10":3,"11":6,"12":3,"13":7,"14":7,"15":7,"16":8,"17":6,"18":6,"19":6,"20":3,"21":13,"22":5,"23":7,"24":9,"25":10,"26":8,"27":8,"28":8,"29":6,"30":3,"31":13,"32":8,"33":9,"34":9,"35":10,"36":9,"37":9,"38":7,"39":6,"40":3,"41":13,"42":8,"43":9,"44":9,"45":10,"46":9,"47":9,"48":7,"49":6,"50":3,"51":3,"52":90,"53":3,"54":87,"55":3},"f":{"0":16,"1":7,"2":9,"3":9,"4":11,"5":9,"6":9,"7":8,"8":6,"9":6,"10":3,"11":7,"12":7,"13":7,"14":8,"15":6,"16":6,"17":6,"18":13,"19":5,"20":7,"21":9,"22":10,"23":8,"24":8,"25":8,"26":6,"27":13,"28":8,"29":9,"30":9,"31":10,"32":9,"33":9,"34":7,"35":6,"36":13,"37":8,"38":9,"39":9,"40":10,"41":9,"42":9,"43":7,"44":6,"45":90},"b":{"0":[10,6],"1":[2,5],"2":[4,5],"3":[2,2],"4":[3,2],"5":[4,5],"6":[2,2],"7":[3,2],"8":[5,6],"9":[3,2],"10":[4,2],"11":[4,5],"12":[2,2],"13":[3,2],"14":[4,5],"15":[4,4],"16":[2,4],"17":[4,2],"18":[1,2],"19":[3,4],"20":[2,1],"21":[2,2],"22":[3,4],"23":[2,1],"24":[2,2],"25":[3,4],"26":[2,1],"27":[2,2],"28":[4,4],"29":[2,2],"30":[2,2],"31":[2,4],"32":[2,4],"33":[2,4],"34":[10,3],"35":[2,3],"36":[3,4],"37":[2,1],"38":[2,2],"39":[4,5],"40":[2,2],"41":[3,2],"42":[4,6],"43":[2,2],"44":[4,2],"45":[3,5],"46":[2,1],"47":[3,2],"48":[3,5],"49":[3,5],"50":[2,4],"51":[9,4],"52":[4,4],"53":[4,5],"54":[2,2],"55":[3,2],"56":[4,5],"57":[2,2],"58":[3,2],"59":[4,6],"60":[2,2],"61":[4,2],"62":[4,5],"63":[2,2],"64":[3,2],"65":[4,5],"66":[3,4],"67":[2,4],"68":[10,3],"69":[4,4],"70":[4,5],"71":[2,2],"72":[3,2],"73":[4,5],"74":[2,2],"75":[3,2],"76":[4,6],"77":[2,2],"78":[4,2],"79":[4,5],"80":[2,2],"81":[3,2],"82":[4,5],"83":[3,4],"84":[2,4],"85":[90],"86":[3,87],"87":[3,1],"88":[87,1]},"meta":{"lastBranch":89,"lastFunction":46,"lastStatement":56,"seen":{"s:8:13:19:Infinity":0,"f:10:4:10:11":0,"s:10:21:10:Infinity":1,"b:10:48:10:57:10:57:10:Infinity":0,"f:11:4:11:13":1,"s:11:23:11:Infinity":2,"b:11:50:11:62:11:62:11:Infinity":1,"f:12:4:12:12":2,"s:12:34:12:Infinity":3,"b:12:45:12:85:12:85:12:Infinity":2,"b:12:52:12:68:12:68:12:85":3,"b:12:102:12:111:12:111:12:Infinity":4,"f:13:4:13:11":3,"s:13:33:13:Infinity":4,"b:13:44:13:84:13:84:13:Infinity":5,"b:13:51:13:67:13:67:13:84":6,"b:13:104:13:110:13:110:13:Infinity":7,"f:14:4:14:10":4,"s:14:32:14:Infinity":5,"b:14:43:14:72:14:72:14:Infinity":8,"b:14:50:14:60:14:60:14:72":9,"b:14:91:14:97:14:97:14:Infinity":10,"f:15:4:15:11":5,"s:15:33:15:Infinity":6,"b:15:44:15:90:15:90:15:Infinity":11,"b:15:51:15:70:15:70:15:90":12,"b:15:112:15:118:15:118:15:Infinity":13,"f:16:4:16:11":6,"s:16:20:16:Infinity":7,"b:16:36:16:42:16:42:16:Infinity":14,"f:17:4:17:13":7,"s:17:22:17:Infinity":8,"b:17:38:17:43:17:43:17:Infinity":15,"f:18:4:18:13":8,"s:18:22:18:Infinity":9,"b:18:38:18:44:18:44:18:Infinity":16,"s:21:22:32:Infinity":10,"f:23:4:23:11":9,"s:23:21:23:Infinity":11,"b:23:48:23:57:23:57:23:Infinity":17,"f:24:4:24:13":10,"s:24:23:24:Infinity":12,"b:24:50:24:62:24:62:24:Infinity":18,"f:25:4:25:12":11,"s:25:34:25:Infinity":13,"b:25:45:25:77:25:77:25:Infinity":19,"b:25:52:25:62:25:62:25:77":20,"b:25:94:25:103:25:103:25:Infinity":21,"f:26:4:26:11":12,"s:26:33:26:Infinity":14,"b:26:44:26:76:26:76:26:Infinity":22,"b:26:51:26:61:26:61:26:76":23,"b:26:96:26:102:26:102:26:Infinity":24,"f:27:4:27:10":13,"s:27:32:27:Infinity":15,"b:27:43:27:72:27:72:27:Infinity":25,"b:27:50:27:60:27:60:27:72":26,"b:27:91:27:97:27:97:27:Infinity":27,"f:28:4:28:11":14,"s:28:33:28:Infinity":16,"b:28:44:28:77:28:77:28:Infinity":28,"b:28:51:28:61:28:61:28:77":29,"b:28:97:28:102:28:102:28:Infinity":30,"f:29:4:29:11":15,"s:29:20:29:Infinity":17,"b:29:36:29:42:29:42:29:Infinity":31,"f:30:4:30:13":16,"s:30:22:30:Infinity":18,"b:30:38:30:44:30:44:30:Infinity":32,"f:31:4:31:13":17,"s:31:22:31:Infinity":19,"b:31:38:31:44:31:44:31:Infinity":33,"s:34:22:45:Infinity":20,"f:36:4:36:11":18,"s:36:21:36:Infinity":21,"b:36:48:36:67:36:67:36:Infinity":34,"f:37:4:37:13":19,"s:37:23:37:Infinity":22,"b:37:50:37:71:37:71:37:Infinity":35,"f:38:4:38:12":20,"s:38:34:38:Infinity":23,"b:38:45:38:90:38:90:38:Infinity":36,"b:38:52:38:73:38:73:38:90":37,"b:38:107:38:116:38:116:38:Infinity":38,"f:39:4:39:11":21,"s:39:33:39:Infinity":24,"b:39:44:39:84:39:84:39:Infinity":39,"b:39:51:39:67:39:67:39:84":40,"b:39:104:39:110:39:110:39:Infinity":41,"f:40:4:40:10":22,"s:40:32:40:Infinity":25,"b:40:43:40:96:40:96:40:Infinity":42,"b:40:50:40:71:40:71:40:96":43,"b:40:115:40:121:40:121:40:Infinity":44,"f:41:4:41:11":23,"s:41:33:41:Infinity":26,"b:41:44:41:78:41:78:41:Infinity":45,"b:41:51:41:64:41:64:41:78":46,"b:41:100:41:106:41:106:41:Infinity":47,"f:42:4:42:11":24,"s:42:20:42:Infinity":27,"b:42:36:42:42:42:42:42:Infinity":48,"f:43:4:43:13":25,"s:43:22:43:Infinity":28,"b:43:38:43:43:43:43:43:Infinity":49,"f:44:4:44:13":26,"s:44:22:44:Infinity":29,"b:44:38:44:44:44:44:44:Infinity":50,"s:47:26:58:Infinity":30,"f:49:4:49:11":27,"s:49:21:49:Infinity":31,"b:49:48:49:67:49:67:49:Infinity":51,"f:50:4:50:13":28,"s:50:23:50:Infinity":32,"b:50:50:50:62:50:62:50:Infinity":52,"f:51:4:51:12":29,"s:51:34:51:Infinity":33,"b:51:45:51:85:51:85:51:Infinity":53,"b:51:52:51:68:51:68:51:85":54,"b:51:102:51:111:51:111:51:Infinity":55,"f:52:4:52:11":30,"s:52:33:52:Infinity":34,"b:52:44:52:84:52:84:52:Infinity":56,"b:52:51:52:67:52:67:52:84":57,"b:52:104:52:110:52:110:52:Infinity":58,"f:53:4:53:10":31,"s:53:32:53:Infinity":35,"b:53:43:53:72:53:72:53:Infinity":59,"b:53:50:53:60:53:60:53:72":60,"b:53:91:53:97:53:97:53:Infinity":61,"f:54:4:54:11":32,"s:54:33:54:Infinity":36,"b:54:44:54:78:54:78:54:Infinity":62,"b:54:51:54:64:54:64:54:78":63,"b:54:100:54:106:54:106:54:Infinity":64,"f:55:4:55:11":33,"s:55:20:55:Infinity":37,"b:55:36:55:42:55:42:55:Infinity":65,"f:56:4:56:13":34,"s:56:22:56:Infinity":38,"b:56:38:56:43:56:43:56:Infinity":66,"f:57:4:57:13":35,"s:57:22:57:Infinity":39,"b:57:38:57:44:57:44:57:Infinity":67,"s:60:21:71:Infinity":40,"f:62:4:62:11":36,"s:62:21:62:Infinity":41,"b:62:48:62:67:62:67:62:Infinity":68,"f:63:4:63:13":37,"s:63:23:63:Infinity":42,"b:63:50:63:71:63:71:63:Infinity":69,"f:64:4:64:12":38,"s:64:34:64:Infinity":43,"b:64:45:64:90:64:90:64:Infinity":70,"b:64:52:64:73:64:73:64:90":71,"b:64:107:64:116:64:116:64:Infinity":72,"f:65:4:65:11":39,"s:65:33:65:Infinity":44,"b:65:44:65:84:65:84:65:Infinity":73,"b:65:51:65:67:65:67:65:84":74,"b:65:104:65:110:65:110:65:Infinity":75,"f:66:4:66:10":40,"s:66:32:66:Infinity":45,"b:66:43:66:96:66:96:66:Infinity":76,"b:66:50:66:71:66:71:66:96":77,"b:66:115:66:121:66:121:66:Infinity":78,"f:67:4:67:11":41,"s:67:33:67:Infinity":46,"b:67:44:67:78:67:78:67:Infinity":79,"b:67:51:67:64:67:64:67:78":80,"b:67:100:67:106:67:106:67:Infinity":81,"f:68:4:68:11":42,"s:68:20:68:Infinity":47,"b:68:36:68:42:68:42:68:Infinity":82,"f:69:4:69:13":43,"s:69:22:69:Infinity":48,"b:69:38:69:43:69:43:69:Infinity":83,"f:70:4:70:13":44,"s:70:22:70:Infinity":49,"b:70:38:70:44:70:44:70:Infinity":84,"s:73:40:81:Infinity":50,"s:107:13:110:Infinity":51,"f:107:13:107:24":45,"b:107:115:107:142":85,"b:108:4:108:Infinity:undefined:undefined:undefined:undefined":86,"s:108:4:108:Infinity":52,"s:108:42:108:Infinity":53,"b:108:87:108:109:108:109:108:114":87,"s:109:4:109:Infinity":54,"b:109:57:109:79:109:79:109:84":88,"s:113:26:113:Infinity":55}}}
,"/home/johnattas/GitHub/engeapp/storage/libs/MaxUse/src/Composables/watchTrue.ts": {"path":"/home/johnattas/GitHub/engeapp/storage/libs/MaxUse/src/Composables/watchTrue.ts","statementMap":{"0":{"start":{"line":6,"column":25},"end":{"line":6,"column":null}},"1":{"start":{"line":27,"column":10},"end":{"line":33,"column":null}},"2":{"start":{"line":28,"column":8},"end":{"line":28,"column":null}},"3":{"start":{"line":28,"column":31},"end":{"line":28,"column":null}},"4":{"start":{"line":30,"column":8},"end":{"line":30,"column":null}},"5":{"start":{"line":30,"column":21},"end":{"line":30,"column":null}},"6":{"start":{"line":30,"column":42},"end":{"line":30,"column":55}},"7":{"start":{"line":32,"column":8},"end":{"line":32,"column":null}},"8":{"start":{"line":35,"column":4},"end":{"line":35,"column":null}},"9":{"start":{"line":39,"column":26},"end":{"line":39,"column":null}},"10":{"start":{"line":41,"column":28},"end":{"line":41,"column":null}},"11":{"start":{"line":43,"column":36},"end":{"line":43,"column":null}},"12":{"start":{"line":45,"column":36},"end":{"line":45,"column":null}},"13":{"start":{"line":66,"column":10},"end":{"line":72,"column":null}},"14":{"start":{"line":67,"column":8},"end":{"line":67,"column":null}},"15":{"start":{"line":67,"column":31},"end":{"line":67,"column":null}},"16":{"start":{"line":69,"column":8},"end":{"line":69,"column":null}},"17":{"start":{"line":69,"column":21},"end":{"line":69,"column":null}},"18":{"start":{"line":69,"column":42},"end":{"line":69,"column":55}},"19":{"start":{"line":71,"column":8},"end":{"line":71,"column":null}},"20":{"start":{"line":73,"column":4},"end":{"line":73,"column":null}},"21":{"start":{"line":77,"column":35},"end":{"line":77,"column":null}},"22":{"start":{"line":79,"column":37},"end":{"line":79,"column":null}},"23":{"start":{"line":81,"column":34},"end":{"line":81,"column":null}},"24":{"start":{"line":83,"column":42},"end":{"line":83,"column":null}},"25":{"start":{"line":85,"column":44},"end":{"line":85,"column":null}}},"fnMap":{"0":{"name":"watchIfValid","decl":{"start":{"line":26,"column":16},"end":{"line":26,"column":78}},"loc":{"start":{"line":26,"column":222},"end":{"line":36,"column":null}},"line":26},"1":{"name":"(anonymous_1)","decl":{"start":{"line":27,"column":26},"end":{"line":27,"column":35}},"loc":{"start":{"line":27,"column":55},"end":{"line":33,"column":7}},"line":27},"2":{"name":"(anonymous_2)","decl":{"start":{"line":30,"column":27},"end":{"line":30,"column":42}},"loc":{"start":{"line":30,"column":42},"end":{"line":30,"column":55}},"line":30},"3":{"name":"watchDebounceIfValid","decl":{"start":{"line":65,"column":16},"end":{"line":65,"column":86}},"loc":{"start":{"line":65,"column":236},"end":{"line":74,"column":null}},"line":65},"4":{"name":"(anonymous_4)","decl":{"start":{"line":66,"column":35},"end":{"line":66,"column":44}},"loc":{"start":{"line":66,"column":64},"end":{"line":72,"column":7}},"line":66},"5":{"name":"(anonymous_5)","decl":{"start":{"line":69,"column":27},"end":{"line":69,"column":42}},"loc":{"start":{"line":69,"column":42},"end":{"line":69,"column":55}},"line":69}},"branchMap":{"0":{"loc":{"start":{"line":28,"column":8},"end":{"line":28,"column":null}},"type":"if","locations":[{"start":{"line":28,"column":8},"end":{"line":28,"column":null}},{"start":{},"end":{}}],"line":28},"1":{"loc":{"start":{"line":30,"column":8},"end":{"line":30,"column":null}},"type":"if","locations":[{"start":{"line":30,"column":8},"end":{"line":30,"column":null}},{"start":{},"end":{}}],"line":30},"2":{"loc":{"start":{"line":67,"column":8},"end":{"line":67,"column":null}},"type":"if","locations":[{"start":{"line":67,"column":8},"end":{"line":67,"column":null}},{"start":{},"end":{}}],"line":67},"3":{"loc":{"start":{"line":69,"column":8},"end":{"line":69,"column":null}},"type":"if","locations":[{"start":{"line":69,"column":8},"end":{"line":69,"column":null}},{"start":{},"end":{}}],"line":69}},"s":{"0":2,"1":5,"2":3,"3":1,"4":2,"5":1,"6":1,"7":2,"8":5,"9":2,"10":2,"11":2,"12":2,"13":4,"14":4,"15":2,"16":2,"17":1,"18":1,"19":2,"20":4,"21":2,"22":2,"23":2,"24":2,"25":2},"f":{"0":5,"1":3,"2":1,"3":4,"4":4,"5":1},"b":{"0":[1,2],"1":[1,1],"2":[2,2],"3":[1,1]},"meta":{"lastBranch":4,"lastFunction":6,"lastStatement":26,"seen":{"s:6:25:6:Infinity":0,"f:26:16:26:78":0,"s:27:10:33:Infinity":1,"f:27:26:27:35":1,"b:28:8:28:Infinity:undefined:undefined:undefined:undefined":0,"s:28:8:28:Infinity":2,"s:28:31:28:Infinity":3,"b:30:8:30:Infinity:undefined:undefined:undefined:undefined":1,"s:30:8:30:Infinity":4,"s:30:21:30:Infinity":5,"f:30:27:30:42":2,"s:30:42:30:55":6,"s:32:8:32:Infinity":7,"s:35:4:35:Infinity":8,"s:39:26:39:Infinity":9,"s:41:28:41:Infinity":10,"s:43:36:43:Infinity":11,"s:45:36:45:Infinity":12,"f:65:16:65:86":3,"s:66:10:72:Infinity":13,"f:66:35:66:44":4,"b:67:8:67:Infinity:undefined:undefined:undefined:undefined":2,"s:67:8:67:Infinity":14,"s:67:31:67:Infinity":15,"b:69:8:69:Infinity:undefined:undefined:undefined:undefined":3,"s:69:8:69:Infinity":16,"s:69:21:69:Infinity":17,"f:69:27:69:42":5,"s:69:42:69:55":18,"s:71:8:71:Infinity":19,"s:73:4:73:Infinity":20,"s:77:35:77:Infinity":21,"s:79:37:79:Infinity":22,"s:81:34:81:Infinity":23,"s:83:42:83:Infinity":24,"s:85:44:85:Infinity":25}}}
,"/home/johnattas/GitHub/engeapp/storage/libs/MaxUse/src/Helpers/maxUseItems.ts": {"path":"/home/johnattas/GitHub/engeapp/storage/libs/MaxUse/src/Helpers/maxUseItems.ts","statementMap":{"0":{"start":{"line":20,"column":13},"end":{"line":48,"column":null}},"1":{"start":{"line":21,"column":20},"end":{"line":21,"column":null}},"2":{"start":{"line":23,"column":20},"end":{"line":37,"column":null}},"3":{"start":{"line":39,"column":4},"end":{"line":44,"column":null}},"4":{"start":{"line":40,"column":8},"end":{"line":43,"column":null}},"5":{"start":{"line":41,"column":12},"end":{"line":41,"column":null}},"6":{"start":{"line":41,"column":42},"end":{"line":41,"column":null}},"7":{"start":{"line":42,"column":12},"end":{"line":42,"column":null}},"8":{"start":{"line":47,"column":4},"end":{"line":47,"column":null}},"9":{"start":{"line":60,"column":32},"end":{"line":60,"column":null}}},"fnMap":{"0":{"name":"(anonymous_0)","decl":{"start":{"line":20,"column":13},"end":{"line":20,"column":43}},"loc":{"start":{"line":20,"column":43},"end":{"line":48,"column":null}},"line":20}},"branchMap":{"0":{"loc":{"start":{"line":41,"column":12},"end":{"line":41,"column":null}},"type":"if","locations":[{"start":{"line":41,"column":12},"end":{"line":41,"column":null}},{"start":{},"end":{}}],"line":41}},"s":{"0":1,"1":5,"2":5,"3":5,"4":65,"5":2375,"6":5,"7":2370,"8":5,"9":1},"f":{"0":5},"b":{"0":[5,2370]},"meta":{"lastBranch":1,"lastFunction":1,"lastStatement":10,"seen":{"s:20:13:48:Infinity":0,"f:20:13:20:43":0,"s:21:20:21:Infinity":1,"s:23:20:37:Infinity":2,"s:39:4:44:Infinity":3,"s:40:8:43:Infinity":4,"b:41:12:41:Infinity:undefined:undefined:undefined:undefined":0,"s:41:12:41:Infinity":5,"s:41:42:41:Infinity":6,"s:42:12:42:Infinity":7,"s:47:4:47:Infinity":8,"s:60:32:60:Infinity":9}}}
,"/home/johnattas/GitHub/engeapp/storage/libs/MaxUse/src/Helpers/Browser/getColorFromVar.ts": {"path":"/home/johnattas/GitHub/engeapp/storage/libs/MaxUse/src/Helpers/Browser/getColorFromVar.ts","statementMap":{"0":{"start":{"line":10,"column":10},"end":{"line":10,"column":null}},"1":{"start":{"line":11,"column":4},"end":{"line":11,"column":null}},"2":{"start":{"line":11,"column":16},"end":{"line":11,"column":null}},"3":{"start":{"line":13,"column":27},"end":{"line":13,"column":null}},"4":{"start":{"line":14,"column":30},"end":{"line":14,"column":null}},"5":{"start":{"line":15,"column":39},"end":{"line":15,"column":null}},"6":{"start":{"line":16,"column":4},"end":{"line":16,"column":null}}},"fnMap":{"0":{"name":"getColorFromVar","decl":{"start":{"line":9,"column":16},"end":{"line":9,"column":32}},"loc":{"start":{"line":9,"column":76},"end":{"line":17,"column":null}},"line":9}},"branchMap":{"0":{"loc":{"start":{"line":11,"column":4},"end":{"line":11,"column":null}},"type":"if","locations":[{"start":{"line":11,"column":4},"end":{"line":11,"column":null}},{"start":{},"end":{}}],"line":11}},"s":{"0":6,"1":6,"2":2,"3":4,"4":4,"5":4,"6":4},"f":{"0":6},"b":{"0":[2,4]},"meta":{"lastBranch":1,"lastFunction":1,"lastStatement":7,"seen":{"f:9:16:9:32":0,"s:10:10:10:Infinity":0,"b:11:4:11:Infinity:undefined:undefined:undefined:undefined":0,"s:11:4:11:Infinity":1,"s:11:16:11:Infinity":2,"s:13:27:13:Infinity":3,"s:14:30:14:Infinity":4,"s:15:39:15:Infinity":5,"s:16:4:16:Infinity":6}}}
,"/home/johnattas/GitHub/engeapp/storage/libs/MaxUse/src/Helpers/Browser/isTouchDevice.ts": {"path":"/home/johnattas/GitHub/engeapp/storage/libs/MaxUse/src/Helpers/Browser/isTouchDevice.ts","statementMap":{"0":{"start":{"line":7,"column":4},"end":{"line":10,"column":null}}},"fnMap":{"0":{"name":"isTouchDevice","decl":{"start":{"line":6,"column":16},"end":{"line":6,"column":41}},"loc":{"start":{"line":6,"column":41},"end":{"line":12,"column":null}},"line":6}},"branchMap":{"0":{"loc":{"start":{"line":8,"column":8},"end":{"line":10,"column":null}},"type":"binary-expr","locations":[{"start":{"line":8,"column":8},"end":{"line":8,"column":null}},{"start":{"line":9,"column":8},"end":{"line":9,"column":null}},{"start":{"line":10,"column":9},"end":{"line":10,"column":null}}],"line":8}},"s":{"0":2},"f":{"0":2},"b":{"0":[2,2,2]},"meta":{"lastBranch":1,"lastFunction":1,"lastStatement":1,"seen":{"f:6:16:6:41":0,"s:7:4:10:Infinity":0,"b:8:8:8:Infinity:9:8:9:Infinity:10:9:10:Infinity":0}}}
,"/home/johnattas/GitHub/engeapp/storage/libs/MaxUse/src/Helpers/Dates/addTime.ts": {"path":"/home/johnattas/GitHub/engeapp/storage/libs/MaxUse/src/Helpers/Dates/addTime.ts","statementMap":{"0":{"start":{"line":19,"column":10},"end":{"line":19,"column":null}},"1":{"start":{"line":20,"column":10},"end":{"line":20,"column":null}},"2":{"start":{"line":21,"column":10},"end":{"line":21,"column":null}},"3":{"start":{"line":23,"column":4},"end":{"line":23,"column":null}},"4":{"start":{"line":23,"column":18},"end":{"line":23,"column":null}},"5":{"start":{"line":25,"column":17},"end":{"line":25,"column":null}},"6":{"start":{"line":26,"column":4},"end":{"line":26,"column":null}},"7":{"start":{"line":26,"column":31},"end":{"line":26,"column":null}},"8":{"start":{"line":28,"column":4},"end":{"line":53,"column":null}},"9":{"start":{"line":31,"column":12},"end":{"line":31,"column":null}},"10":{"start":{"line":32,"column":12},"end":{"line":32,"column":null}},"11":{"start":{"line":35,"column":12},"end":{"line":35,"column":null}},"12":{"start":{"line":36,"column":12},"end":{"line":36,"column":null}},"13":{"start":{"line":39,"column":12},"end":{"line":39,"column":null}},"14":{"start":{"line":40,"column":12},"end":{"line":40,"column":null}},"15":{"start":{"line":43,"column":12},"end":{"line":43,"column":null}},"16":{"start":{"line":44,"column":12},"end":{"line":44,"column":null}},"17":{"start":{"line":47,"column":12},"end":{"line":47,"column":null}},"18":{"start":{"line":48,"column":12},"end":{"line":48,"column":null}},"19":{"start":{"line":51,"column":12},"end":{"line":51,"column":null}},"20":{"start":{"line":52,"column":12},"end":{"line":52,"column":null}},"21":{"start":{"line":55,"column":4},"end":{"line":55,"column":null}}},"fnMap":{"0":{"name":"addTime","decl":{"start":{"line":14,"column":16},"end":{"line":14,"column":null}},"loc":{"start":{"line":18,"column":15},"end":{"line":56,"column":null}},"line":18}},"branchMap":{"0":{"loc":{"start":{"line":17,"column":4},"end":{"line":17,"column":null}},"type":"default-arg","locations":[{"start":{"line":17,"column":36},"end":{"line":17,"column":null}}],"line":17},"1":{"loc":{"start":{"line":23,"column":4},"end":{"line":23,"column":null}},"type":"if","locations":[{"start":{"line":23,"column":4},"end":{"line":23,"column":null}},{"start":{},"end":{}}],"line":23},"2":{"loc":{"start":{"line":26,"column":4},"end":{"line":26,"column":null}},"type":"if","locations":[{"start":{"line":26,"column":4},"end":{"line":26,"column":null}},{"start":{},"end":{}}],"line":26},"3":{"loc":{"start":{"line":28,"column":4},"end":{"line":53,"column":null}},"type":"switch","locations":[{"start":{"line":29,"column":8},"end":{"line":29,"column":null}},{"start":{"line":30,"column":8},"end":{"line":32,"column":null}},{"start":{"line":33,"column":8},"end":{"line":33,"column":null}},{"start":{"line":34,"column":8},"end":{"line":36,"column":null}},{"start":{"line":37,"column":8},"end":{"line":37,"column":null}},{"start":{"line":38,"column":8},"end":{"line":40,"column":null}},{"start":{"line":41,"column":8},"end":{"line":41,"column":null}},{"start":{"line":42,"column":8},"end":{"line":44,"column":null}},{"start":{"line":45,"column":8},"end":{"line":45,"column":null}},{"start":{"line":46,"column":8},"end":{"line":48,"column":null}},{"start":{"line":49,"column":8},"end":{"line":49,"column":null}},{"start":{"line":50,"column":8},"end":{"line":52,"column":null}}],"line":28}},"s":{"0":19,"1":19,"2":19,"3":19,"4":2,"5":17,"6":17,"7":1,"8":16,"9":5,"10":5,"11":2,"12":2,"13":2,"14":2,"15":2,"16":2,"17":2,"18":2,"19":2,"20":2,"21":16},"f":{"0":19},"b":{"0":[19],"1":[2,17],"2":[1,16],"3":[1,5,1,2,1,2,1,2,1,2,1,2]},"meta":{"lastBranch":4,"lastFunction":1,"lastStatement":22,"seen":{"f:14:16:14:Infinity":0,"b:17:36:17:Infinity":0,"s:19:10:19:Infinity":0,"s:20:10:20:Infinity":1,"s:21:10:21:Infinity":2,"b:23:4:23:Infinity:undefined:undefined:undefined:undefined":1,"s:23:4:23:Infinity":3,"s:23:18:23:Infinity":4,"s:25:17:25:Infinity":5,"b:26:4:26:Infinity:undefined:undefined:undefined:undefined":2,"s:26:4:26:Infinity":6,"s:26:31:26:Infinity":7,"b:29:8:29:Infinity:30:8:32:Infinity:33:8:33:Infinity:34:8:36:Infinity:37:8:37:Infinity:38:8:40:Infinity:41:8:41:Infinity:42:8:44:Infinity:45:8:45:Infinity:46:8:48:Infinity:49:8:49:Infinity:50:8:52:Infinity":3,"s:28:4:53:Infinity":8,"s:31:12:31:Infinity":9,"s:32:12:32:Infinity":10,"s:35:12:35:Infinity":11,"s:36:12:36:Infinity":12,"s:39:12:39:Infinity":13,"s:40:12:40:Infinity":14,"s:43:12:43:Infinity":15,"s:44:12:44:Infinity":16,"s:47:12:47:Infinity":17,"s:48:12:48:Infinity":18,"s:51:12:51:Infinity":19,"s:52:12:52:Infinity":20,"s:55:4:55:Infinity":21}}}
,"/home/johnattas/GitHub/engeapp/storage/libs/MaxUse/src/Helpers/Dates/differences.ts": {"path":"/home/johnattas/GitHub/engeapp/storage/libs/MaxUse/src/Helpers/Dates/differences.ts","statementMap":{"0":{"start":{"line":7,"column":10},"end":{"line":7,"column":null}},"1":{"start":{"line":8,"column":4},"end":{"line":8,"column":null}},"2":{"start":{"line":8,"column":26},"end":{"line":8,"column":null}},"3":{"start":{"line":10,"column":17},"end":{"line":10,"column":null}},"4":{"start":{"line":11,"column":4},"end":{"line":11,"column":null}},"5":{"start":{"line":18,"column":15},"end":{"line":18,"column":null}},"6":{"start":{"line":19,"column":15},"end":{"line":19,"column":null}},"7":{"start":{"line":20,"column":4},"end":{"line":20,"column":null}},"8":{"start":{"line":20,"column":20},"end":{"line":20,"column":null}},"9":{"start":{"line":21,"column":4},"end":{"line":21,"column":null}},"10":{"start":{"line":28,"column":4},"end":{"line":28,"column":null}},"11":{"start":{"line":35,"column":4},"end":{"line":35,"column":null}},"12":{"start":{"line":42,"column":4},"end":{"line":42,"column":null}},"13":{"start":{"line":49,"column":15},"end":{"line":49,"column":null}},"14":{"start":{"line":50,"column":15},"end":{"line":50,"column":null}},"15":{"start":{"line":51,"column":4},"end":{"line":51,"column":null}},"16":{"start":{"line":51,"column":20},"end":{"line":51,"column":null}},"17":{"start":{"line":53,"column":18},"end":{"line":53,"column":null}},"18":{"start":{"line":54,"column":19},"end":{"line":54,"column":null}},"19":{"start":{"line":55,"column":4},"end":{"line":55,"column":null}},"20":{"start":{"line":62,"column":15},"end":{"line":62,"column":null}},"21":{"start":{"line":63,"column":15},"end":{"line":63,"column":null}},"22":{"start":{"line":64,"column":4},"end":{"line":64,"column":null}},"23":{"start":{"line":64,"column":20},"end":{"line":64,"column":null}},"24":{"start":{"line":65,"column":4},"end":{"line":65,"column":null}}},"fnMap":{"0":{"name":"parseDate","decl":{"start":{"line":6,"column":9},"end":{"line":6,"column":19}},"loc":{"start":{"line":6,"column":48},"end":{"line":12,"column":null}},"line":6},"1":{"name":"diffInSeconds","decl":{"start":{"line":17,"column":16},"end":{"line":17,"column":30}},"loc":{"start":{"line":17,"column":70},"end":{"line":22,"column":null}},"line":17},"2":{"name":"diffInMinutes","decl":{"start":{"line":27,"column":16},"end":{"line":27,"column":30}},"loc":{"start":{"line":27,"column":70},"end":{"line":29,"column":null}},"line":27},"3":{"name":"diffInHours","decl":{"start":{"line":34,"column":16},"end":{"line":34,"column":28}},"loc":{"start":{"line":34,"column":68},"end":{"line":36,"column":null}},"line":34},"4":{"name":"diffInDays","decl":{"start":{"line":41,"column":16},"end":{"line":41,"column":27}},"loc":{"start":{"line":41,"column":67},"end":{"line":43,"column":null}},"line":41},"5":{"name":"diffInMonths","decl":{"start":{"line":48,"column":16},"end":{"line":48,"column":29}},"loc":{"start":{"line":48,"column":69},"end":{"line":56,"column":null}},"line":48},"6":{"name":"diffInYears","decl":{"start":{"line":61,"column":16},"end":{"line":61,"column":28}},"loc":{"start":{"line":61,"column":68},"end":{"line":66,"column":null}},"line":61}},"branchMap":{"0":{"loc":{"start":{"line":8,"column":4},"end":{"line":8,"column":null}},"type":"if","locations":[{"start":{"line":8,"column":4},"end":{"line":8,"column":null}},{"start":{},"end":{}}],"line":8},"1":{"loc":{"start":{"line":11,"column":11},"end":{"line":11,"column":null}},"type":"cond-expr","locations":[{"start":{"line":11,"column":35},"end":{"line":11,"column":42}},{"start":{"line":11,"column":42},"end":{"line":11,"column":null}}],"line":11},"2":{"loc":{"start":{"line":20,"column":4},"end":{"line":20,"column":null}},"type":"if","locations":[{"start":{"line":20,"column":4},"end":{"line":20,"column":null}},{"start":{},"end":{}}],"line":20},"3":{"loc":{"start":{"line":20,"column":8},"end":{"line":20,"column":20}},"type":"binary-expr","locations":[{"start":{"line":20,"column":8},"end":{"line":20,"column":15}},{"start":{"line":20,"column":15},"end":{"line":20,"column":20}}],"line":20},"4":{"loc":{"start":{"line":51,"column":4},"end":{"line":51,"column":null}},"type":"if","locations":[{"start":{"line":51,"column":4},"end":{"line":51,"column":null}},{"start":{},"end":{}}],"line":51},"5":{"loc":{"start":{"line":51,"column":8},"end":{"line":51,"column":20}},"type":"binary-expr","locations":[{"start":{"line":51,"column":8},"end":{"line":51,"column":15}},{"start":{"line":51,"column":15},"end":{"line":51,"column":20}}],"line":51},"6":{"loc":{"start":{"line":64,"column":4},"end":{"line":64,"column":null}},"type":"if","locations":[{"start":{"line":64,"column":4},"end":{"line":64,"column":null}},{"start":{},"end":{}}],"line":64},"7":{"loc":{"start":{"line":64,"column":8},"end":{"line":64,"column":20}},"type":"binary-expr","locations":[{"start":{"line":64,"column":8},"end":{"line":64,"column":15}},{"start":{"line":64,"column":15},"end":{"line":64,"column":20}}],"line":64}},"s":{"0":30,"1":30,"2":3,"3":27,"4":27,"5":9,"6":9,"7":9,"8":2,"9":7,"10":3,"11":2,"12":1,"13":3,"14":3,"15":3,"16":1,"17":2,"18":2,"19":2,"20":3,"21":3,"22":3,"23":1,"24":2},"f":{"0":30,"1":9,"2":3,"3":2,"4":1,"5":3,"6":3},"b":{"0":[3,27],"1":[1,26],"2":[2,7],"3":[9,7],"4":[1,2],"5":[3,2],"6":[1,2],"7":[3,2]},"meta":{"lastBranch":8,"lastFunction":7,"lastStatement":25,"seen":{"f:6:9:6:19":0,"s:7:10:7:Infinity":0,"b:8:4:8:Infinity:undefined:undefined:undefined:undefined":0,"s:8:4:8:Infinity":1,"s:8:26:8:Infinity":2,"s:10:17:10:Infinity":3,"s:11:4:11:Infinity":4,"b:11:35:11:42:11:42:11:Infinity":1,"f:17:16:17:30":1,"s:18:15:18:Infinity":5,"s:19:15:19:Infinity":6,"b:20:4:20:Infinity:undefined:undefined:undefined:undefined":2,"s:20:4:20:Infinity":7,"b:20:8:20:15:20:15:20:20":3,"s:2
[...]
":{"line":93,"column":null}},"38":{"start":{"line":94,"column":8},"end":{"line":94,"column":null}},"39":{"start":{"line":94,"column":32},"end":{"line":94,"column":null}},"40":{"start":{"line":104,"column":15},"end":{"line":104,"column":null}},"41":{"start":{"line":105,"column":4},"end":{"line":112,"column":null}},"42":{"start":{"line":106,"column":19},"end":{"line":106,"column":null}},"43":{"start":{"line":107,"column":22},"end":{"line":107,"column":null}},"44":{"start":{"line":108,"column":24},"end":{"line":108,"column":null}},"45":{"start":{"line":110,"column":8},"end":{"line":110,"column":null}},"46":{"start":{"line":110,"column":34},"end":{"line":110,"column":null}},"47":{"start":{"line":111,"column":8},"end":{"line":111,"column":null}},"48":{"start":{"line":111,"column":32},"end":{"line":111,"column":null}},"49":{"start":{"line":119,"column":15},"end":{"line":119,"column":null}},"50":{"start":{"line":120,"column":4},"end":{"line":127,"column":null}},"51":{"start":{"line":121,"column":19},"end":{"line":121,"column":null}},"52":{"start":{"line":122,"column":22},"end":{"line":122,"column":null}},"53":{"start":{"line":123,"column":24},"end":{"line":123,"column":null}},"54":{"start":{"line":125,"column":8},"end":{"line":125,"column":null}},"55":{"start":{"line":125,"column":34},"end":{"line":125,"column":null}},"56":{"start":{"line":126,"column":8},"end":{"line":126,"column":null}},"57":{"start":{"line":126,"column":32},"end":{"line":126,"column":null}},"58":{"start":{"line":148,"column":10},"end":{"line":148,"column":null}},"59":{"start":{"line":150,"column":4},"end":{"line":150,"column":null}},"60":{"start":{"line":150,"column":29},"end":{"line":150,"column":null}},"61":{"start":{"line":152,"column":10},"end":{"line":152,"column":null}},"62":{"start":{"line":154,"column":10},"end":{"line":154,"column":null}},"63":{"start":{"line":157,"column":19},"end":{"line":157,"column":null}},"64":{"start":{"line":159,"column":4},"end":{"line":159,"column":null}},"65":{"start":{"line":159,"column":16},"end":{"line":159,"column":null}},"66":{"start":{"line":162,"column":10},"end":{"line":162,"column":null}},"67":{"start":{"line":163,"column":21},"end":{"line":163,"column":null}},"68":{"start":{"line":165,"column":39},"end":{"line":165,"column":null}},"69":{"start":{"line":166,"column":4},"end":{"line":166,"column":null}},"70":{"start":{"line":167,"column":21},"end":{"line":167,"column":null}},"71":{"start":{"line":168,"column":24},"end":{"line":168,"column":null}},"72":{"start":{"line":171,"column":4},"end":{"line":171,"column":null}},"73":{"start":{"line":173,"column":4},"end":{"line":173,"column":null}}},"fnMap":{"0":{"name":"openDB","decl":{"start":{"line":27,"column":9},"end":{"line":27,"column":40}},"loc":{"start":{"line":27,"column":40},"end":{"line":40,"column":null}},"line":27},"1":{"name":"(anonymous_1)","decl":{"start":{"line":28,"column":15},"end":{"line":28,"column":24}},"loc":{"start":{"line":28,"column":44},"end":{"line":39,"column":5}},"line":28},"2":{"name":"(anonymous_2)","decl":{"start":{"line":31,"column":16},"end":{"line":31,"column":40}},"loc":{"start":{"line":31,"column":40},"end":{"line":35,"column":null}},"line":31},"3":{"name":"(anonymous_3)","decl":{"start":{"line":37,"column":16},"end":{"line":37,"column":34}},"loc":{"start":{"line":37,"column":34},"end":{"line":37,"column":null}},"line":37},"4":{"name":"(anonymous_4)","decl":{"start":{"line":38,"column":16},"end":{"line":38,"column":32}},"loc":{"start":{"line":38,"column":32},"end":{"line":38,"column":null}},"line":38},"5":{"name":"getFromIDB","decl":{"start":{"line":48,"column":15},"end":{"line":48,"column":26}},"loc":{"start":{"line":48,"column":74},"end":{"line":76,"column":null}},"line":48},"6":{"name":"(anonymous_6)","decl":{"start":{"line":50,"column":15},"end":{"line":50,"column":24}},"loc":{"start":{"line":50,"column":44},"end":{"line":75,"column":5}},"line":50},"7":{"name":"(anonymous_7)","decl":{"start":{"line":55,"column":16},"end":{"line":55,"column":34}},"loc":{"start":{"line":55,"column":34},"end":{"line":72,"column":null}},"line":55},"8":{"name":"(anonymous_8)","decl":{"start":{"line":66,"column":35},"end":{"line":66,"column":47}},"loc":{"start":{"line":66,"column":47},"end":{"line":66,"column":49}},"line":66},"9":{"name":"(anonymous_9)","decl":{"start":{"line":74,"column":16},"end":{"line":74,"column":32}},"loc":{"start":{"line":74,"column":32},"end":{"line":74,"column":null}},"line":74},"10":{"name":"setToIDB","decl":{"start":{"line":84,"column":15},"end":{"line":84,"column":24}},"loc":{"start":{"line":84,"column":63},"end":{"line":96,"column":null}},"line":84},"11":{"name":"(anonymous_11)","decl":{"start":{"line":86,"column":15},"end":{"line":86,"column":24}},"loc":{"start":{"line":86,"column":44},"end":{"line":95,"column":5}},"line":86},"12":{"name":"(anonymous_12)","decl":{"start":{"line":93,"column":16},"end":{"line":93,"column":34}},"loc":{"start":{"line":93,"column":34},"end":{"line":93,"column":null}},"line":93},"13":{"name":"(anonymous_13)","decl":{"start":{"line":94,"column":16},"end":{"line":94,"column":32}},"loc":{"start":{"line":94,"column":32},"end":{"line":94,"column":null}},"line":94},"14":{"name":"deleteFromIDB","decl":{"start":{"line":103,"column":22},"end":{"line":103,"column":36}},"loc":{"start":{"line":103,"column":64},"end":{"line":113,"column":null}},"line":103},"15":{"name":"(anonymous_15)","decl":{"start":{"line":105,"column":15},"end":{"line":105,"column":24}},"loc":{"start":{"line":105,"column":44},"end":{"line":112,"column":5}},"line":105},"16":{"name":"(anonymous_16)","decl":{"start":{"line":110,"column":16},"end":{"line":110,"column":34}},"loc":{"start":{"line":110,"column":34},"end":{"line":110,"column":null}},"line":110},"17":{"name":"(anonymous_17)","decl":{"start":{"line":111,"column":16},"end":{"line":111,"column":32}},"loc":{"start":{"line":111,"column":32},"end":{"line":111,"column":null}},"line":111},"18":{"name":"clearCacheIDB","decl":{"start":{"line":118,"column":22},"end":{"line":118,"column":53}},"loc":{"start":{"line":118,"column":53},"end":{"line":128,"column":null}},"line":118},"19":{"name":"(anonymous_19)","decl":{"start":{"line":120,"column":15},"end":{"line":120,"column":24}},"loc":{"start":{"line":120,"column":44},"end":{"line":127,"column":5}},"line":120},"20":{"name":"(anonymous_20)","decl":{"start":{"line":125,"column":16},"end":{"line":125,"column":34}},"loc":{"start":{"line":125,"column":34},"end":{"line":125,"column":null}},"line":125},"21":{"name":"(anonymous_21)","decl":{"start":{"line":126,"column":16},"end":{"line":126,"column":32}},"loc":{"start":{"line":126,"column":32},"end":{"line":126,"column":null}},"line":126},"22":{"name":"getCachedApiIDB","decl":{"start":{"line":141,"column":22},"end":{"line":141,"column":null}},"loc":{"start":{"line":146,"column":16},"end":{"line":174,"column":null}},"line":146}},"branchMap":{"0":{"loc":{"start":{"line":33,"column":12},"end":{"line":33,"column":null}},"type":"if","locations":[{"start":{"line":33,"column":12},"end":{"line":33,"column":null}},{"start":{},"end":{}}],"line":33},"1":{"loc":{"start":{"line":58,"column":12},"end":{"line":61,"column":null}},"type":"if","locations":[{"start":{"line":58,"column":12},"end":{"line":61,"column":null}},{"start":{},"end":{}}],"line":58},"2":{"loc":{"start":{"line":64,"column":12},"end":{"line":69,"column":null}},"type":"if","locations":[{"start":{"line":64,"column":12},"end":{"line":69,"column":null}},{"start":{},"end":{}}],"line":64},"3":{"loc":{"start":{"line":64,"column":16},"end":{"line":64,"column":59}},"type":"binary-expr","locations":[{"start":{"line":64,"column":16},"end":{"line":64,"column":23}},{"start":{"line":64,"column":23},"end":{"line":64,"column":59}}],"line":64},"4":{"loc":{"start":{"line":143,"column":4},"end":{"line":143,"column":null}},"type":"default-arg","locations":[{"start":{"line":143,"column":34},"end":{"line":143,"column":null}}],"line":143},"5":{"loc":{"start":{"line":144,"column":4},"end":{"line":144,"column":null}},"type":"default-arg","locations":[{"start":{"line":144,"column":32},"end":{"line":144,"column":null}}],"line":144},"6":{"loc":{"start":{"line":150,"column":4},"end":{"line":150,"column":null}},"type":"if","locations":[{"start":{"line":150,"column":4},"end":{"line":150,"column":null}},{"start":{},"end":{}}],"line":150},"7":{"loc":{"start":{"line":152,"column":10},"end":{"line":152,"column":null}},"type":"binary-expr","locations":[{"start":{"line":152,"column":10},"end":{"line":152,"column":51}},{"start":{"line":152,"column":51},"end":{"line":152,"column":null}}],"line":152},"8":{"loc":{"start":{"line":154,"column":10},"end":{"line":154,"column":null}},"type":"binary-expr","locations":[{"start":{"line":154,"column":10},"end":{"line":154,"column":37}},{"start":{"line":154,"column":37},"end":{"line":154,"column":null}}],"line":154},"9":{"loc":{"start":{"line":159,"column":4},"end":{"line":159,"column":null}},"type":"if","locations":[{"start":{"line":159,"column":4},"end":{"line":159,"column":null}},{"start":{},"end":{}}],"line":159}},"s":{"0":2,"1":2,"2":2,"3":16,"4":16,"5":16,"6":15,"7":15,"8":13,"9":16,"10":15,"11":16,"12":1,"13":7,"14":6,"15":6,"16":6,"17":6,"18":6,"19":5,"20":5,"21":3,"22":3,"23":2,"24":1,"25":1,"26":1,"27":1,"28":6,"29":1,"30":4,"31":4,"32":4,"33":4,"34":4,"35":4,"36":4,"37":3,"38":4,"39":1,"40":3,"41":3,"42":3,"43":3,"44":3,"45":3,"46":1,"47":3,"48":2,"49":2,"50":2,"51":2,"52":2,"53":2,"54":2,"55":1,"56":2,"57":1,"58":8,"59":8,"60":1,"61":7,"62":8,"63":8,"64":5,"65":1,"66":4,"67":4,"68":4,"69":4,"70":4,"71":4,"72":4,"73":3},"f":{"0":16,"1":16,"2":15,"3":15,"4":1,"5":7,"6":6,"7":5,"8":1,"9":1,"10":4,"11":4,"12":3,"13":1,"14":3,"15":3,"16":1,"17":2,"18":2,"19":2,"20":1,"21":1,"22":8},"b":{"0":[13,2],"1":[3,2],"2":[1,1],"3":[2,1],"4":[8],"5":[8],"6":[1,7],"7":[7,1],"8":[8,7],"9":[1,4]},"meta":{"lastBranch":10,"lastFunction":23,"lastStatement":74,"seen":{"s:10:16:10:Infinity":0,"s:12:19:12:Infinity":1,"s:14:19:14:Infinity":2,"f:27:9:27:40":0,"s:28:4:39:Infinity":3,"f:28:15:28:24":1,"s:29:24:29:Infinity":4,"s:31:8:35:Infinity":5,"f:31:16:31:40":2,"s:32:23:32:Infinity":6,"b:33:12:33:Infinity:undefined:undefined:undefined:undefined":0,"s:33:12:33:Infinity":7,"s:33:59:33:Infinity":8,"s:37:8:37:Infinity":9,"f:37:16:37:34":3,"s:37:34:37:Infinity":10,"s:38:8:38:Infinity":11,"f:38:16:38:32":4,"s:38:32:38:Infinity":12,"f:48:15:48:26":5,"s:49:15:49:Infinity":13,"s:50:4:75:Infinity":14,"f:50:15:50:24":6,"s:51:19:51:Infinity":15,"s:52:22:52:Infinity":16,"s:53:24:53:Infinity":17,"s:55:8:72:Infinity":18,"f:55:16:55:34":7,"s:56:50:56:Infinity":19,"b:58:12:61:Infinity:undefined:undefined:undefined:undefined":1,"s:58:12:61:Infinity":20,"s:59:16:59:Infinity":21,"s:60:16:60:Infinity":22,"b:64:12:69:Infinity:undefined:undefined:undefined:undefined":2,"s:64:12:69:Infinity":23,"b:64:16:64:23:64:23:64:59":3,"s:66:16:66:Infinity":24,"f:66:35:66:47":8,"s:67:16:67:Infinity":25,"s:68:16:68:Infinity":26,"s:71:12:71:Infinity":27,"s:74:8:74:Infinity":28,"f:74:16:74:32":9,"s:74:32:74:Infinity":29,"f:84:15:84:24":10,"s:85:15:85:Infinity":30,"s:86:4:95:Infinity":31,"f:86:15:86:24":11,"s:87:19:87:Infinity":32,"s:88:22:88:Infinity":33,"s:90:34:90:Infinity":34,"s:91:24:91:Infinity":35,"s:93:8:93:Infinity":36,"f:93:16:93:34":12,"s:93:34:93:Infinity":37,"s:94:8:94:Infinity":38,"f:94:16:94:32":13,"s:94:32:94:Infinity":39,"f:103:22:103:36":14,"s:104:15:104:Infinity":40,"s:105:4:112:Infinity":41,"f:105:15:105:24":15,"s:106:19:106:Infinity":42,"s:107:22:107:Infinity":43,"s:108:24:108:Infinity":44,"s:110:8:110:Infinity":45,"f:110:16:110:34":16,"s:110:34:110:Infinity":46,"s:111:8:111:Infinity":47,"f:111:16:111:32":17,"s:111:32:111:Infinity":48,"f:118:22:118:53":18,"s:119:15:119:Infinity":49,"s:120:4:127:Infinity":50,"f:120:15:120:24":19,"s:121:19:121:Infinity":51,"s:122:22:122:Infinity":52,"s:123:24:123:Infinity":53,"s:125:8:125:Infinity":54,"f:125:16:125:34":20,"s:125:34:125:Infinity":55,"s:126:8:126:Infinity":56,"f:126:16:126:32":21,"s:126:32:126:Infinity":57,"f:141:22:141:Infinity":22,"b:143:34:143:Infinity":4,"b:144:32:144:Infinity":5,"s:148:10:148:Infinity":58,"b:150:4:150:Infinity:undefined:undefined:undefined:undefined":6,"s:150:4:150:Infinity":59,"s:150:29:150:Infinity":60,"s:152:10:152:Infinity":61,"b:152:10:152:51:152:51:152:Infinity":7,"s:154:10:154:Infinity":62,"b:154:10:154:37:154:37:154:Infinity":8,"s:157:19:157:Infinity":63,"b:159:4:159:Infinity:undefined:undefined:undefined:undefined":9,"s:159:4:159:Infinity":64,"s:159:16:159:Infinity":65,"s:162:10:162:Infinity":66,"s:163:21:163:Infinity":67,"s:165:39:165:Infinity":68,"s:166:4:166:Infinity":69,"s:167:21:167:Infinity":70,"s:168:24:168:Infinity":71,"s:171:4:171:Infinity":72,"s:173:4:173:Infinity":73}}}
,"/home/johnattas/GitHub/engeapp/storage/libs/MaxUse/src/Routes/getRoute.ts": {"path":"/home/johnattas/GitHub/engeapp/storage/libs/MaxUse/src/Routes/getRoute.ts","statementMap":{"0":{"start":{"line":13,"column":13},"end":{"line":22,"column":null}},"1":{"start":{"line":14,"column":10},"end":{"line":14,"column":null}},"2":{"start":{"line":15,"column":4},"end":{"line":15,"column":null}},"3":{"start":{"line":15,"column":46},"end":{"line":15,"column":null}},"4":{"start":{"line":17,"column":10},"end":{"line":17,"column":null}},"5":{"start":{"line":19,"column":10},"end":{"line":19,"column":null}},"6":{"start":{"line":20,"column":4},"end":{"line":20,"column":null}},"7":{"start":{"line":20,"column":34},"end":{"line":20,"column":null}},"8":{"start":{"line":21,"column":4},"end":{"line":21,"column":null}},"9":{"start":{"line":25,"column":30},"end":{"line":25,"column":null}}},"fnMap":{"0":{"name":"(anonymous_0)","decl":{"start":{"line":13,"column":13},"end":{"line":13,"column":25}},"loc":{"start":{"line":13,"column":110},"end":{"line":22,"column":null}},"line":13}},"branchMap":{"0":{"loc":{"start":{"line":13,"column":25},"end":{"line":13,"column":76}},"type":"default-arg","locations":[{"start":{"line":13,"column":70},"end":{"line":13,"column":76}}],"line":13},"1":{"loc":{"start":{"line":13,"column":76},"end":{"line":13,"column":110}},"type":"default-arg","locations":[{"start":{"line":13,"column":88},"end":{"line":13,"column":110}}],"line":13},"2":{"loc":{"start":{"line":15,"column":4},"end":{"line":15,"column":null}},"type":"if","locations":[{"start":{"line":15,"column":4},"end":{"line":15,"column":null}},{"start":{},"end":{}}],"line":15},"3":{"loc":{"start":{"line":15,"column":8},"end":{"line":15,"column":46}},"type":"binary-expr","locations":[{"start":{"line":15,"column":8},"end":{"line":15,"column":24}},{"start":{"line":15,"column":9},"end":{"line":15,"column":46}}],"line":15},"4":{"loc":{"start":{"line":17,"column":10},"end":{"line":17,"column":null}},"type":"binary-expr","locations":[{"start":{"line":17,"column":10},"end":{"line":17,"column":40}},{"start":{"line":17,"column":40},"end":{"line":17,"column":null}}],"line":17},"5":{"loc":{"start":{"line":20,"column":4},"end":{"line":20,"column":null}},"type":"if","locations":[{"start":{"line":20,"column":4},"end":{"line":20,"column":null}},{"start":{},"end":{}}],"line":20}},"s":{"0":2,"1":8,"2":8,"3":3,"4":5,"5":8,"6":8,"7":4,"8":1,"9":2},"f":{"0":8},"b":{"0":[8],"1":[8],"2":[3,5],"3":[8,6],"4":[5,1],"5":[4,4]},"meta":{"lastBranch":6,"lastFunction":1,"lastStatement":10,"seen":{"s:13:13:22:Infinity":0,"f:13:13:13:25":0,"b:13:70:13:76":0,"b:13:88:13:110":1,"s:14:10:14:Infinity":1,"b:15:4:15:Infinity:undefined:undefined:undefined:undefined":2,"s:15:4:15:Infinity":2,"b:15:8:15:24:15:9:15:46":3,"s:15:46:15:Infinity":3,"s:17:10:17:Infinity":4,"b:17:10:17:40:17:40:17:Infinity":4,"s:19:10:19:Infinity":5,"b:20:4:20:Infinity:undefined:undefined:undefined:undefined":5,"s:20:4:20:Infinity":6,"s:20:34:20:Infinity":7,"s:21:4:21:Infinity":8,"s:25:30:25:Infinity":9}}}
,"/home/johnattas/GitHub/engeapp/storage/libs/MaxUse/src/Routes/goToRoute.ts": {"path":"/home/johnattas/GitHub/engeapp/storage/libs/MaxUse/src/Routes/goToRoute.ts","statementMap":{"0":{"start":{"line":6,"column":34},"end":{"line":6,"column":null}},"1":{"start":{"line":24,"column":13},"end":{"line":26,"column":null}},"2":{"start":{"line":25,"column":4},"end":{"line":25,"column":null}},"3":{"start":{"line":37,"column":13},"end":{"line":55,"column":null}},"4":{"start":{"line":38,"column":4},"end":{"line":38,"column":null}},"5":{"start":{"line":38,"column":23},"end":{"line":38,"column":null}},"6":{"start":{"line":40,"column":10},"end":{"line":40,"column":null}},"7":{"start":{"line":41,"column":4},"end":{"line":41,"column":null}},"8":{"start":{"line":41,"column":46},"end":{"line":41,"column":null}},"9":{"start":{"line":43,"column":10},"end":{"line":43,"column":null}},"10":{"start":{"line":45,"column":10},"end":{"line":45,"column":null}},"11":{"start":{"line":46,"column":4},"end":{"line":49,"column":5}},"12":{"start":{"line":47,"column":8},"end":{"line":47,"column":null}},"13":{"start":{"line":48,"column":8},"end":{"line":48,"column":null}},"14":{"start":{"line":52,"column":4},"end":{"line":52,"column":null}},"15":{"start":{"line":54,"column":4},"end":{"line":54,"column":null}},"16":{"start":{"line":58,"column":31},"end":{"line":58,"column":null}}},"fnMap":{"0":{"name":"(anonymous_0)","decl":{"start":{"line":24,"column":13},"end":{"line":24,"column":33}},"loc":{"start":{"line":24,"column":58},"end":{"line":26,"column":null}},"line":24},"1":{"name":"(anonymous_1)","decl":{"start":{"line":37,"column":13},"end":{"line":37,"column":26}},"loc":{"start":{"line":37,"column":101},"end":{"line":55,"column":null}},"line":37}},"branchMap":{"0":{"loc":{"start":{"line":37,"column":26},"end":{"line":37,"column":73}},"type":"default-arg","locations":[{"start":{"line":37,"column":67},"end":{"line":37,"column":73}}],"line":37},"1":{"loc":{"start":{"line":37,"column":73},"end":{"line":37,"column":101}},"type":"default-arg","locations":[{"start":{"line":37,"column":85},"end":{"line":37,"column":101}}],"line":37},"2":{"loc":{"start":{"line":38,"column":4},"end":{"line":38,"column":null}},"type":"if","locations":[{"start":{"line":38,"column":4},"end":{"line":38,"column":null}},{"start":{},"end":{}}],"line":38},"3":{"loc":{"start":{"line":41,"column":4},"end":{"line":41,"column":null}},"type":"if","locations":[{"start":{"line":41,"column":4},"end":{"line":41,"column":null}},{"start":{},"end":{}}],"line":41},"4":{"loc":{"start":{"line":41,"column":8},"end":{"line":41,"column":46}},"type":"binary-expr","locations":[{"start":{"line":41,"column":8},"end":{"line":41,"column":24}},{"start":{"line":41,"column":9},"end":{"line":41,"column":46}}],"line":41},"5":{"loc":{"start":{"line":43,"column":10},"end":{"line":43,"column":null}},"type":"binary-expr","locations":[{"start":{"line":43,"column":10},"end":{"line":43,"column":40}},{"start":{"line":43,"column":40},"end":{"line":43,"column":null}}],"line":43},"6":{"loc":{"start":{"line":46,"column":4},"end":{"line":49,"column":5}},"type":"if","locations":[{"start":{"line":46,"column":4},"end":{"line":49,"column":5}},{"start":{},"end":{}}],"line":46}},"s":{"0":2,"1":2,"2":9,"3":2,"4":8,"5":1,"6":7,"7":7,"8":3,"9":4,"10":8,"11":8,"12":3,"13":3,"14":1,"15":1,"16":2},"f":{"0":9,"1":8},"b":{"0":[8],"1":[8],"2":[1,7],"3":[3,4],"4":[7,5],"5":[4,1],"6":[3,5]},"meta":{"lastBranch":7,"lastFunction":2,"lastStatement":17,"seen":{"s:6:34:6:Infinity":0,"s:24:13:26:Infinity":1,"f:24:13:24:33":0,"s:25:4:25:Infinity":2,"s:37:13:55:Infinity":3,"f:37:13:37:26":1,"b:37:67:37:73":0,"b:37:85:37:101":1,"b:38:4:38:Infinity:undefined:undefined:undefined:undefined":2,"s:38:4:38:Infinity":4,"s:38:23:38:Infinity":5,"s:40:10:40:Infinity":6,"b:41:4:41:Infinity:undefined:undefined:undefined:undefined":3,"s:41:4:41:Infinity":7,"b:41:8:41:24:41:9:41:46":4,"s:41:46:41:Infinity":8,"s:43:10:43:Infinity":9,"b:43:10:43:40:43:40:43:Infinity":5,"s:45:10:45:Infinity":10,"b:46:4:49:5:undefined:undefined:undefined:undefined":6,"s:46:4:49:5":11,"s:47:8:47:Infinity":12,"s:48:8:48:Infinity":13,"s:52:4:52:Infinity":14,"s:54:4:54:Infinity":15,"s:58:31:58:Infinity":16}}}
}
